{"/Users/job/Documents/Infopro/bolt/JFD Famille/backend/src/controllers/authController.ts": {"path":"/Users/job/Documents/Infopro/bolt/JFD Famille/backend/src/controllers/authController.ts","statementMap":{"0":{"start":{"line":2,"column":0},"end":{"line":2,"column":31}},"1":{"start":{"line":3,"column":0},"end":{"line":3,"column":44}},"2":{"start":{"line":6,"column":19},"end":{"line":6,"column":64}},"3":{"start":{"line":7,"column":23},"end":{"line":7,"column":58}},"4":{"start":{"line":14,"column":4},"end":{"line":60,"column":5}},"5":{"start":{"line":15,"column":34},"end":{"line":15,"column":42}},"6":{"start":{"line":18,"column":6},"end":{"line":20,"column":7}},"7":{"start":{"line":19,"column":8},"end":{"line":19,"column":81}},"8":{"start":{"line":23,"column":19},"end":{"line":23,"column":69}},"9":{"start":{"line":25,"column":6},"end":{"line":27,"column":7}},"10":{"start":{"line":26,"column":8},"end":{"line":26,"column":84}},"11":{"start":{"line":30,"column":6},"end":{"line":32,"column":7}},"12":{"start":{"line":31,"column":8},"end":{"line":31,"column":99}},"13":{"start":{"line":35,"column":20},"end":{"line":42,"column":null}},"14":{"start":{"line":46,"column":6},"end":{"line":56,"column":9}},"15":{"start":{"line":58,"column":6},"end":{"line":58,"column":59}},"16":{"start":{"line":59,"column":6},"end":{"line":59,"column":78}},"17":{"start":{"line":67,"column":4},"end":{"line":94,"column":5}},"18":{"start":{"line":69,"column":22},"end":{"line":69,"column":41}},"19":{"start":{"line":71,"column":19},"end":{"line":71,"column":51}},"20":{"start":{"line":73,"column":6},"end":{"line":75,"column":7}},"21":{"start":{"line":74,"column":8},"end":{"line":74,"column":75}},"22":{"start":{"line":78,"column":6},"end":{"line":90,"column":9}},"23":{"start":{"line":92,"column":6},"end":{"line":92,"column":80}},"24":{"start":{"line":93,"column":6},"end":{"line":93,"column":65}},"25":{"start":{"line":102,"column":4},"end":{"line":109,"column":5}},"26":{"start":{"line":103,"column":22},"end":{"line":103,"column":41}},"27":{"start":{"line":105,"column":6},"end":{"line":105,"column":70}},"28":{"start":{"line":107,"column":6},"end":{"line":107,"column":61}},"29":{"start":{"line":108,"column":6},"end":{"line":108,"column":65}},"30":{"start":{"line":116,"column":4},"end":{"line":148,"column":5}},"31":{"start":{"line":117,"column":22},"end":{"line":117,"column":41}},"32":{"start":{"line":118,"column":47},"end":{"line":118,"column":55}},"33":{"start":{"line":121,"column":6},"end":{"line":123,"column":7}},"34":{"start":{"line":122,"column":8},"end":{"line":122,"column":103}},"35":{"start":{"line":126,"column":19},"end":{"line":126,"column":51}},"36":{"start":{"line":128,"column":6},"end":{"line":130,"column":7}},"37":{"start":{"line":129,"column":8},"end":{"line":129,"column":75}},"38":{"start":{"line":133,"column":22},"end":{"line":133,"column":84}},"39":{"start":{"line":135,"column":6},"end":{"line":137,"column":7}},"40":{"start":{"line":136,"column":8},"end":{"line":136,"column":82}},"41":{"start":{"line":140,"column":6},"end":{"line":140,"column":64}},"42":{"start":{"line":144,"column":6},"end":{"line":144,"column":86}},"43":{"start":{"line":146,"column":6},"end":{"line":146,"column":73}},"44":{"start":{"line":147,"column":6},"end":{"line":147,"column":65}},"45":{"start":{"line":152,"column":0},"end":{"line":152,"column":36}}},"fnMap":{"0":{"name":"(anonymous_8)","decl":{"start":{"line":13,"column":8},"end":{"line":13,"column":13}},"loc":{"start":{"line":13,"column":41},"end":{"line":61,"column":null}}},"1":{"name":"(anonymous_10)","decl":{"start":{"line":66,"column":8},"end":{"line":66,"column":22}},"loc":{"start":{"line":66,"column":50},"end":{"line":95,"column":null}}},"2":{"name":"(anonymous_12)","decl":{"start":{"line":101,"column":8},"end":{"line":101,"column":14}},"loc":{"start":{"line":101,"column":42},"end":{"line":110,"column":null}}},"3":{"name":"(anonymous_14)","decl":{"start":{"line":115,"column":8},"end":{"line":115,"column":22}},"loc":{"start":{"line":115,"column":50},"end":{"line":149,"column":null}}}},"branchMap":{"0":{"loc":{"start":{"line":6,"column":19},"end":{"line":6,"column":64}},"type":"binary-expr","locations":[{"start":{"line":6,"column":19},"end":{"line":6,"column":41}},{"start":{"line":6,"column":45},"end":{"line":6,"column":64}}]},"1":{"loc":{"start":{"line":7,"column":23},"end":{"line":7,"column":58}},"type":"binary-expr","locations":[{"start":{"line":7,"column":23},"end":{"line":7,"column":49}},{"start":{"line":7,"column":53},"end":{"line":7,"column":58}}]},"2":{"loc":{"start":{"line":18,"column":6},"end":{"line":20,"column":7}},"type":"if","locations":[{"start":{"line":18,"column":6},"end":{"line":20,"column":7}}]},"3":{"loc":{"start":{"line":18,"column":10},"end":{"line":18,"column":29}},"type":"binary-expr","locations":[{"start":{"line":18,"column":10},"end":{"line":18,"column":16}},{"start":{"line":18,"column":20},"end":{"line":18,"column":29}}]},"4":{"loc":{"start":{"line":25,"column":6},"end":{"line":27,"column":7}},"type":"if","locations":[{"start":{"line":25,"column":6},"end":{"line":27,"column":7}}]},"5":{"loc":{"start":{"line":30,"column":6},"end":{"line":32,"column":7}},"type":"if","locations":[{"start":{"line":30,"column":6},"end":{"line":32,"column":7}}]},"6":{"loc":{"start":{"line":73,"column":6},"end":{"line":75,"column":7}},"type":"if","locations":[{"start":{"line":73,"column":6},"end":{"line":75,"column":7}}]},"7":{"loc":{"start":{"line":121,"column":6},"end":{"line":123,"column":7}},"type":"if","locations":[{"start":{"line":121,"column":6},"end":{"line":123,"column":7}}]},"8":{"loc":{"start":{"line":121,"column":10},"end":{"line":121,"column":42}},"type":"binary-expr","locations":[{"start":{"line":121,"column":10},"end":{"line":121,"column":26}},{"start":{"line":121,"column":30},"end":{"line":121,"column":42}}]},"9":{"loc":{"start":{"line":128,"column":6},"end":{"line":130,"column":7}},"type":"if","locations":[{"start":{"line":128,"column":6},"end":{"line":130,"column":7}}]},"10":{"loc":{"start":{"line":135,"column":6},"end":{"line":137,"column":7}},"type":"if","locations":[{"start":{"line":135,"column":6},"end":{"line":137,"column":7}}]}},"s":{"0":0,"1":0,"2":0,"3":0,"4":0,"5":0,"6":0,"7":0,"8":0,"9":0,"10":0,"11":0,"12":0,"13":0,"14":0,"15":0,"16":0,"17":0,"18":0,"19":0,"20":0,"21":0,"22":0,"23":0,"24":0,"25":0,"26":0,"27":0,"28":0,"29":0,"30":0,"31":0,"32":0,"33":0,"34":0,"35":0,"36":0,"37":0,"38":0,"39":0,"40":0,"41":0,"42":0,"43":0,"44":0,"45":0},"f":{"0":0,"1":0,"2":0,"3":0},"b":{"0":[0,0],"1":[0,0],"2":[0],"3":[0,0],"4":[0],"5":[0],"6":[0],"7":[0],"8":[0,0],"9":[0],"10":[0]}}
,"/Users/job/Documents/Infopro/bolt/JFD Famille/backend/src/controllers/contributionController.ts": {"path":"/Users/job/Documents/Infopro/bolt/JFD Famille/backend/src/controllers/contributionController.ts","statementMap":{"0":{"start":{"line":2,"column":0},"end":{"line":2,"column":78}},"1":{"start":{"line":3,"column":0},"end":{"line":3,"column":48}},"2":{"start":{"line":4,"column":0},"end":{"line":4,"column":24}},"3":{"start":{"line":5,"column":0},"end":{"line":5,"column":20}},"4":{"start":{"line":6,"column":0},"end":{"line":6,"column":36}},"5":{"start":{"line":13,"column":4},"end":{"line":19,"column":5}},"6":{"start":{"line":14,"column":28},"end":{"line":14,"column":73}},"7":{"start":{"line":15,"column":6},"end":{"line":15,"column":49}},"8":{"start":{"line":17,"column":6},"end":{"line":17,"column":80}},"9":{"start":{"line":18,"column":6},"end":{"line":18,"column":99}},"10":{"start":{"line":26,"column":4},"end":{"line":38,"column":5}},"11":{"start":{"line":27,"column":21},"end":{"line":27,"column":31}},"12":{"start":{"line":28,"column":27},"end":{"line":28,"column":74}},"13":{"start":{"line":30,"column":6},"end":{"line":32,"column":7}},"14":{"start":{"line":31,"column":8},"end":{"line":31,"column":77}},"15":{"start":{"line":34,"column":6},"end":{"line":34,"column":48}},"16":{"start":{"line":36,"column":6},"end":{"line":36,"column":98}},"17":{"start":{"line":37,"column":6},"end":{"line":37,"column":100}},"18":{"start":{"line":45,"column":4},"end":{"line":52,"column":5}},"19":{"start":{"line":46,"column":25},"end":{"line":46,"column":35}},"20":{"start":{"line":47,"column":28},"end":{"line":47,"column":84}},"21":{"start":{"line":48,"column":6},"end":{"line":48,"column":49}},"22":{"start":{"line":50,"column":6},"end":{"line":50,"column":118}},"23":{"start":{"line":51,"column":6},"end":{"line":51,"column":117}},"24":{"start":{"line":59,"column":4},"end":{"line":71,"column":5}},"25":{"start":{"line":60,"column":39},"end":{"line":60,"column":49}},"26":{"start":{"line":62,"column":6},"end":{"line":64,"column":7}},"27":{"start":{"line":63,"column":8},"end":{"line":63,"column":76}},"28":{"start":{"line":66,"column":28},"end":{"line":66,"column":98}},"29":{"start":{"line":67,"column":6},"end":{"line":67,"column":49}},"30":{"start":{"line":69,"column":6},"end":{"line":69,"column":91}},"31":{"start":{"line":70,"column":6},"end":{"line":70,"column":110}},"32":{"start":{"line":78,"column":4},"end":{"line":150,"column":5}},"33":{"start":{"line":79,"column":22},"end":{"line":79,"column":41}},"34":{"start":{"line":89,"column":10},"end":{"line":89,"column":18}},"35":{"start":{"line":92,"column":6},"end":{"line":94,"column":7}},"36":{"start":{"line":93,"column":8},"end":{"line":93,"column":108}},"37":{"start":{"line":97,"column":6},"end":{"line":99,"column":7}},"38":{"start":{"line":98,"column":8},"end":{"line":98,"column":90}},"39":{"start":{"line":101,"column":44},"end":{"line":101,"column":53}},"40":{"start":{"line":104,"column":6},"end":{"line":122,"column":7}},"41":{"start":{"line":105,"column":26},"end":{"line":105,"column":61}},"42":{"start":{"line":106,"column":27},"end":{"line":106,"column":59}},"43":{"start":{"line":109,"column":8},"end":{"line":111,"column":9}},"44":{"start":{"line":110,"column":10},"end":{"line":110,"column":88}},"45":{"start":{"line":114,"column":30},"end":{"line":114,"column":65}},"46":{"start":{"line":115,"column":31},"end":{"line":115,"column":60}},"47":{"start":{"line":116,"column":25},"end":{"line":116,"column":62}},"48":{"start":{"line":119,"column":8},"end":{"line":119,"column":79}},"49":{"start":{"line":121,"column":8},"end":{"line":121,"column":31}},"50":{"start":{"line":125,"column":30},"end":{"line":135,"column":8}},"51":{"start":{"line":138,"column":6},"end":{"line":144,"column":9}},"52":{"start":{"line":146,"column":6},"end":{"line":146,"column":51}},"53":{"start":{"line":148,"column":6},"end":{"line":148,"column":77}},"54":{"start":{"line":149,"column":6},"end":{"line":149,"column":96}},"55":{"start":{"line":157,"column":4},"end":{"line":235,"column":5}},"56":{"start":{"line":158,"column":21},"end":{"line":158,"column":31}},"57":{"start":{"line":159,"column":22},"end":{"line":159,"column":41}},"58":{"start":{"line":162,"column":35},"end":{"line":162,"column":82}},"59":{"start":{"line":163,"column":6},"end":{"line":165,"column":7}},"60":{"start":{"line":164,"column":8},"end":{"line":164,"column":77}},"61":{"start":{"line":173,"column":10},"end":{"line":173,"column":18}},"62":{"start":{"line":176,"column":48},"end":{"line":176,"column":50}},"63":{"start":{"line":178,"column":6},"end":{"line":183,"column":7}},"64":{"start":{"line":179,"column":8},"end":{"line":181,"column":9}},"65":{"start":{"line":180,"column":10},"end":{"line":180,"column":92}},"66":{"start":{"line":182,"column":8},"end":{"line":182,"column":47}},"67":{"start":{"line":185,"column":6},"end":{"line":185,"column":87}},"68":{"start":{"line":185,"column":38},"end":{"line":185,"column":87}},"69":{"start":{"line":186,"column":6},"end":{"line":186,"column":83}},"70":{"start":{"line":186,"column":40},"end":{"line":186,"column":83}},"71":{"start":{"line":187,"column":6},"end":{"line":187,"column":59}},"72":{"start":{"line":187,"column":32},"end":{"line":187,"column":59}},"73":{"start":{"line":188,"column":6},"end":{"line":188,"column":56}},"74":{"start":{"line":188,"column":31},"end":{"line":188,"column":56}},"75":{"start":{"line":191,"column":6},"end":{"line":217,"column":7}},"76":{"start":{"line":192,"column":26},"end":{"line":192,"column":61}},"77":{"start":{"line":193,"column":27},"end":{"line":193,"column":59}},"78":{"start":{"line":196,"column":8},"end":{"line":198,"column":9}},"79":{"start":{"line":197,"column":10},"end":{"line":197,"column":88}},"80":{"start":{"line":201,"column":8},"end":{"line":206,"column":9}},"81":{"start":{"line":202,"column":30},"end":{"line":202,"column":94}},"82":{"start":{"line":203,"column":10},"end":{"line":205,"column":11}},"83":{"start":{"line":204,"column":12},"end":{"line":204,"column":39}},"84":{"start":{"line":209,"column":30},"end":{"line":209,"column":65}},"85":{"start":{"line":210,"column":31},"end":{"line":210,"column":60}},"86":{"start":{"line":211,"column":25},"end":{"line":211,"column":62}},"87":{"start":{"line":214,"column":8},"end":{"line":214,"column":79}},"88":{"start":{"line":216,"column":8},"end":{"line":216,"column":42}},"89":{"start":{"line":220,"column":34},"end":{"line":220,"column":92}},"90":{"start":{"line":223,"column":6},"end":{"line":229,"column":9}},"91":{"start":{"line":231,"column":6},"end":{"line":231,"column":55}},"92":{"start":{"line":233,"column":6},"end":{"line":233,"column":97}},"93":{"start":{"line":234,"column":6},"end":{"line":234,"column":99}},"94":{"start":{"line":242,"column":4},"end":{"line":280,"column":5}},"95":{"start":{"line":243,"column":21},"end":{"line":243,"column":31}},"96":{"start":{"line":244,"column":22},"end":{"line":244,"column":41}},"97":{"start":{"line":247,"column":27},"end":{"line":247,"column":74}},"98":{"start":{"line":248,"column":6},"end":{"line":250,"column":7}},"99":{"start":{"line":249,"column":8},"end":{"line":249,"column":77}},"100":{"start":{"line":253,"column":6},"end":{"line":258,"column":7}},"101":{"start":{"line":254,"column":25},"end":{"line":254,"column":81}},"102":{"start":{"line":255,"column":8},"end":{"line":257,"column":9}},"103":{"start":{"line":256,"column":10},"end":{"line":256,"column":34}},"104":{"start":{"line":261,"column":22},"end":{"line":261,"column":68}},"105":{"start":{"line":263,"column":6},"end":{"line":265,"column":7}},"106":{"start":{"line":264,"column":8},"end":{"line":264,"column":101}},"107":{"start":{"line":268,"column":6},"end":{"line":274,"column":9}},"108":{"start":{"line":276,"column":6},"end":{"line":276,"column":85}},"109":{"start":{"line":278,"column":6},"end":{"line":278,"column":97}},"110":{"start":{"line":279,"column":6},"end":{"line":279,"column":99}},"111":{"start":{"line":287,"column":4},"end":{"line":332,"column":5}},"112":{"start":{"line":288,"column":21},"end":{"line":288,"column":31}},"113":{"start":{"line":289,"column":22},"end":{"line":289,"column":41}},"114":{"start":{"line":292,"column":27},"end":{"line":292,"column":74}},"115":{"start":{"line":293,"column":6},"end":{"line":296,"column":7}},"116":{"start":{"line":294,"column":8},"end":{"line":294,"column":70}},"117":{"start":{"line":295,"column":8},"end":{"line":295,"column":15}},"118":{"start":{"line":299,"column":6},"end":{"line":302,"column":7}},"119":{"start":{"line":300,"column":8},"end":{"line":300,"column":91}},"120":{"start":{"line":301,"column":8},"end":{"line":301,"column":15}},"121":{"start":{"line":305,"column":23},"end":{"line":305,"column":79}},"122":{"start":{"line":308,"column":6},"end":{"line":311,"column":7}},"123":{"start":{"line":309,"column":8},"end":{"line":309,"column":87}},"124":{"start":{"line":310,"column":8},"end":{"line":310,"column":15}},"125":{"start":{"line":314,"column":6},"end":{"line":320,"column":9}},"126":{"start":{"line":323,"column":6},"end":{"line":328,"column":9}},"127":{"start":{"line":324,"column":8},"end":{"line":327,"column":9}},"128":{"start":{"line":325,"column":10},"end":{"line":325,"column":71}},"129":{"start":{"line":326,"column":10},"end":{"line":326,"column":85}},"130":{"start":{"line":330,"column":6},"end":{"line":330,"column":105}},"131":{"start":{"line":331,"column":6},"end":{"line":331,"column":81}},"132":{"start":{"line":339,"column":4},"end":{"line":345,"column":5}},"133":{"start":{"line":340,"column":22},"end":{"line":340,"column":67}},"134":{"start":{"line":341,"column":6},"end":{"line":341,"column":43}},"135":{"start":{"line":343,"column":6},"end":{"line":343,"column":82}},"136":{"start":{"line":344,"column":6},"end":{"line":344,"column":101}},"137":{"start":{"line":352,"column":4},"end":{"line":359,"column":5}},"138":{"start":{"line":353,"column":25},"end":{"line":353,"column":35}},"139":{"start":{"line":354,"column":22},"end":{"line":354,"column":77}},"140":{"start":{"line":355,"column":6},"end":{"line":355,"column":43}},"141":{"start":{"line":357,"column":6},"end":{"line":357,"column":120}},"142":{"start":{"line":358,"column":6},"end":{"line":358,"column":119}},"143":{"start":{"line":366,"column":4},"end":{"line":373,"column":5}},"144":{"start":{"line":367,"column":19},"end":{"line":367,"column":82}},"145":{"start":{"line":368,"column":22},"end":{"line":368,"column":78}},"146":{"start":{"line":369,"column":6},"end":{"line":369,"column":43}},"147":{"start":{"line":371,"column":6},"end":{"line":371,"column":90}},"148":{"start":{"line":372,"column":6},"end":{"line":372,"column":109}},"149":{"start":{"line":380,"column":4},"end":{"line":386,"column":5}},"150":{"start":{"line":381,"column":22},"end":{"line":381,"column":73}},"151":{"start":{"line":382,"column":6},"end":{"line":382,"column":43}},"152":{"start":{"line":384,"column":6},"end":{"line":384,"column":89}},"153":{"start":{"line":385,"column":6},"end":{"line":385,"column":108}},"154":{"start":{"line":393,"column":4},"end":{"line":399,"column":5}},"155":{"start":{"line":394,"column":20},"end":{"line":394,"column":67}},"156":{"start":{"line":395,"column":6},"end":{"line":395,"column":41}},"157":{"start":{"line":397,"column":6},"end":{"line":397,"column":102}},"158":{"start":{"line":398,"column":6},"end":{"line":398,"column":121}},"159":{"start":{"line":406,"column":4},"end":{"line":413,"column":5}},"160":{"start":{"line":407,"column":20},"end":{"line":407,"column":78}},"161":{"start":{"line":408,"column":27},"end":{"line":408,"column":76}},"162":{"start":{"line":409,"column":6},"end":{"line":409,"column":48}},"163":{"start":{"line":411,"column":6},"end":{"line":411,"column":84}},"164":{"start":{"line":412,"column":6},"end":{"line":412,"column":103}},"165":{"start":{"line":8,"column":0},"end":{"line":8,"column":13}},"166":{"start":{"line":417,"column":0},"end":{"line":417,"column":44}}},"fnMap":{"0":{"name":"(anonymous_8)","decl":{"start":{"line":12,"column":8},"end":{"line":12,"column":27}},"loc":{"start":{"line":12,"column":55},"end":{"line":20,"column":null}}},"1":{"name":"(anonymous_10)","decl":{"start":{"line":25,"column":8},"end":{"line":25,"column":27}},"loc":{"start":{"line":25,"column":55},"end":{"line":39,"column":null}}},"2":{"name":"(anonymous_12)","decl":{"start":{"line":44,"column":8},"end":{"line":44,"column":32}},"loc":{"start":{"line":44,"column":60},"end":{"line":53,"column":null}}},"3":{"name":"(anonymous_14)","decl":{"start":{"line":58,"column":8},"end":{"line":58,"column":32}},"loc":{"start":{"line":58,"column":60},"end":{"line":72,"column":null}}},"4":{"name":"(anonymous_16)","decl":{"start":{"line":77,"column":8},"end":{"line":77,"column":26}},"loc":{"start":{"line":77,"column":54},"end":{"line":151,"column":null}}},"5":{"name":"(anonymous_18)","decl":{"start":{"line":156,"column":8},"end":{"line":156,"column":26}},"loc":{"start":{"line":156,"column":54},"end":{"line":236,"column":null}}},"6":{"name":"(anonymous_20)","decl":{"start":{"line":241,"column":8},"end":{"line":241,"column":26}},"loc":{"start":{"line":241,"column":54},"end":{"line":281,"column":null}}},"7":{"name":"(anonymous_22)","decl":{"start":{"line":286,"column":8},"end":{"line":286,"column":23}},"loc":{"start":{"line":286,"column":51},"end":{"line":333,"column":null}}},"8":{"name":"(anonymous_24)","decl":{"start":{"line":323,"column":84},"end":{"line":323,"column":85}},"loc":{"start":{"line":323,"column":92},"end":{"line":328,"column":7}}},"9":{"name":"(anonymous_25)","decl":{"start":{"line":338,"column":8},"end":{"line":338,"column":27}},"loc":{"start":{"line":338,"column":55},"end":{"line":346,"column":null}}},"10":{"name":"(anonymous_27)","decl":{"start":{"line":351,"column":8},"end":{"line":351,"column":31}},"loc":{"start":{"line":351,"column":59},"end":{"line":360,"column":null}}},"11":{"name":"(anonymous_29)","decl":{"start":{"line":365,"column":8},"end":{"line":365,"column":34}},"loc":{"start":{"line":365,"column":62},"end":{"line":374,"column":null}}},"12":{"name":"(anonymous_31)","decl":{"start":{"line":379,"column":8},"end":{"line":379,"column":33}},"loc":{"start":{"line":379,"column":61},"end":{"line":387,"column":null}}},"13":{"name":"(anonymous_33)","decl":{"start":{"line":392,"column":8},"end":{"line":392,"column":29}},"loc":{"start":{"line":392,"column":57},"end":{"line":400,"column":null}}},"14":{"name":"(anonymous_35)","decl":{"start":{"line":405,"column":8},"end":{"line":405,"column":26}},"loc":{"start":{"line":405,"column":54},"end":{"line":414,"column":null}}}},"branchMap":{"0":{"loc":{"start":{"line":30,"column":6},"end":{"line":32,"column":7}},"type":"if","locations":[{"start":{"line":30,"column":6},"end":{"line":32,"column":7}}]},"1":{"loc":{"start":{"line":62,"column":6},"end":{"line":64,"column":7}},"type":"if","locations":[{"start":{"line":62,"column":6},"end":{"line":64,"column":7}}]},"2":{"loc":{"start":{"line":92,"column":6},"end":{"line":94,"column":7}},"type":"if","locations":[{"start":{"line":92,"column":6},"end":{"line":94,"column":7}}]},"3":{"loc":{"start":{"line":92,"column":10},"end":{"line":92,"column":92}},"type":"binary-expr","locations":[{"start":{"line":92,"column":10},"end":{"line":92,"column":18}},{"start":{"line":92,"column":22},"end":{"line":92,"column":29}},{"start":{"line":92,"column":33},"end":{"line":92,"column":46}},{"start":{"line":92,"column":50},"end":{"line":92,"column":65}},{"start":{"line":92,"column":69},"end":{"line":92,"column":76}},{"start":{"line":92,"column":80},"end":{"line":92,"column":92}}]},"4":{"loc":{"start":{"line":97,"column":6},"end":{"line":99,"column":7}},"type":"if","locations":[{"start":{"line":97,"column":6},"end":{"line":99,"column":7}}]},"5":{"loc":{"start":{"line":104,"column":6},"end":{"line":122,"column":7}},"type":"if","locations":[{"start":{"line":104,"column":6},"end":{"line":122,"column":7}}]},"6":{"loc":{"start":{"line":105,"column":26},"end":{"line":105,"column":61}},"type":"binary-expr","locations":[{"start":{"line":105,"column":26},"end":{"line":105,"column":48}},{"start":{"line":105,"column":52},"end":{"line":105,"column":61}}]},"7":{"loc":{"start":{"line":109,"column":8},"end":{"line":111,"column":9}},"type":"if","locations":[{"start":{"line":109,"column":8},"end":{"line":111,"column":9}}]},"8":{"loc":{"start":{"line":163,"column":6},"end":{"line":165,"column":7}},"type":"if","locations":[{"start":{"line":163,"column":6},"end":{"line":165,"column":7}}]},"9":{"loc":{"start":{"line":178,"column":6},"end":{"line":183,"column":7}},"type":"if","locations":[{"start":{"line":178,"column":6},"end":{"line":183,"column":7}}]},"10":{"loc":{"start":{"line":179,"column":8},"end":{"line":181,"column":9}},"type":"if","locations":[{"start":{"line":179,"column":8},"end":{"line":181,"column":9}}]},"11":{"loc":{"start":{"line":185,"column":6},"end":{"line":185,"column":87}},"type":"if","locations":[{"start":{"line":185,"column":6},"end":{"line":185,"column":87}}]},"12":{"loc":{"start":{"line":186,"column":6},"end":{"line":186,"column":83}},"type":"if","locations":[{"start":{"line":186,"column":6},"end":{"line":186,"column":83}}]},"13":{"loc":{"start":{"line":187,"column":6},"end":{"line":187,"column":59}},"type":"if","locations":[{"start":{"line":187,"column":6},"end":{"line":187,"column":59}}]},"14":{"loc":{"start":{"line":188,"column":6},"end":{"line":188,"column":56}},"type":"if","locations":[{"start":{"line":188,"column":6},"end":{"line":188,"column":56}}]},"15":{"loc":{"start":{"line":191,"column":6},"end":{"line":217,"column":7}},"type":"if","locations":[{"start":{"line":191,"column":6},"end":{"line":217,"column":7}}]},"16":{"loc":{"start":{"line":192,"column":26},"end":{"line":192,"column":61}},"type":"binary-expr","locations":[{"start":{"line":192,"column":26},"end":{"line":192,"column":48}},{"start":{"line":192,"column":52},"end":{"line":192,"column":61}}]},"17":{"loc":{"start":{"line":196,"column":8},"end":{"line":198,"column":9}},"type":"if","locations":[{"start":{"line":196,"column":8},"end":{"line":198,"column":9}}]},"18":{"loc":{"start":{"line":201,"column":8},"end":{"line":206,"column":9}},"type":"if","locations":[{"start":{"line":201,"column":8},"end":{"line":206,"column":9}}]},"19":{"loc":{"start":{"line":203,"column":10},"end":{"line":205,"column":11}},"type":"if","locations":[{"start":{"line":203,"column":10},"end":{"line":205,"column":11}}]},"20":{"loc":{"start":{"line":248,"column":6},"end":{"line":250,"column":7}},"type":"if","locations":[{"start":{"line":248,"column":6},"end":{"line":250,"column":7}}]},"21":{"loc":{"start":{"line":253,"column":6},"end":{"line":258,"column":7}},"type":"if","locations":[{"start":{"line":253,"column":6},"end":{"line":258,"column":7}}]},"22":{"loc":{"start":{"line":255,"column":8},"end":{"line":257,"column":9}},"type":"if","locations":[{"start":{"line":255,"column":8},"end":{"line":257,"column":9}}]},"23":{"loc":{"start":{"line":263,"column":6},"end":{"line":265,"column":7}},"type":"if","locations":[{"start":{"line":263,"column":6},"end":{"line":265,"column":7}}]},"24":{"loc":{"start":{"line":293,"column":6},"end":{"line":296,"column":7}},"type":"if","locations":[{"start":{"line":293,"column":6},"end":{"line":296,"column":7}}]},"25":{"loc":{"start":{"line":299,"column":6},"end":{"line":302,"column":7}},"type":"if","locations":[{"start":{"line":299,"column":6},"end":{"line":302,"column":7}}]},"26":{"loc":{"start":{"line":308,"column":6},"end":{"line":311,"column":7}},"type":"if","locations":[{"start":{"line":308,"column":6},"end":{"line":311,"column":7}}]},"27":{"loc":{"start":{"line":324,"column":8},"end":{"line":327,"column":9}},"type":"if","locations":[{"start":{"line":324,"column":8},"end":{"line":327,"column":9}}]},"28":{"loc":{"start":{"line":367,"column":19},"end":{"line":367,"column":82}},"type":"cond-expr","locations":[{"start":{"line":367,"column":36},"end":{"line":367,"column":70}},{"start":{"line":367,"column":73},"end":{"line":367,"column":82}}]},"29":{"loc":{"start":{"line":407,"column":20},"end":{"line":407,"column":78}},"type":"cond-expr","locations":[{"start":{"line":407,"column":38},"end":{"line":407,"column":73}},{"start":{"line":407,"column":76},"end":{"line":407,"column":78}}]}},"s":{"0":0,"1":0,"2":0,"3":0,"4":0,"5":0,"6":0,"7":0,"8":0,"9":0,"10":0,"11":0,"12":0,"13":0,"14":0,"15":0,"16":0,"17":0,"18":0,"19":0,"20":0,"21":0,"22":0,"23":0,"24":0,"25":0,"26":0,"27":0,"28":0,"29":0,"30":0,"31":0,"32":0,"33":0,"34":0,"35":0,"36":0,"37":0,"38":0,"39":0,"40":0,"41":0,"42":0,"43":0,"44":0,"45":0,"46":0,"47":0,"48":0,"49":0,"50":0,"51":0,"52":0,"53":0,"54":0,"55":0,"56":0,"57":0,"58":0,"59":0,"60":0,"61":0,"62":0,"63":0,"64":0,"65":0,"66":0,"67":0,"68":0,"69":0,"70":0,"71":0,"72":0,"73":0,"74":0,"75":0,"76":0,"77":0,"78":0,"79":0,"80":0,"81":0,"82":0,"83":0,"84":0,"85":0,"86":0,"87":0,"88":0,"89":0,"90":0,"91":0,"92":0,"93":0,"94":0,"95":0,"96":0,"97":0,"98":0,"99":0,"100":0,"101":0,"102":0,"103":0,"104":0,"105":0,"106":0,"107":0,"108":0,"109":0,"110":0,"111":0,"112":0,"113":0,"114":0,"115":0,"116":0,"117":0,"118":0,"119":0,"120":0,"121":0,"122":0,"123":0,"124":0,"125":0,"126":0,"127":0,"128":0,"129":0,"130":0,"131":0,"132":0,"133":0,"134":0,"135":0,"136":0,"137":0,"138":0,"139":0,"140":0,"141":0,"142":0,"143":0,"144":0,"145":0,"146":0,"147":0,"148":0,"149":0,"150":0,"151":0,"152":0,"153":0,"154":0,"155":0,"156":0,"157":0,"158":0,"159":0,"160":0,"161":0,"162":0,"163":0,"164":0,"165":0,"166":0},"f":{"0":0,"1":0,"2":0,"3":0,"4":0,"5":0,"6":0,"7":0,"8":0,"9":0,"10":0,"11":0,"12":0,"13":0,"14":0},"b":{"0":[0],"1":[0],"2":[0],"3":[0,0,0,0,0,0],"4":[0],"5":[0],"6":[0,0],"7":[0],"8":[0],"9":[0],"10":[0],"11":[0],"12":[0],"13":[0],"14":[0],"15":[0],"16":[0,0],"17":[0],"18":[0],"19":[0],"20":[0],"21":[0],"22":[0],"23":[0],"24":[0],"25":[0],"26":[0],"27":[0],"28":[0,0],"29":[0,0]}}
,"/Users/job/Documents/Infopro/bolt/JFD Famille/backend/src/controllers/documentController.ts": {"path":"/Users/job/Documents/Infopro/bolt/JFD Famille/backend/src/controllers/documentController.ts","statementMap":{"0":{"start":{"line":2,"column":0},"end":{"line":2,"column":56}},"1":{"start":{"line":3,"column":0},"end":{"line":3,"column":24}},"2":{"start":{"line":4,"column":0},"end":{"line":4,"column":20}},"3":{"start":{"line":5,"column":0},"end":{"line":5,"column":36}},"4":{"start":{"line":6,"column":0},"end":{"line":6,"column":48}},"5":{"start":{"line":13,"column":4},"end":{"line":13,"column":45}},"6":{"start":{"line":14,"column":4},"end":{"line":14,"column":57}},"7":{"start":{"line":20,"column":4},"end":{"line":26,"column":5}},"8":{"start":{"line":21,"column":24},"end":{"line":21,"column":66}},"9":{"start":{"line":22,"column":6},"end":{"line":22,"column":45}},"10":{"start":{"line":24,"column":6},"end":{"line":24,"column":76}},"11":{"start":{"line":25,"column":6},"end":{"line":25,"column":95}},"12":{"start":{"line":30,"column":4},"end":{"line":42,"column":5}},"13":{"start":{"line":31,"column":21},"end":{"line":31,"column":31}},"14":{"start":{"line":32,"column":23},"end":{"line":32,"column":67}},"15":{"start":{"line":34,"column":6},"end":{"line":36,"column":7}},"16":{"start":{"line":35,"column":8},"end":{"line":35,"column":72}},"17":{"start":{"line":38,"column":6},"end":{"line":38,"column":44}},"18":{"start":{"line":40,"column":6},"end":{"line":40,"column":74}},"19":{"start":{"line":41,"column":6},"end":{"line":41,"column":93}},"20":{"start":{"line":46,"column":4},"end":{"line":53,"column":5}},"21":{"start":{"line":47,"column":29},"end":{"line":47,"column":39}},"22":{"start":{"line":48,"column":24},"end":{"line":48,"column":83}},"23":{"start":{"line":49,"column":6},"end":{"line":49,"column":45}},"24":{"start":{"line":51,"column":6},"end":{"line":51,"column":90}},"25":{"start":{"line":52,"column":6},"end":{"line":52,"column":109}},"26":{"start":{"line":57,"column":4},"end":{"line":64,"column":5}},"27":{"start":{"line":58,"column":25},"end":{"line":58,"column":35}},"28":{"start":{"line":59,"column":24},"end":{"line":59,"column":75}},"29":{"start":{"line":60,"column":6},"end":{"line":60,"column":45}},"30":{"start":{"line":62,"column":6},"end":{"line":62,"column":92}},"31":{"start":{"line":63,"column":6},"end":{"line":63,"column":111}},"32":{"start":{"line":68,"column":4},"end":{"line":111,"column":5}},"33":{"start":{"line":70,"column":6},"end":{"line":72,"column":7}},"34":{"start":{"line":71,"column":8},"end":{"line":71,"column":86}},"35":{"start":{"line":74,"column":50},"end":{"line":74,"column":58}},"36":{"start":{"line":75,"column":22},"end":{"line":75,"column":41}},"37":{"start":{"line":78,"column":28},"end":{"line":78,"column":63}},"38":{"start":{"line":79,"column":29},"end":{"line":79,"column":58}},"39":{"start":{"line":82,"column":23},"end":{"line":82,"column":64}},"40":{"start":{"line":85,"column":6},"end":{"line":85,"column":77}},"41":{"start":{"line":88,"column":26},"end":{"line":96,"column":8}},"42":{"start":{"line":99,"column":6},"end":{"line":105,"column":9}},"43":{"start":{"line":107,"column":6},"end":{"line":107,"column":47}},"44":{"start":{"line":109,"column":6},"end":{"line":109,"column":73}},"45":{"start":{"line":110,"column":6},"end":{"line":110,"column":92}},"46":{"start":{"line":115,"column":4},"end":{"line":170,"column":5}},"47":{"start":{"line":116,"column":21},"end":{"line":116,"column":31}},"48":{"start":{"line":117,"column":50},"end":{"line":117,"column":58}},"49":{"start":{"line":118,"column":22},"end":{"line":118,"column":41}},"50":{"start":{"line":121,"column":31},"end":{"line":121,"column":75}},"51":{"start":{"line":122,"column":6},"end":{"line":124,"column":7}},"52":{"start":{"line":123,"column":8},"end":{"line":123,"column":72}},"53":{"start":{"line":127,"column":30},"end":{"line":127,"column":32}},"54":{"start":{"line":128,"column":6},"end":{"line":128,"column":56}},"55":{"start":{"line":128,"column":31},"end":{"line":128,"column":56}},"56":{"start":{"line":129,"column":6},"end":{"line":129,"column":74}},"57":{"start":{"line":129,"column":37},"end":{"line":129,"column":74}},"58":{"start":{"line":130,"column":6},"end":{"line":130,"column":82}},"59":{"start":{"line":130,"column":37},"end":{"line":130,"column":82}},"60":{"start":{"line":133,"column":6},"end":{"line":152,"column":7}},"61":{"start":{"line":135,"column":28},"end":{"line":135,"column":86}},"62":{"start":{"line":136,"column":8},"end":{"line":138,"column":9}},"63":{"start":{"line":137,"column":10},"end":{"line":137,"column":37}},"64":{"start":{"line":141,"column":30},"end":{"line":141,"column":65}},"65":{"start":{"line":142,"column":31},"end":{"line":142,"column":60}},"66":{"start":{"line":143,"column":25},"end":{"line":143,"column":66}},"67":{"start":{"line":146,"column":8},"end":{"line":146,"column":79}},"68":{"start":{"line":149,"column":8},"end":{"line":149,"column":40}},"69":{"start":{"line":150,"column":8},"end":{"line":150,"column":49}},"70":{"start":{"line":151,"column":8},"end":{"line":151,"column":45}},"71":{"start":{"line":155,"column":30},"end":{"line":155,"column":85}},"72":{"start":{"line":158,"column":6},"end":{"line":164,"column":9}},"73":{"start":{"line":166,"column":6},"end":{"line":166,"column":51}},"74":{"start":{"line":168,"column":6},"end":{"line":168,"column":73}},"75":{"start":{"line":169,"column":6},"end":{"line":169,"column":92}},"76":{"start":{"line":174,"column":4},"end":{"line":210,"column":5}},"77":{"start":{"line":175,"column":21},"end":{"line":175,"column":31}},"78":{"start":{"line":176,"column":22},"end":{"line":176,"column":41}},"79":{"start":{"line":179,"column":23},"end":{"line":179,"column":67}},"80":{"start":{"line":180,"column":6},"end":{"line":182,"column":7}},"81":{"start":{"line":181,"column":8},"end":{"line":181,"column":72}},"82":{"start":{"line":185,"column":23},"end":{"line":185,"column":73}},"83":{"start":{"line":186,"column":6},"end":{"line":188,"column":7}},"84":{"start":{"line":187,"column":8},"end":{"line":187,"column":32}},"85":{"start":{"line":191,"column":22},"end":{"line":191,"column":65}},"86":{"start":{"line":193,"column":6},"end":{"line":195,"column":7}},"87":{"start":{"line":194,"column":8},"end":{"line":194,"column":94}},"88":{"start":{"line":198,"column":6},"end":{"line":204,"column":9}},"89":{"start":{"line":206,"column":6},"end":{"line":206,"column":80}},"90":{"start":{"line":208,"column":6},"end":{"line":208,"column":73}},"91":{"start":{"line":209,"column":6},"end":{"line":209,"column":92}},"92":{"start":{"line":214,"column":4},"end":{"line":253,"column":5}},"93":{"start":{"line":215,"column":21},"end":{"line":215,"column":31}},"94":{"start":{"line":216,"column":22},"end":{"line":216,"column":41}},"95":{"start":{"line":219,"column":23},"end":{"line":219,"column":67}},"96":{"start":{"line":220,"column":6},"end":{"line":223,"column":7}},"97":{"start":{"line":221,"column":8},"end":{"line":221,"column":65}},"98":{"start":{"line":222,"column":8},"end":{"line":222,"column":15}},"99":{"start":{"line":226,"column":23},"end":{"line":226,"column":73}},"100":{"start":{"line":229,"column":6},"end":{"line":232,"column":7}},"101":{"start":{"line":230,"column":8},"end":{"line":230,"column":79}},"102":{"start":{"line":231,"column":8},"end":{"line":231,"column":15}},"103":{"start":{"line":235,"column":6},"end":{"line":241,"column":9}},"104":{"start":{"line":244,"column":6},"end":{"line":249,"column":9}},"105":{"start":{"line":245,"column":8},"end":{"line":248,"column":9}},"106":{"start":{"line":246,"column":10},"end":{"line":246,"column":74}},"107":{"start":{"line":247,"column":10},"end":{"line":247,"column":88}},"108":{"start":{"line":251,"column":6},"end":{"line":251,"column":73}},"109":{"start":{"line":252,"column":6},"end":{"line":252,"column":85}},"110":{"start":{"line":259,"column":4},"end":{"line":265,"column":5}},"111":{"start":{"line":260,"column":25},"end":{"line":260,"column":68}},"112":{"start":{"line":261,"column":6},"end":{"line":261,"column":46}},"113":{"start":{"line":263,"column":6},"end":{"line":263,"column":77}},"114":{"start":{"line":264,"column":6},"end":{"line":264,"column":96}},"115":{"start":{"line":269,"column":4},"end":{"line":281,"column":5}},"116":{"start":{"line":270,"column":21},"end":{"line":270,"column":31}},"117":{"start":{"line":271,"column":23},"end":{"line":271,"column":67}},"118":{"start":{"line":273,"column":6},"end":{"line":275,"column":7}},"119":{"start":{"line":274,"column":8},"end":{"line":274,"column":74}},"120":{"start":{"line":277,"column":6},"end":{"line":277,"column":44}},"121":{"start":{"line":279,"column":6},"end":{"line":279,"column":78}},"122":{"start":{"line":280,"column":6},"end":{"line":280,"column":97}},"123":{"start":{"line":285,"column":4},"end":{"line":312,"column":5}},"124":{"start":{"line":286,"column":36},"end":{"line":286,"column":44}},"125":{"start":{"line":287,"column":22},"end":{"line":287,"column":41}},"126":{"start":{"line":289,"column":6},"end":{"line":291,"column":7}},"127":{"start":{"line":290,"column":8},"end":{"line":290,"column":86}},"128":{"start":{"line":293,"column":26},"end":{"line":297,"column":8}},"129":{"start":{"line":300,"column":6},"end":{"line":306,"column":9}},"130":{"start":{"line":308,"column":6},"end":{"line":308,"column":47}},"131":{"start":{"line":310,"column":6},"end":{"line":310,"column":74}},"132":{"start":{"line":311,"column":6},"end":{"line":311,"column":93}},"133":{"start":{"line":316,"column":4},"end":{"line":348,"column":5}},"134":{"start":{"line":317,"column":21},"end":{"line":317,"column":31}},"135":{"start":{"line":318,"column":36},"end":{"line":318,"column":44}},"136":{"start":{"line":319,"column":22},"end":{"line":319,"column":41}},"137":{"start":{"line":322,"column":31},"end":{"line":322,"column":75}},"138":{"start":{"line":323,"column":6},"end":{"line":325,"column":7}},"139":{"start":{"line":324,"column":8},"end":{"line":324,"column":74}},"140":{"start":{"line":328,"column":30},"end":{"line":328,"column":32}},"141":{"start":{"line":329,"column":6},"end":{"line":329,"column":53}},"142":{"start":{"line":329,"column":30},"end":{"line":329,"column":53}},"143":{"start":{"line":330,"column":6},"end":{"line":330,"column":74}},"144":{"start":{"line":330,"column":37},"end":{"line":330,"column":74}},"145":{"start":{"line":333,"column":30},"end":{"line":333,"column":85}},"146":{"start":{"line":336,"column":6},"end":{"line":342,"column":9}},"147":{"start":{"line":344,"column":6},"end":{"line":344,"column":51}},"148":{"start":{"line":346,"column":6},"end":{"line":346,"column":77}},"149":{"start":{"line":347,"column":6},"end":{"line":347,"column":96}},"150":{"start":{"line":352,"column":4},"end":{"line":382,"column":5}},"151":{"start":{"line":353,"column":21},"end":{"line":353,"column":31}},"152":{"start":{"line":354,"column":22},"end":{"line":354,"column":41}},"153":{"start":{"line":357,"column":23},"end":{"line":357,"column":67}},"154":{"start":{"line":358,"column":6},"end":{"line":360,"column":7}},"155":{"start":{"line":359,"column":8},"end":{"line":359,"column":74}},"156":{"start":{"line":363,"column":22},"end":{"line":363,"column":65}},"157":{"start":{"line":365,"column":6},"end":{"line":367,"column":7}},"158":{"start":{"line":366,"column":8},"end":{"line":366,"column":98}},"159":{"start":{"line":370,"column":6},"end":{"line":376,"column":9}},"160":{"start":{"line":378,"column":6},"end":{"line":378,"column":82}},"161":{"start":{"line":380,"column":6},"end":{"line":380,"column":77}},"162":{"start":{"line":381,"column":6},"end":{"line":381,"column":96}},"163":{"start":{"line":8,"column":0},"end":{"line":8,"column":13}}},"fnMap":{"0":{"name":"(anonymous_8)","decl":{"start":{"line":12,"column":2},"end":{"line":12,"column":null}},"loc":{"start":{"line":12,"column":2},"end":{"line":15,"column":3}}},"1":{"name":"(anonymous_9)","decl":{"start":{"line":19,"column":8},"end":{"line":19,"column":23}},"loc":{"start":{"line":19,"column":51},"end":{"line":27,"column":null}}},"2":{"name":"(anonymous_11)","decl":{"start":{"line":29,"column":8},"end":{"line":29,"column":23}},"loc":{"start":{"line":29,"column":51},"end":{"line":43,"column":null}}},"3":{"name":"(anonymous_13)","decl":{"start":{"line":45,"column":8},"end":{"line":45,"column":30}},"loc":{"start":{"line":45,"column":58},"end":{"line":54,"column":null}}},"4":{"name":"(anonymous_15)","decl":{"start":{"line":56,"column":8},"end":{"line":56,"column":26}},"loc":{"start":{"line":56,"column":54},"end":{"line":65,"column":null}}},"5":{"name":"(anonymous_17)","decl":{"start":{"line":67,"column":8},"end":{"line":67,"column":22}},"loc":{"start":{"line":67,"column":50},"end":{"line":112,"column":null}}},"6":{"name":"(anonymous_19)","decl":{"start":{"line":114,"column":8},"end":{"line":114,"column":22}},"loc":{"start":{"line":114,"column":50},"end":{"line":171,"column":null}}},"7":{"name":"(anonymous_21)","decl":{"start":{"line":173,"column":8},"end":{"line":173,"column":22}},"loc":{"start":{"line":173,"column":50},"end":{"line":211,"column":null}}},"8":{"name":"(anonymous_23)","decl":{"start":{"line":213,"column":8},"end":{"line":213,"column":24}},"loc":{"start":{"line":213,"column":52},"end":{"line":254,"column":null}}},"9":{"name":"(anonymous_25)","decl":{"start":{"line":244,"column":80},"end":{"line":244,"column":81}},"loc":{"start":{"line":244,"column":88},"end":{"line":249,"column":7}}},"10":{"name":"(anonymous_26)","decl":{"start":{"line":258,"column":8},"end":{"line":258,"column":24}},"loc":{"start":{"line":258,"column":52},"end":{"line":266,"column":null}}},"11":{"name":"(anonymous_28)","decl":{"start":{"line":268,"column":8},"end":{"line":268,"column":23}},"loc":{"start":{"line":268,"column":51},"end":{"line":282,"column":null}}},"12":{"name":"(anonymous_30)","decl":{"start":{"line":284,"column":8},"end":{"line":284,"column":22}},"loc":{"start":{"line":284,"column":50},"end":{"line":313,"column":null}}},"13":{"name":"(anonymous_32)","decl":{"start":{"line":315,"column":8},"end":{"line":315,"column":22}},"loc":{"start":{"line":315,"column":50},"end":{"line":349,"column":null}}},"14":{"name":"(anonymous_34)","decl":{"start":{"line":351,"column":8},"end":{"line":351,"column":22}},"loc":{"start":{"line":351,"column":50},"end":{"line":383,"column":null}}}},"branchMap":{"0":{"loc":{"start":{"line":14,"column":21},"end":{"line":14,"column":56}},"type":"binary-expr","locations":[{"start":{"line":14,"column":21},"end":{"line":14,"column":43}},{"start":{"line":14,"column":47},"end":{"line":14,"column":56}}]},"1":{"loc":{"start":{"line":34,"column":6},"end":{"line":36,"column":7}},"type":"if","locations":[{"start":{"line":34,"column":6},"end":{"line":36,"column":7}}]},"2":{"loc":{"start":{"line":70,"column":6},"end":{"line":72,"column":7}},"type":"if","locations":[{"start":{"line":70,"column":6},"end":{"line":72,"column":7}}]},"3":{"loc":{"start":{"line":94,"column":21},"end":{"line":94,"column":45}},"type":"binary-expr","locations":[{"start":{"line":94,"column":21},"end":{"line":94,"column":32}},{"start":{"line":94,"column":36},"end":{"line":94,"column":45}}]},"4":{"loc":{"start":{"line":122,"column":6},"end":{"line":124,"column":7}},"type":"if","locations":[{"start":{"line":122,"column":6},"end":{"line":124,"column":7}}]},"5":{"loc":{"start":{"line":128,"column":6},"end":{"line":128,"column":56}},"type":"if","locations":[{"start":{"line":128,"column":6},"end":{"line":128,"column":56}}]},"6":{"loc":{"start":{"line":129,"column":6},"end":{"line":129,"column":74}},"type":"if","locations":[{"start":{"line":129,"column":6},"end":{"line":129,"column":74}}]},"7":{"loc":{"start":{"line":130,"column":6},"end":{"line":130,"column":82}},"type":"if","locations":[{"start":{"line":130,"column":6},"end":{"line":130,"column":82}}]},"8":{"loc":{"start":{"line":130,"column":62},"end":{"line":130,"column":81}},"type":"binary-expr","locations":[{"start":{"line":130,"column":62},"end":{"line":130,"column":73}},{"start":{"line":130,"column":77},"end":{"line":130,"column":81}}]},"9":{"loc":{"start":{"line":133,"column":6},"end":{"line":152,"column":7}},"type":"if","locations":[{"start":{"line":133,"column":6},"end":{"line":152,"column":7}}]},"10":{"loc":{"start":{"line":136,"column":8},"end":{"line":138,"column":9}},"type":"if","locations":[{"start":{"line":136,"column":8},"end":{"line":138,"column":9}}]},"11":{"loc":{"start":{"line":180,"column":6},"end":{"line":182,"column":7}},"type":"if","locations":[{"start":{"line":180,"column":6},"end":{"line":182,"column":7}}]},"12":{"loc":{"start":{"line":186,"column":6},"end":{"line":188,"column":7}},"type":"if","locations":[{"start":{"line":186,"column":6},"end":{"line":188,"column":7}}]},"13":{"loc":{"start":{"line":193,"column":6},"end":{"line":195,"column":7}},"type":"if","locations":[{"start":{"line":193,"column":6},"end":{"line":195,"column":7}}]},"14":{"loc":{"start":{"line":220,"column":6},"end":{"line":223,"column":7}},"type":"if","locations":[{"start":{"line":220,"column":6},"end":{"line":223,"column":7}}]},"15":{"loc":{"start":{"line":229,"column":6},"end":{"line":232,"column":7}},"type":"if","locations":[{"start":{"line":229,"column":6},"end":{"line":232,"column":7}}]},"16":{"loc":{"start":{"line":245,"column":8},"end":{"line":248,"column":9}},"type":"if","locations":[{"start":{"line":245,"column":8},"end":{"line":248,"column":9}}]},"17":{"loc":{"start":{"line":273,"column":6},"end":{"line":275,"column":7}},"type":"if","locations":[{"start":{"line":273,"column":6},"end":{"line":275,"column":7}}]},"18":{"loc":{"start":{"line":289,"column":6},"end":{"line":291,"column":7}},"type":"if","locations":[{"start":{"line":289,"column":6},"end":{"line":291,"column":7}}]},"19":{"loc":{"start":{"line":323,"column":6},"end":{"line":325,"column":7}},"type":"if","locations":[{"start":{"line":323,"column":6},"end":{"line":325,"column":7}}]},"20":{"loc":{"start":{"line":329,"column":6},"end":{"line":329,"column":53}},"type":"if","locations":[{"start":{"line":329,"column":6},"end":{"line":329,"column":53}}]},"21":{"loc":{"start":{"line":330,"column":6},"end":{"line":330,"column":74}},"type":"if","locations":[{"start":{"line":330,"column":6},"end":{"line":330,"column":74}}]},"22":{"loc":{"start":{"line":358,"column":6},"end":{"line":360,"column":7}},"type":"if","locations":[{"start":{"line":358,"column":6},"end":{"line":360,"column":7}}]},"23":{"loc":{"start":{"line":365,"column":6},"end":{"line":367,"column":7}},"type":"if","locations":[{"start":{"line":365,"column":6},"end":{"line":367,"column":7}}]}},"s":{"0":0,"1":0,"2":0,"3":0,"4":0,"5":0,"6":0,"7":0,"8":0,"9":0,"10":0,"11":0,"12":0,"13":0,"14":0,"15":0,"16":0,"17":0,"18":0,"19":0,"20":0,"21":0,"22":0,"23":0,"24":0,"25":0,"26":0,"27":0,"28":0,"29":0,"30":0,"31":0,"32":0,"33":0,"34":0,"35":0,"36":0,"37":0,"38":0,"39":0,"40":0,"41":0,"42":0,"43":0,"44":0,"45":0,"46":0,"47":0,"48":0,"49":0,"50":0,"51":0,"52":0,"53":0,"54":0,"55":0,"56":0,"57":0,"58":0,"59":0,"60":0,"61":0,"62":0,"63":0,"64":0,"65":0,"66":0,"67":0,"68":0,"69":0,"70":0,"71":0,"72":0,"73":0,"74":0,"75":0,"76":0,"77":0,"78":0,"79":0,"80":0,"81":0,"82":0,"83":0,"84":0,"85":0,"86":0,"87":0,"88":0,"89":0,"90":0,"91":0,"92":0,"93":0,"94":0,"95":0,"96":0,"97":0,"98":0,"99":0,"100":0,"101":0,"102":0,"103":0,"104":0,"105":0,"106":0,"107":0,"108":0,"109":0,"110":0,"111":0,"112":0,"113":0,"114":0,"115":0,"116":0,"117":0,"118":0,"119":0,"120":0,"121":0,"122":0,"123":0,"124":0,"125":0,"126":0,"127":0,"128":0,"129":0,"130":0,"131":0,"132":0,"133":0,"134":0,"135":0,"136":0,"137":0,"138":0,"139":0,"140":0,"141":0,"142":0,"143":0,"144":0,"145":0,"146":0,"147":0,"148":0,"149":0,"150":0,"151":0,"152":0,"153":0,"154":0,"155":0,"156":0,"157":0,"158":0,"159":0,"160":0,"161":0,"162":0,"163":0},"f":{"0":0,"1":0,"2":0,"3":0,"4":0,"5":0,"6":0,"7":0,"8":0,"9":0,"10":0,"11":0,"12":0,"13":0,"14":0},"b":{"0":[0,0],"1":[0],"2":[0],"3":[0,0],"4":[0],"5":[0],"6":[0],"7":[0],"8":[0,0],"9":[0],"10":[0],"11":[0],"12":[0],"13":[0],"14":[0],"15":[0],"16":[0],"17":[0],"18":[0],"19":[0],"20":[0],"21":[0],"22":[0],"23":[0]}}
,"/Users/job/Documents/Infopro/bolt/JFD Famille/backend/src/controllers/eventController.ts": {"path":"/Users/job/Documents/Infopro/bolt/JFD Famille/backend/src/controllers/eventController.ts","statementMap":{"0":{"start":{"line":2,"column":0},"end":{"line":2,"column":46}},"1":{"start":{"line":3,"column":0},"end":{"line":3,"column":48}},"2":{"start":{"line":13,"column":4},"end":{"line":23,"column":5}},"3":{"start":{"line":14,"column":21},"end":{"line":14,"column":52}},"4":{"start":{"line":15,"column":6},"end":{"line":15,"column":67}},"5":{"start":{"line":17,"column":6},"end":{"line":17,"column":77}},"6":{"start":{"line":18,"column":6},"end":{"line":22,"column":9}},"7":{"start":{"line":30,"column":4},"end":{"line":49,"column":5}},"8":{"start":{"line":31,"column":21},"end":{"line":31,"column":31}},"9":{"start":{"line":32,"column":20},"end":{"line":32,"column":53}},"10":{"start":{"line":34,"column":6},"end":{"line":39,"column":7}},"11":{"start":{"line":35,"column":8},"end":{"line":38,"column":11}},"12":{"start":{"line":41,"column":6},"end":{"line":41,"column":66}},"13":{"start":{"line":43,"column":6},"end":{"line":43,"column":77}},"14":{"start":{"line":44,"column":6},"end":{"line":48,"column":9}},"15":{"start":{"line":56,"column":4},"end":{"line":112,"column":5}},"16":{"start":{"line":65,"column":10},"end":{"line":65,"column":18}},"17":{"start":{"line":68,"column":6},"end":{"line":73,"column":7}},"18":{"start":{"line":69,"column":8},"end":{"line":72,"column":11}},"19":{"start":{"line":76,"column":21},"end":{"line":76,"column":42}},"20":{"start":{"line":78,"column":24},"end":{"line":87,"column":8}},"21":{"start":{"line":89,"column":23},"end":{"line":89,"column":62}},"22":{"start":{"line":92,"column":6},"end":{"line":98,"column":9}},"23":{"start":{"line":100,"column":6},"end":{"line":104,"column":9}},"24":{"start":{"line":106,"column":6},"end":{"line":106,"column":74}},"25":{"start":{"line":107,"column":6},"end":{"line":111,"column":9}},"26":{"start":{"line":119,"column":4},"end":{"line":177,"column":5}},"27":{"start":{"line":120,"column":21},"end":{"line":120,"column":31}},"28":{"start":{"line":121,"column":25},"end":{"line":121,"column":33}},"29":{"start":{"line":124,"column":6},"end":{"line":129,"column":7}},"30":{"start":{"line":125,"column":8},"end":{"line":128,"column":11}},"31":{"start":{"line":132,"column":6},"end":{"line":134,"column":7}},"32":{"start":{"line":133,"column":8},"end":{"line":133,"column":64}},"33":{"start":{"line":136,"column":6},"end":{"line":138,"column":7}},"34":{"start":{"line":137,"column":8},"end":{"line":137,"column":60}},"35":{"start":{"line":140,"column":6},"end":{"line":142,"column":7}},"36":{"start":{"line":141,"column":8},"end":{"line":141,"column":68}},"37":{"start":{"line":144,"column":27},"end":{"line":144,"column":71}},"38":{"start":{"line":146,"column":6},"end":{"line":151,"column":7}},"39":{"start":{"line":147,"column":8},"end":{"line":150,"column":11}},"40":{"start":{"line":154,"column":21},"end":{"line":154,"column":42}},"41":{"start":{"line":157,"column":6},"end":{"line":163,"column":9}},"42":{"start":{"line":165,"column":6},"end":{"line":169,"column":9}},"43":{"start":{"line":171,"column":6},"end":{"line":171,"column":76}},"44":{"start":{"line":172,"column":6},"end":{"line":176,"column":9}},"45":{"start":{"line":184,"column":4},"end":{"line":219,"column":5}},"46":{"start":{"line":185,"column":21},"end":{"line":185,"column":31}},"47":{"start":{"line":187,"column":22},"end":{"line":187,"column":54}},"48":{"start":{"line":189,"column":6},"end":{"line":194,"column":7}},"49":{"start":{"line":190,"column":8},"end":{"line":193,"column":11}},"50":{"start":{"line":197,"column":21},"end":{"line":197,"column":42}},"51":{"start":{"line":200,"column":6},"end":{"line":206,"column":9}},"52":{"start":{"line":208,"column":6},"end":{"line":211,"column":9}},"53":{"start":{"line":213,"column":6},"end":{"line":213,"column":76}},"54":{"start":{"line":214,"column":6},"end":{"line":218,"column":9}},"55":{"start":{"line":226,"column":4},"end":{"line":249,"column":5}},"56":{"start":{"line":227,"column":26},"end":{"line":227,"column":36}},"57":{"start":{"line":230,"column":20},"end":{"line":230,"column":58}},"58":{"start":{"line":232,"column":6},"end":{"line":237,"column":7}},"59":{"start":{"line":233,"column":8},"end":{"line":236,"column":11}},"60":{"start":{"line":239,"column":27},"end":{"line":239,"column":73}},"61":{"start":{"line":241,"column":6},"end":{"line":241,"column":73}},"62":{"start":{"line":243,"column":6},"end":{"line":243,"column":79}},"63":{"start":{"line":244,"column":6},"end":{"line":248,"column":9}},"64":{"start":{"line":256,"column":4},"end":{"line":309,"column":5}},"65":{"start":{"line":257,"column":44},"end":{"line":257,"column":52}},"66":{"start":{"line":260,"column":6},"end":{"line":265,"column":7}},"67":{"start":{"line":261,"column":8},"end":{"line":264,"column":11}},"68":{"start":{"line":268,"column":20},"end":{"line":268,"column":59}},"69":{"start":{"line":270,"column":6},"end":{"line":275,"column":7}},"70":{"start":{"line":271,"column":8},"end":{"line":274,"column":11}},"71":{"start":{"line":277,"column":30},"end":{"line":281,"column":8}},"72":{"start":{"line":283,"column":29},"end":{"line":283,"column":77}},"73":{"start":{"line":286,"column":21},"end":{"line":286,"column":42}},"74":{"start":{"line":289,"column":6},"end":{"line":295,"column":9}},"75":{"start":{"line":297,"column":6},"end":{"line":301,"column":9}},"76":{"start":{"line":303,"column":6},"end":{"line":303,"column":70}},"77":{"start":{"line":304,"column":6},"end":{"line":308,"column":9}},"78":{"start":{"line":316,"column":4},"end":{"line":361,"column":5}},"79":{"start":{"line":317,"column":21},"end":{"line":317,"column":31}},"80":{"start":{"line":318,"column":25},"end":{"line":318,"column":33}},"81":{"start":{"line":321,"column":6},"end":{"line":326,"column":7}},"82":{"start":{"line":322,"column":8},"end":{"line":325,"column":11}},"83":{"start":{"line":328,"column":33},"end":{"line":328,"column":85}},"84":{"start":{"line":330,"column":6},"end":{"line":335,"column":7}},"85":{"start":{"line":331,"column":8},"end":{"line":334,"column":11}},"86":{"start":{"line":338,"column":21},"end":{"line":338,"column":42}},"87":{"start":{"line":341,"column":6},"end":{"line":347,"column":9}},"88":{"start":{"line":349,"column":6},"end":{"line":353,"column":9}},"89":{"start":{"line":355,"column":6},"end":{"line":355,"column":86}},"90":{"start":{"line":356,"column":6},"end":{"line":360,"column":9}},"91":{"start":{"line":368,"column":4},"end":{"line":403,"column":5}},"92":{"start":{"line":369,"column":21},"end":{"line":369,"column":31}},"93":{"start":{"line":371,"column":22},"end":{"line":371,"column":60}},"94":{"start":{"line":373,"column":6},"end":{"line":378,"column":7}},"95":{"start":{"line":374,"column":8},"end":{"line":377,"column":11}},"96":{"start":{"line":381,"column":21},"end":{"line":381,"column":42}},"97":{"start":{"line":384,"column":6},"end":{"line":390,"column":9}},"98":{"start":{"line":392,"column":6},"end":{"line":395,"column":9}},"99":{"start":{"line":397,"column":6},"end":{"line":397,"column":76}},"100":{"start":{"line":398,"column":6},"end":{"line":402,"column":9}},"101":{"start":{"line":410,"column":4},"end":{"line":433,"column":5}},"102":{"start":{"line":411,"column":26},"end":{"line":411,"column":36}},"103":{"start":{"line":414,"column":20},"end":{"line":414,"column":58}},"104":{"start":{"line":416,"column":6},"end":{"line":421,"column":7}},"105":{"start":{"line":417,"column":8},"end":{"line":420,"column":11}},"106":{"start":{"line":423,"column":28},"end":{"line":423,"column":75}},"107":{"start":{"line":425,"column":6},"end":{"line":425,"column":74}},"108":{"start":{"line":427,"column":6},"end":{"line":427,"column":80}},"109":{"start":{"line":428,"column":6},"end":{"line":432,"column":9}},"110":{"start":{"line":440,"column":4},"end":{"line":505,"column":5}},"111":{"start":{"line":449,"column":10},"end":{"line":449,"column":18}},"112":{"start":{"line":452,"column":6},"end":{"line":457,"column":7}},"113":{"start":{"line":453,"column":8},"end":{"line":456,"column":11}},"114":{"start":{"line":460,"column":20},"end":{"line":460,"column":59}},"115":{"start":{"line":462,"column":6},"end":{"line":467,"column":7}},"116":{"start":{"line":463,"column":8},"end":{"line":466,"column":11}},"117":{"start":{"line":469,"column":31},"end":{"line":477,"column":8}},"118":{"start":{"line":479,"column":30},"end":{"line":479,"column":80}},"119":{"start":{"line":482,"column":21},"end":{"line":482,"column":42}},"120":{"start":{"line":485,"column":6},"end":{"line":491,"column":9}},"121":{"start":{"line":493,"column":6},"end":{"line":497,"column":9}},"122":{"start":{"line":499,"column":6},"end":{"line":499,"column":74}},"123":{"start":{"line":500,"column":6},"end":{"line":504,"column":9}},"124":{"start":{"line":512,"column":4},"end":{"line":566,"column":5}},"125":{"start":{"line":513,"column":21},"end":{"line":513,"column":31}},"126":{"start":{"line":514,"column":25},"end":{"line":514,"column":33}},"127":{"start":{"line":517,"column":6},"end":{"line":522,"column":7}},"128":{"start":{"line":518,"column":8},"end":{"line":521,"column":11}},"129":{"start":{"line":525,"column":6},"end":{"line":527,"column":7}},"130":{"start":{"line":526,"column":8},"end":{"line":526,"column":54}},"131":{"start":{"line":529,"column":6},"end":{"line":531,"column":7}},"132":{"start":{"line":530,"column":8},"end":{"line":530,"column":68}},"133":{"start":{"line":533,"column":34},"end":{"line":533,"column":85}},"134":{"start":{"line":535,"column":6},"end":{"line":540,"column":7}},"135":{"start":{"line":536,"column":8},"end":{"line":539,"column":11}},"136":{"start":{"line":543,"column":21},"end":{"line":543,"column":42}},"137":{"start":{"line":546,"column":6},"end":{"line":552,"column":9}},"138":{"start":{"line":554,"column":6},"end":{"line":558,"column":9}},"139":{"start":{"line":560,"column":6},"end":{"line":560,"column":80}},"140":{"start":{"line":561,"column":6},"end":{"line":565,"column":9}},"141":{"start":{"line":573,"column":4},"end":{"line":608,"column":5}},"142":{"start":{"line":574,"column":21},"end":{"line":574,"column":31}},"143":{"start":{"line":576,"column":22},"end":{"line":576,"column":61}},"144":{"start":{"line":578,"column":6},"end":{"line":583,"column":7}},"145":{"start":{"line":579,"column":8},"end":{"line":582,"column":11}},"146":{"start":{"line":586,"column":21},"end":{"line":586,"column":42}},"147":{"start":{"line":589,"column":6},"end":{"line":595,"column":9}},"148":{"start":{"line":597,"column":6},"end":{"line":600,"column":9}},"149":{"start":{"line":602,"column":6},"end":{"line":602,"column":80}},"150":{"start":{"line":603,"column":6},"end":{"line":607,"column":9}},"151":{"start":{"line":615,"column":4},"end":{"line":638,"column":5}},"152":{"start":{"line":616,"column":26},"end":{"line":616,"column":36}},"153":{"start":{"line":619,"column":20},"end":{"line":619,"column":58}},"154":{"start":{"line":621,"column":6},"end":{"line":626,"column":7}},"155":{"start":{"line":622,"column":8},"end":{"line":625,"column":11}},"156":{"start":{"line":628,"column":26},"end":{"line":628,"column":78}},"157":{"start":{"line":630,"column":6},"end":{"line":630,"column":72}},"158":{"start":{"line":632,"column":6},"end":{"line":632,"column":79}},"159":{"start":{"line":633,"column":6},"end":{"line":637,"column":9}},"160":{"start":{"line":645,"column":4},"end":{"line":699,"column":5}},"161":{"start":{"line":646,"column":54},"end":{"line":646,"column":62}},"162":{"start":{"line":649,"column":6},"end":{"line":654,"column":7}},"163":{"start":{"line":650,"column":8},"end":{"line":653,"column":11}},"164":{"start":{"line":657,"column":20},"end":{"line":657,"column":59}},"165":{"start":{"line":659,"column":6},"end":{"line":664,"column":7}},"166":{"start":{"line":660,"column":8},"end":{"line":663,"column":11}},"167":{"start":{"line":666,"column":29},"end":{"line":671,"column":8}},"168":{"start":{"line":673,"column":28},"end":{"line":673,"column":77}},"169":{"start":{"line":676,"column":21},"end":{"line":676,"column":42}},"170":{"start":{"line":679,"column":6},"end":{"line":685,"column":9}},"171":{"start":{"line":687,"column":6},"end":{"line":691,"column":9}},"172":{"start":{"line":693,"column":6},"end":{"line":693,"column":76}},"173":{"start":{"line":694,"column":6},"end":{"line":698,"column":9}},"174":{"start":{"line":706,"column":4},"end":{"line":760,"column":5}},"175":{"start":{"line":707,"column":21},"end":{"line":707,"column":31}},"176":{"start":{"line":708,"column":25},"end":{"line":708,"column":33}},"177":{"start":{"line":711,"column":6},"end":{"line":716,"column":7}},"178":{"start":{"line":712,"column":8},"end":{"line":715,"column":11}},"179":{"start":{"line":719,"column":6},"end":{"line":721,"column":7}},"180":{"start":{"line":720,"column":8},"end":{"line":720,"column":54}},"181":{"start":{"line":723,"column":6},"end":{"line":725,"column":7}},"182":{"start":{"line":724,"column":8},"end":{"line":724,"column":60}},"183":{"start":{"line":727,"column":32},"end":{"line":727,"column":81}},"184":{"start":{"line":729,"column":6},"end":{"line":734,"column":7}},"185":{"start":{"line":730,"column":8},"end":{"line":733,"column":11}},"186":{"start":{"line":737,"column":21},"end":{"line":737,"column":42}},"187":{"start":{"line":740,"column":6},"end":{"line":746,"column":9}},"188":{"start":{"line":748,"column":6},"end":{"line":752,"column":9}},"189":{"start":{"line":754,"column":6},"end":{"line":754,"column":78}},"190":{"start":{"line":755,"column":6},"end":{"line":759,"column":9}},"191":{"start":{"line":767,"column":4},"end":{"line":802,"column":5}},"192":{"start":{"line":768,"column":21},"end":{"line":768,"column":31}},"193":{"start":{"line":770,"column":22},"end":{"line":770,"column":59}},"194":{"start":{"line":772,"column":6},"end":{"line":777,"column":7}},"195":{"start":{"line":773,"column":8},"end":{"line":776,"column":11}},"196":{"start":{"line":780,"column":21},"end":{"line":780,"column":42}},"197":{"start":{"line":783,"column":6},"end":{"line":789,"column":9}},"198":{"start":{"line":791,"column":6},"end":{"line":794,"column":9}},"199":{"start":{"line":796,"column":6},"end":{"line":796,"column":78}},"200":{"start":{"line":797,"column":6},"end":{"line":801,"column":9}},"201":{"start":{"line":806,"column":0},"end":{"line":806,"column":37}}},"fnMap":{"0":{"name":"(anonymous_8)","decl":{"start":{"line":12,"column":8},"end":{"line":12,"column":20}},"loc":{"start":{"line":12,"column":48},"end":{"line":24,"column":null}}},"1":{"name":"(anonymous_10)","decl":{"start":{"line":29,"column":8},"end":{"line":29,"column":20}},"loc":{"start":{"line":29,"column":48},"end":{"line":50,"column":null}}},"2":{"name":"(anonymous_12)","decl":{"start":{"line":55,"column":8},"end":{"line":55,"column":19}},"loc":{"start":{"line":55,"column":47},"end":{"line":113,"column":null}}},"3":{"name":"(anonymous_14)","decl":{"start":{"line":118,"column":8},"end":{"line":118,"column":19}},"loc":{"start":{"line":118,"column":47},"end":{"line":178,"column":null}}},"4":{"name":"(anonymous_16)","decl":{"start":{"line":183,"column":8},"end":{"line":183,"column":19}},"loc":{"start":{"line":183,"column":47},"end":{"line":220,"column":null}}},"5":{"name":"(anonymous_18)","decl":{"start":{"line":225,"column":8},"end":{"line":225,"column":28}},"loc":{"start":{"line":225,"column":56},"end":{"line":250,"column":null}}},"6":{"name":"(anonymous_20)","decl":{"start":{"line":255,"column":8},"end":{"line":255,"column":22}},"loc":{"start":{"line":255,"column":50},"end":{"line":310,"column":null}}},"7":{"name":"(anonymous_22)","decl":{"start":{"line":315,"column":8},"end":{"line":315,"column":31}},"loc":{"start":{"line":315,"column":59},"end":{"line":362,"column":null}}},"8":{"name":"(anonymous_24)","decl":{"start":{"line":367,"column":8},"end":{"line":367,"column":25}},"loc":{"start":{"line":367,"column":53},"end":{"line":404,"column":null}}},"9":{"name":"(anonymous_26)","decl":{"start":{"line":409,"column":8},"end":{"line":409,"column":29}},"loc":{"start":{"line":409,"column":57},"end":{"line":434,"column":null}}},"10":{"name":"(anonymous_28)","decl":{"start":{"line":439,"column":8},"end":{"line":439,"column":23}},"loc":{"start":{"line":439,"column":51},"end":{"line":506,"column":null}}},"11":{"name":"(anonymous_30)","decl":{"start":{"line":511,"column":8},"end":{"line":511,"column":26}},"loc":{"start":{"line":511,"column":54},"end":{"line":567,"column":null}}},"12":{"name":"(anonymous_32)","decl":{"start":{"line":572,"column":8},"end":{"line":572,"column":26}},"loc":{"start":{"line":572,"column":54},"end":{"line":609,"column":null}}},"13":{"name":"(anonymous_34)","decl":{"start":{"line":614,"column":8},"end":{"line":614,"column":34}},"loc":{"start":{"line":614,"column":62},"end":{"line":639,"column":null}}},"14":{"name":"(anonymous_36)","decl":{"start":{"line":644,"column":8},"end":{"line":644,"column":24}},"loc":{"start":{"line":644,"column":52},"end":{"line":700,"column":null}}},"15":{"name":"(anonymous_38)","decl":{"start":{"line":705,"column":8},"end":{"line":705,"column":24}},"loc":{"start":{"line":705,"column":52},"end":{"line":761,"column":null}}},"16":{"name":"(anonymous_40)","decl":{"start":{"line":766,"column":8},"end":{"line":766,"column":24}},"loc":{"start":{"line":766,"column":52},"end":{"line":803,"column":null}}}},"branchMap":{"0":{"loc":{"start":{"line":21,"column":15},"end":{"line":21,"column":69}},"type":"cond-expr","locations":[{"start":{"line":21,"column":40},"end":{"line":21,"column":53}},{"start":{"line":21,"column":56},"end":{"line":21,"column":69}}]},"1":{"loc":{"start":{"line":34,"column":6},"end":{"line":39,"column":7}},"type":"if","locations":[{"start":{"line":34,"column":6},"end":{"line":39,"column":7}}]},"2":{"loc":{"start":{"line":47,"column":15},"end":{"line":47,"column":69}},"type":"cond-expr","locations":[{"start":{"line":47,"column":40},"end":{"line":47,"column":53}},{"start":{"line":47,"column":56},"end":{"line":47,"column":69}}]},"3":{"loc":{"start":{"line":68,"column":6},"end":{"line":73,"column":7}},"type":"if","locations":[{"start":{"line":68,"column":6},"end":{"line":73,"column":7}}]},"4":{"loc":{"start":{"line":68,"column":10},"end":{"line":68,"column":41}},"type":"binary-expr","locations":[{"start":{"line":68,"column":10},"end":{"line":68,"column":15}},{"start":{"line":68,"column":19},"end":{"line":68,"column":30}},{"start":{"line":68,"column":34},"end":{"line":68,"column":41}}]},"5":{"loc":{"start":{"line":76,"column":21},"end":{"line":76,"column":42}},"type":"cond-expr","locations":[{"start":{"line":76,"column":38},"end":{"line":76,"column":40}},{"start":{"line":76,"column":38},"end":{"line":76,"column":42}}]},"6":{"loc":{"start":{"line":76,"column":21},"end":{"line":76,"column":40}},"type":"binary-expr","locations":[{"start":{"line":76,"column":21},"end":{"line":76,"column":40}},{"start":{"line":76,"column":38},"end":{"line":76,"column":40}}]},"7":{"loc":{"start":{"line":83,"column":18},"end":{"line":83,"column":59}},"type":"cond-expr","locations":[{"start":{"line":83,"column":29},"end":{"line":83,"column":47}},{"start":{"line":83,"column":50},"end":{"line":83,"column":59}}]},"8":{"loc":{"start":{"line":84,"column":23},"end":{"line":84,"column":72}},"type":"cond-expr","locations":[{"start":{"line":84,"column":39},"end":{"line":84,"column":60}},{"start":{"line":84,"column":63},"end":{"line":84,"column":72}}]},"9":{"loc":{"start":{"line":110,"column":15},"end":{"line":110,"column":69}},"type":"cond-expr","locations":[{"start":{"line":110,"column":40},"end":{"line":110,"column":53}},{"start":{"line":110,"column":56},"end":{"line":110,"column":69}}]},"10":{"loc":{"start":{"line":124,"column":6},"end":{"line":129,"column":7}},"type":"if","locations":[{"start":{"line":124,"column":6},"end":{"line":129,"column":7}}]},"11":{"loc":{"start":{"line":132,"column":6},"end":{"line":134,"column":7}},"type":"if","locations":[{"start":{"line":132,"column":6},"end":{"line":134,"column":7}}]},"12":{"loc":{"start":{"line":136,"column":6},"end":{"line":138,"column":7}},"type":"if","locations":[{"start":{"line":136,"column":6},"end":{"line":138,"column":7}}]},"13":{"loc":{"start":{"line":140,"column":6},"end":{"line":142,"column":7}},"type":"if","locations":[{"start":{"line":140,"column":6},"end":{"line":142,"column":7}}]},"14":{"loc":{"start":{"line":146,"column":6},"end":{"line":151,"column":7}},"type":"if","locations":[{"start":{"line":146,"column":6},"end":{"line":151,"column":7}}]},"15":{"loc":{"start":{"line":154,"column":21},"end":{"line":154,"column":42}},"type":"cond-expr","locations":[{"start":{"line":154,"column":38},"end":{"line":154,"column":40}},{"start":{"line":154,"column":38},"end":{"line":154,"column":42}}]},"16":{"loc":{"start":{"line":154,"column":21},"end":{"line":154,"column":40}},"type":"binary-expr","locations":[{"start":{"line":154,"column":21},"end":{"line":154,"column":40}},{"start":{"line":154,"column":38},"end":{"line":154,"column":40}}]},"17":{"loc":{"start":{"line":175,"column":15},"end":{"line":175,"column":69}},"type":"cond-expr","locations":[{"start":{"line":175,"column":40},"end":{"line":175,"column":53}},{"start":{"line":175,"column":56},"end":{"line":175,"column":69}}]},"18":{"loc":{"start":{"line":189,"column":6},"end":{"line":194,"column":7}},"type":"if","locations":[{"start":{"line":189,"column":6},"end":{"line":194,"column":7}}]},"19":{"loc":{"start":{"line":197,"column":21},"end":{"line":197,"column":42}},"type":"cond-expr","locations":[{"start":{"line":197,"column":38},"end":{"line":197,"column":40}},{"start":{"line":197,"column":38},"end":{"line":197,"column":42}}]},"20":{"loc":{"start":{"line":197,"column":21},"end":{"line":197,"column":40}},"type":"binary-expr","locations":[{"start":{"line":197,"column":21},"end":{"line":197,"column":40}},{"start":{"line":197,"column":38},"end":{"line":197,"column":40}}]},"21":{"loc":{"start":{"line":217,"column":15},"end":{"line":217,"column":69}},"type":"cond-expr","locations":[{"start":{"line":217,"column":40},"end":{"line":217,"column":53}},{"start":{"line":217,"column":56},"end":{"line":217,"column":69}}]},"22":{"loc":{"start":{"line":232,"column":6},"end":{"line":237,"column":7}},"type":"if","locations":[{"start":{"line":232,"column":6},"end":{"line":237,"column":7}}]},"23":{"loc":{"start":{"line":247,"column":15},"end":{"line":247,"column":69}},"type":"cond-expr","locations":[{"start":{"line":247,"column":40},"end":{"line":247,"column":53}},{"start":{"line":247,"column":56},"end":{"line":247,"column":69}}]},"24":{"loc":{"start":{"line":260,"column":6},"end":{"line":265,"column":7}},"type":"if","locations":[{"start":{"line":260,"column":6},"end":{"line":265,"column":7}}]},"25":{"loc":{"start":{"line":260,"column":10},"end":{"line":260,"column":42}},"type":"binary-expr","locations":[{"start":{"line":260,"column":10},"end":{"line":260,"column":19}},{"start":{"line":260,"column":23},"end":{"line":260,"column":31}},{"start":{"line":260,"column":35},"end":{"line":260,"column":42}}]},"26":{"loc":{"start":{"line":270,"column":6},"end":{"line":275,"column":7}},"type":"if","locations":[{"start":{"line":270,"column":6},"end":{"line":275,"column":7}}]},"27":{"loc":{"start":{"line":286,"column":21},"end":{"line":286,"column":42}},"type":"cond-expr","locations":[{"start":{"line":286,"column":38},"end":{"line":286,"column":40}},{"start":{"line":286,"column":38},"end":{"line":286,"column":42}}]},"28":{"loc":{"start":{"line":286,"column":21},"end":{"line":286,"column":40}},"type":"binary-expr","locations":[{"start":{"line":286,"column":21},"end":{"line":286,"column":40}},{"start":{"line":286,"column":38},"end":{"line":286,"column":40}}]},"29":{"loc":{"start":{"line":307,"column":15},"end":{"line":307,"column":69}},"type":"cond-expr","locations":[{"start":{"line":307,"column":40},"end":{"line":307,"column":53}},{"start":{"line":307,"column":56},"end":{"line":307,"column":69}}]},"30":{"loc":{"start":{"line":321,"column":6},"end":{"line":326,"column":7}},"type":"if","locations":[{"start":{"line":321,"column":6},"end":{"line":326,"column":7}}]},"31":{"loc":{"start":{"line":330,"column":6},"end":{"line":335,"column":7}},"type":"if","locations":[{"start":{"line":330,"column":6},"end":{"line":335,"column":7}}]},"32":{"loc":{"start":{"line":338,"column":21},"end":{"line":338,"column":42}},"type":"cond-expr","locations":[{"start":{"line":338,"column":38},"end":{"line":338,"column":40}},{"start":{"line":338,"column":38},"end":{"line":338,"column":42}}]},"33":{"loc":{"start":{"line":338,"column":21},"end":{"line":338,"column":40}},"type":"binary-expr","locations":[{"start":{"line":338,"column":21},"end":{"line":338,"column":40}},{"start":{"line":338,"column":38},"end":{"line":338,"column":40}}]},"34":{"loc":{"start":{"line":359,"column":15},"end":{"line":359,"column":69}},"type":"cond-expr","locations":[{"start":{"line":359,"column":40},"end":{"line":359,"column":53}},{"start":{"line":359,"column":56},"end":{"line":359,"column":69}}]},"35":{"loc":{"start":{"line":373,"column":6},"end":{"line":378,"column":7}},"type":"if","locations":[{"start":{"line":373,"column":6},"end":{"line":378,"column":7}}]},"36":{"loc":{"start":{"line":381,"column":21},"end":{"line":381,"column":42}},"type":"cond-expr","locations":[{"start":{"line":381,"column":38},"end":{"line":381,"column":40}},{"start":{"line":381,"column":38},"end":{"line":381,"column":42}}]},"37":{"loc":{"start":{"line":381,"column":21},"end":{"line":381,"column":40}},"type":"binary-expr","locations":[{"start":{"line":381,"column":21},"end":{"line":381,"column":40}},{"start":{"line":381,"column":38},"end":{"line":381,"column":40}}]},"38":{"loc":{"start":{"line":401,"column":15},"end":{"line":401,"column":69}},"type":"cond-expr","locations":[{"start":{"line":401,"column":40},"end":{"line":401,"column":53}},{"start":{"line":401,"column":56},"end":{"line":401,"column":69}}]},"39":{"loc":{"start":{"line":416,"column":6},"end":{"line":421,"column":7}},"type":"if","locations":[{"start":{"line":416,"column":6},"end":{"line":421,"column":7}}]},"40":{"loc":{"start":{"line":431,"column":15},"end":{"line":431,"column":69}},"type":"cond-expr","locations":[{"start":{"line":431,"column":40},"end":{"line":431,"column":53}},{"start":{"line":431,"column":56},"end":{"line":431,"column":69}}]},"41":{"loc":{"start":{"line":452,"column":6},"end":{"line":457,"column":7}},"type":"if","locations":[{"start":{"line":452,"column":6},"end":{"line":457,"column":7}}]},"42":{"loc":{"start":{"line":452,"column":10},"end":{"line":452,"column":89}},"type":"binary-expr","locations":[{"start":{"line":452,"column":10},"end":{"line":452,"column":19}},{"start":{"line":452,"column":23},"end":{"line":452,"column":31}},{"start":{"line":452,"column":35},"end":{"line":452,"column":42}},{"start":{"line":452,"column":46},"end":{"line":452,"column":59}},{"start":{"line":452,"column":63},"end":{"line":452,"column":78}},{"start":{"line":452,"column":82},"end":{"line":452,"column":89}}]},"43":{"loc":{"start":{"line":462,"column":6},"end":{"line":467,"column":7}},"type":"if","locations":[{"start":{"line":462,"column":6},"end":{"line":467,"column":7}}]},"44":{"loc":{"start":{"line":482,"column":21},"end":{"line":482,"column":42}},"type":"cond-expr","locations":[{"start":{"line":482,"column":38},"end":{"line":482,"column":40}},{"start":{"line":482,"column":38},"end":{"line":482,"column":42}}]},"45":{"loc":{"start":{"line":482,"column":21},"end":{"line":482,"column":40}},"type":"binary-expr","locations":[{"start":{"line":482,"column":21},"end":{"line":482,"column":40}},{"start":{"line":482,"column":38},"end":{"line":482,"column":40}}]},"46":{"loc":{"start":{"line":503,"column":15},"end":{"line":503,"column":69}},"type":"cond-expr","locations":[{"start":{"line":503,"column":40},"end":{"line":503,"column":53}},{"start":{"line":503,"column":56},"end":{"line":503,"column":69}}]},"47":{"loc":{"start":{"line":517,"column":6},"end":{"line":522,"column":7}},"type":"if","locations":[{"start":{"line":517,"column":6},"end":{"line":522,"column":7}}]},"48":{"loc":{"start":{"line":525,"column":6},"end":{"line":527,"column":7}},"type":"if","locations":[{"start":{"line":525,"column":6},"end":{"line":527,"column":7}}]},"49":{"loc":{"start":{"line":529,"column":6},"end":{"line":531,"column":7}},"type":"if","locations":[{"start":{"line":529,"column":6},"end":{"line":531,"column":7}}]},"50":{"loc":{"start":{"line":535,"column":6},"end":{"line":540,"column":7}},"type":"if","locations":[{"start":{"line":535,"column":6},"end":{"line":540,"column":7}}]},"51":{"loc":{"start":{"line":543,"column":21},"end":{"line":543,"column":42}},"type":"cond-expr","locations":[{"start":{"line":543,"column":38},"end":{"line":543,"column":40}},{"start":{"line":543,"column":38},"end":{"line":543,"column":42}}]},"52":{"loc":{"start":{"line":543,"column":21},"end":{"line":543,"column":40}},"type":"binary-expr","locations":[{"start":{"line":543,"column":21},"end":{"line":543,"column":40}},{"start":{"line":543,"column":38},"end":{"line":543,"column":40}}]},"53":{"loc":{"start":{"line":564,"column":15},"end":{"line":564,"column":69}},"type":"cond-expr","locations":[{"start":{"line":564,"column":40},"end":{"line":564,"column":53}},{"start":{"line":564,"column":56},"end":{"line":564,"column":69}}]},"54":{"loc":{"start":{"line":578,"column":6},"end":{"line":583,"column":7}},"type":"if","locations":[{"start":{"line":578,"column":6},"end":{"line":583,"column":7}}]},"55":{"loc":{"start":{"line":586,"column":21},"end":{"line":586,"column":42}},"type":"cond-expr","locations":[{"start":{"line":586,"column":38},"end":{"line":586,"column":40}},{"start":{"line":586,"column":38},"end":{"line":586,"column":42}}]},"56":{"loc":{"start":{"line":586,"column":21},"end":{"line":586,"column":40}},"type":"binary-expr","locations":[{"start":{"line":586,"column":21},"end":{"line":586,"column":40}},{"start":{"line":586,"column":38},"end":{"line":586,"column":40}}]},"57":{"loc":{"start":{"line":606,"column":15},"end":{"line":606,"column":69}},"type":"cond-expr","locations":[{"start":{"line":606,"column":40},"end":{"line":606,"column":53}},{"start":{"line":606,"column":56},"end":{"line":606,"column":69}}]},"58":{"loc":{"start":{"line":621,"column":6},"end":{"line":626,"column":7}},"type":"if","locations":[{"start":{"line":621,"column":6},"end":{"line":626,"column":7}}]},"59":{"loc":{"start":{"line":636,"column":15},"end":{"line":636,"column":69}},"type":"cond-expr","locations":[{"start":{"line":636,"column":40},"end":{"line":636,"column":53}},{"start":{"line":636,"column":56},"end":{"line":636,"column":69}}]},"60":{"loc":{"start":{"line":649,"column":6},"end":{"line":654,"column":7}},"type":"if","locations":[{"start":{"line":649,"column":6},"end":{"line":654,"column":7}}]},"61":{"loc":{"start":{"line":649,"column":10},"end":{"line":649,"column":42}},"type":"binary-expr","locations":[{"start":{"line":649,"column":10},"end":{"line":649,"column":19}},{"start":{"line":649,"column":23},"end":{"line":649,"column":31}},{"start":{"line":649,"column":35},"end":{"line":649,"column":42}}]},"62":{"loc":{"start":{"line":659,"column":6},"end":{"line":664,"column":7}},"type":"if","locations":[{"start":{"line":659,"column":6},"end":{"line":664,"column":7}}]},"63":{"loc":{"start":{"line":670,"column":18},"end":{"line":670,"column":59}},"type":"cond-expr","locations":[{"start":{"line":670,"column":29},"end":{"line":670,"column":47}},{"start":{"line":670,"column":50},"end":{"line":670,"column":59}}]},"64":{"l
[...]
ine":26,"column":4}},"13":{"start":{"line":25,"column":4},"end":{"line":25,"column":66}},"14":{"start":{"line":30,"column":0},"end":{"line":30,"column":41}},"15":{"start":{"line":33,"column":0},"end":{"line":33,"column":90}},"16":{"start":{"line":34,"column":0},"end":{"line":34,"column":93}},"17":{"start":{"line":35,"column":0},"end":{"line":35,"column":127}},"18":{"start":{"line":36,"column":0},"end":{"line":36,"column":129}},"19":{"start":{"line":37,"column":0},"end":{"line":37,"column":121}},"20":{"start":{"line":40,"column":0},"end":{"line":40,"column":109}},"21":{"start":{"line":41,"column":0},"end":{"line":41,"column":142}},"22":{"start":{"line":42,"column":0},"end":{"line":42,"column":134}},"23":{"start":{"line":43,"column":0},"end":{"line":43,"column":137}},"24":{"start":{"line":46,"column":0},"end":{"line":46,"column":121}},"25":{"start":{"line":47,"column":0},"end":{"line":47,"column":151}},"26":{"start":{"line":48,"column":0},"end":{"line":48,"column":143}},"27":{"start":{"line":49,"column":0},"end":{"line":49,"column":149}},"28":{"start":{"line":52,"column":0},"end":{"line":52,"column":123}},"29":{"start":{"line":53,"column":0},"end":{"line":53,"column":152}},"30":{"start":{"line":54,"column":0},"end":{"line":54,"column":148}},"31":{"start":{"line":55,"column":0},"end":{"line":55,"column":140}},"32":{"start":{"line":58,"column":0},"end":{"line":58,"column":124}},"33":{"start":{"line":59,"column":0},"end":{"line":59,"column":141}},"34":{"start":{"line":60,"column":0},"end":{"line":60,"column":144}},"35":{"start":{"line":61,"column":0},"end":{"line":61,"column":147}},"36":{"start":{"line":63,"column":0},"end":{"line":63,"column":22}}},"fnMap":{"0":{"name":"(anonymous_1)","decl":{"start":{"line":9,"column":23},"end":{"line":9,"column":24}},"loc":{"start":{"line":9,"column":72},"end":{"line":13,"column":1}}},"1":{"name":"(anonymous_2)","decl":{"start":{"line":10,"column":9},"end":{"line":10,"column":10}},"loc":{"start":{"line":10,"column":61},"end":{"line":12,"column":3}}},"2":{"name":"(anonymous_3)","decl":{"start":{"line":16,"column":23},"end":{"line":16,"column":24}},"loc":{"start":{"line":16,"column":72},"end":{"line":20,"column":1}}},"3":{"name":"(anonymous_4)","decl":{"start":{"line":17,"column":9},"end":{"line":17,"column":10}},"loc":{"start":{"line":17,"column":61},"end":{"line":19,"column":3}}},"4":{"name":"(anonymous_5)","decl":{"start":{"line":23,"column":22},"end":{"line":23,"column":23}},"loc":{"start":{"line":23,"column":66},"end":{"line":27,"column":1}}},"5":{"name":"(anonymous_6)","decl":{"start":{"line":24,"column":9},"end":{"line":24,"column":10}},"loc":{"start":{"line":24,"column":61},"end":{"line":26,"column":3}}}},"branchMap":{},"s":{"0":0,"1":0,"2":0,"3":0,"4":0,"5":0,"6":0,"7":0,"8":0,"9":0,"10":0,"11":0,"12":0,"13":0,"14":0,"15":0,"16":0,"17":0,"18":0,"19":0,"20":0,"21":0,"22":0,"23":0,"24":0,"25":0,"26":0,"27":0,"28":0,"29":0,"30":0,"31":0,"32":0,"33":0,"34":0,"35":0,"36":0},"f":{"0":0,"1":0,"2":0,"3":0,"4":0,"5":0},"b":{}}
,"/Users/job/Documents/Infopro/bolt/JFD Famille/backend/src/routes/userRoutes.ts": {"path":"/Users/job/Documents/Infopro/bolt/JFD Famille/backend/src/routes/userRoutes.ts","statementMap":{"0":{"start":{"line":1,"column":0},"end":{"line":1,"column":30}},"1":{"start":{"line":3,"column":0},"end":{"line":3,"column":44}},"2":{"start":{"line":4,"column":0},"end":{"line":4,"column":72}},"3":{"start":{"line":6,"column":15},"end":{"line":6,"column":31}},"4":{"start":{"line":9,"column":0},"end":{"line":9,"column":51}},"5":{"start":{"line":12,"column":0},"end":{"line":20,"column":41}},"6":{"start":{"line":12,"column":125},"end":{"line":20,"column":39}},"7":{"start":{"line":13,"column":2},"end":{"line":19,"column":3}},"8":{"start":{"line":14,"column":18},"end":{"line":14,"column":43}},"9":{"start":{"line":15,"column":4},"end":{"line":15,"column":39}},"10":{"start":{"line":17,"column":4},"end":{"line":17,"column":77}},"11":{"start":{"line":18,"column":4},"end":{"line":18,"column":63}},"12":{"start":{"line":22,"column":0},"end":{"line":53,"column":41}},"13":{"start":{"line":22,"column":126},"end":{"line":53,"column":39}},"14":{"start":{"line":23,"column":2},"end":{"line":52,"column":3}},"15":{"start":{"line":24,"column":21},"end":{"line":24,"column":29}},"16":{"start":{"line":27,"column":4},"end":{"line":29,"column":5}},"17":{"start":{"line":28,"column":6},"end":{"line":28,"column":69}},"18":{"start":{"line":32,"column":25},"end":{"line":32,"column":68}},"19":{"start":{"line":33,"column":4},"end":{"line":35,"column":5}},"20":{"start":{"line":34,"column":6},"end":{"line":34,"column":77}},"21":{"start":{"line":38,"column":20},"end":{"line":38,"column":52}},"22":{"start":{"line":41,"column":4},"end":{"line":48,"column":7}},"23":{"start":{"line":50,"column":4},"end":{"line":50,"column":74}},"24":{"start":{"line":51,"column":4},"end":{"line":51,"column":63}},"25":{"start":{"line":56,"column":0},"end":{"line":91,"column":41}},"26":{"start":{"line":56,"column":58},"end":{"line":91,"column":39}},"27":{"start":{"line":57,"column":2},"end":{"line":90,"column":3}},"28":{"start":{"line":58,"column":19},"end":{"line":58,"column":32}},"29":{"start":{"line":59,"column":30},"end":{"line":59,"column":49}},"30":{"start":{"line":60,"column":32},"end":{"line":60,"column":53}},"31":{"start":{"line":63,"column":4},"end":{"line":65,"column":5}},"32":{"start":{"line":64,"column":6},"end":{"line":64,"column":69}},"33":{"start":{"line":67,"column":17},"end":{"line":67,"column":49}},"34":{"start":{"line":69,"column":4},"end":{"line":71,"column":5}},"35":{"start":{"line":70,"column":6},"end":{"line":70,"column":73}},"36":{"start":{"line":74,"column":4},"end":{"line":86,"column":7}},"37":{"start":{"line":88,"column":4},"end":{"line":88,"column":78}},"38":{"start":{"line":89,"column":4},"end":{"line":89,"column":63}},"39":{"start":{"line":94,"column":0},"end":{"line":126,"column":41}},"40":{"start":{"line":94,"column":112},"end":{"line":126,"column":39}},"41":{"start":{"line":95,"column":2},"end":{"line":125,"column":3}},"42":{"start":{"line":96,"column":19},"end":{"line":96,"column":32}},"43":{"start":{"line":97,"column":21},"end":{"line":97,"column":29}},"44":{"start":{"line":100,"column":25},"end":{"line":100,"column":57}},"45":{"start":{"line":101,"column":4},"end":{"line":103,"column":5}},"46":{"start":{"line":102,"column":6},"end":{"line":102,"column":73}},"47":{"start":{"line":106,"column":24},"end":{"line":106,"column":64}},"48":{"start":{"line":109,"column":4},"end":{"line":121,"column":7}},"49":{"start":{"line":123,"column":4},"end":{"line":123,"column":77}},"50":{"start":{"line":124,"column":4},"end":{"line":124,"column":63}},"51":{"start":{"line":128,"column":0},"end":{"line":156,"column":41}},"52":{"start":{"line":128,"column":121},"end":{"line":156,"column":39}},"53":{"start":{"line":129,"column":2},"end":{"line":155,"column":3}},"54":{"start":{"line":130,"column":19},"end":{"line":130,"column":32}},"55":{"start":{"line":131,"column":23},"end":{"line":131,"column":31}},"56":{"start":{"line":134,"column":4},"end":{"line":136,"column":5}},"57":{"start":{"line":135,"column":6},"end":{"line":135,"column":66}},"58":{"start":{"line":139,"column":25},"end":{"line":139,"column":57}},"59":{"start":{"line":140,"column":4},"end":{"line":142,"column":5}},"60":{"start":{"line":141,"column":6},"end":{"line":141,"column":73}},"61":{"start":{"line":145,"column":24},"end":{"line":145,"column":66}},"62":{"start":{"line":147,"column":4},"end":{"line":151,"column":7}},"63":{"start":{"line":153,"column":4},"end":{"line":153,"column":87}},"64":{"start":{"line":154,"column":4},"end":{"line":154,"column":63}},"65":{"start":{"line":158,"column":0},"end":{"line":182,"column":41}},"66":{"start":{"line":158,"column":115},"end":{"line":182,"column":39}},"67":{"start":{"line":159,"column":2},"end":{"line":181,"column":3}},"68":{"start":{"line":160,"column":19},"end":{"line":160,"column":32}},"69":{"start":{"line":161,"column":30},"end":{"line":161,"column":49}},"70":{"start":{"line":164,"column":4},"end":{"line":166,"column":5}},"71":{"start":{"line":165,"column":6},"end":{"line":165,"column":99}},"72":{"start":{"line":169,"column":25},"end":{"line":169,"column":57}},"73":{"start":{"line":170,"column":4},"end":{"line":172,"column":5}},"74":{"start":{"line":171,"column":6},"end":{"line":171,"column":73}},"75":{"start":{"line":175,"column":4},"end":{"line":175,"column":35}},"76":{"start":{"line":177,"column":4},"end":{"line":177,"column":81}},"77":{"start":{"line":179,"column":4},"end":{"line":179,"column":77}},"78":{"start":{"line":180,"column":4},"end":{"line":180,"column":63}},"79":{"start":{"line":184,"column":0},"end":{"line":184,"column":22}}},"fnMap":{"0":{"name":"(anonymous_8)","decl":{"start":{"line":12,"column":87},"end":{"line":12,"column":94}},"loc":{"start":{"line":12,"column":125},"end":{"line":20,"column":39}}},"1":{"name":"(anonymous_9)","decl":{"start":{"line":12,"column":125},"end":{"line":12,"column":null}},"loc":{"start":{"line":12,"column":125},"end":{"line":20,"column":1}}},"2":{"name":"(anonymous_10)","decl":{"start":{"line":22,"column":88},"end":{"line":22,"column":95}},"loc":{"start":{"line":22,"column":126},"end":{"line":53,"column":39}}},"3":{"name":"(anonymous_11)","decl":{"start":{"line":22,"column":126},"end":{"line":22,"column":null}},"loc":{"start":{"line":22,"column":126},"end":{"line":53,"column":1}}},"4":{"name":"(anonymous_12)","decl":{"start":{"line":56,"column":20},"end":{"line":56,"column":27}},"loc":{"start":{"line":56,"column":58},"end":{"line":91,"column":39}}},"5":{"name":"(anonymous_13)","decl":{"start":{"line":56,"column":58},"end":{"line":56,"column":null}},"loc":{"start":{"line":56,"column":58},"end":{"line":91,"column":1}}},"6":{"name":"(anonymous_14)","decl":{"start":{"line":94,"column":74},"end":{"line":94,"column":81}},"loc":{"start":{"line":94,"column":112},"end":{"line":126,"column":39}}},"7":{"name":"(anonymous_15)","decl":{"start":{"line":94,"column":112},"end":{"line":94,"column":null}},"loc":{"start":{"line":94,"column":112},"end":{"line":126,"column":1}}},"8":{"name":"(anonymous_16)","decl":{"start":{"line":128,"column":83},"end":{"line":128,"column":90}},"loc":{"start":{"line":128,"column":121},"end":{"line":156,"column":39}}},"9":{"name":"(anonymous_17)","decl":{"start":{"line":128,"column":121},"end":{"line":128,"column":null}},"loc":{"start":{"line":128,"column":121},"end":{"line":156,"column":1}}},"10":{"name":"(anonymous_18)","decl":{"start":{"line":158,"column":77},"end":{"line":158,"column":84}},"loc":{"start":{"line":158,"column":115},"end":{"line":182,"column":39}}},"11":{"name":"(anonymous_19)","decl":{"start":{"line":158,"column":115},"end":{"line":158,"column":null}},"loc":{"start":{"line":158,"column":115},"end":{"line":182,"column":1}}}},"branchMap":{"0":{"loc":{"start":{"line":27,"column":4},"end":{"line":29,"column":5}},"type":"if","locations":[{"start":{"line":27,"column":4},"end":{"line":29,"column":5}}]},"1":{"loc":{"start":{"line":27,"column":8},"end":{"line":27,"column":81}},"type":"binary-expr","locations":[{"start":{"line":27,"column":8},"end":{"line":27,"column":23}},{"start":{"line":27,"column":27},"end":{"line":27,"column":45}},{"start":{"line":27,"column":49},"end":{"line":27,"column":63}},{"start":{"line":27,"column":67},"end":{"line":27,"column":81}}]},"2":{"loc":{"start":{"line":33,"column":4},"end":{"line":35,"column":5}},"type":"if","locations":[{"start":{"line":33,"column":4},"end":{"line":35,"column":5}}]},"3":{"loc":{"start":{"line":63,"column":4},"end":{"line":65,"column":5}},"type":"if","locations":[{"start":{"line":63,"column":4},"end":{"line":65,"column":5}}]},"4":{"loc":{"start":{"line":63,"column":8},"end":{"line":63,"column":100}},"type":"binary-expr","locations":[{"start":{"line":63,"column":8},"end":{"line":63,"column":35}},{"start":{"line":63,"column":39},"end":{"line":63,"column":100}}]},"5":{"loc":{"start":{"line":69,"column":4},"end":{"line":71,"column":5}},"type":"if","locations":[{"start":{"line":69,"column":4},"end":{"line":71,"column":5}}]},"6":{"loc":{"start":{"line":101,"column":4},"end":{"line":103,"column":5}},"type":"if","locations":[{"start":{"line":101,"column":4},"end":{"line":103,"column":5}}]},"7":{"loc":{"start":{"line":134,"column":4},"end":{"line":136,"column":5}},"type":"if","locations":[{"start":{"line":134,"column":4},"end":{"line":136,"column":5}}]},"8":{"loc":{"start":{"line":134,"column":8},"end":{"line":134,"column":59}},"type":"binary-expr","locations":[{"start":{"line":134,"column":8},"end":{"line":134,"column":15}},{"start":{"line":134,"column":19},"end":{"line":134,"column":59}}]},"9":{"loc":{"start":{"line":140,"column":4},"end":{"line":142,"column":5}},"type":"if","locations":[{"start":{"line":140,"column":4},"end":{"line":142,"column":5}}]},"10":{"loc":{"start":{"line":164,"column":4},"end":{"line":166,"column":5}},"type":"if","locations":[{"start":{"line":164,"column":4},"end":{"line":166,"column":5}}]},"11":{"loc":{"start":{"line":170,"column":4},"end":{"line":172,"column":5}},"type":"if","locations":[{"start":{"line":170,"column":4},"end":{"line":172,"column":5}}]}},"s":{"0":0,"1":0,"2":0,"3":0,"4":0,"5":0,"6":0,"7":0,"8":0,"9":0,"10":0,"11":0,"12":0,"13":0,"14":0,"15":0,"16":0,"17":0,"18":0,"19":0,"20":0,"21":0,"22":0,"23":0,"24":0,"25":0,"26":0,"27":0,"28":0,"29":0,"30":0,"31":0,"32":0,"33":0,"34":0,"35":0,"36":0,"37":0,"38":0,"39":0,"40":0,"41":0,"42":0,"43":0,"44":0,"45":0,"46":0,"47":0,"48":0,"49":0,"50":0,"51":0,"52":0,"53":0,"54":0,"55":0,"56":0,"57":0,"58":0,"59":0,"60":0,"61":0,"62":0,"63":0,"64":0,"65":0,"66":0,"67":0,"68":0,"69":0,"70":0,"71":0,"72":0,"73":0,"74":0,"75":0,"76":0,"77":0,"78":0,"79":0},"f":{"0":0,"1":0,"2":0,"3":0,"4":0,"5":0,"6":0,"7":0,"8":0,"9":0,"10":0,"11":0},"b":{"0":[0],"1":[0,0,0,0],"2":[0],"3":[0],"4":[0,0],"5":[0],"6":[0],"7":[0],"8":[0,0],"9":[0],"10":[0],"11":[0]}}
,"/Users/job/Documents/Infopro/bolt/JFD Famille/backend/src/utils/audit.ts": {"path":"/Users/job/Documents/Infopro/bolt/JFD Famille/backend/src/utils/audit.ts","statementMap":{"0":{"start":{"line":19,"column":0},"end":{"line":19,"column":22}},"1":{"start":{"line":42,"column":0},"end":{"line":42,"column":22}},"2":{"start":{"line":1,"column":0},"end":{"line":1,"column":32}},"3":{"start":{"line":2,"column":0},"end":{"line":2,"column":36}},"4":{"start":{"line":26,"column":2},"end":{"line":35,"column":3}},"5":{"start":{"line":27,"column":4},"end":{"line":31,"column":6}},"6":{"start":{"line":33,"column":4},"end":{"line":33,"column":87}},"7":{"start":{"line":43,"column":2},"end":{"line":54,"column":3}},"8":{"start":{"line":44,"column":65},"end":{"line":44,"column":69}},"9":{"start":{"line":46,"column":4},"end":{"line":50,"column":6}},"10":{"start":{"line":52,"column":4},"end":{"line":52,"column":72}}},"fnMap":{"0":{"name":"logAuditEvent","decl":{"start":{"line":19,"column":22},"end":{"line":19,"column":35}},"loc":{"start":{"line":24,"column":21},"end":{"line":36,"column":null}}},"1":{"name":"createAuditLog","decl":{"start":{"line":42,"column":22},"end":{"line":42,"column":36}},"loc":{"start":{"line":42,"column":55},"end":{"line":55,"column":null}}}},"branchMap":{"0":{"loc":{"start":{"line":30,"column":33},"end":{"line":30,"column":49}},"type":"binary-expr","locations":[{"start":{"line":30,"column":33},"end":{"line":30,"column":41}},{"start":{"line":30,"column":45},"end":{"line":30,"column":49}}]},"1":{"loc":{"start":{"line":30,"column":51},"end":{"line":30,"column":69}},"type":"binary-expr","locations":[{"start":{"line":30,"column":51},"end":{"line":30,"column":61}},{"start":{"line":30,"column":65},"end":{"line":30,"column":69}}]},"2":{"loc":{"start":{"line":30,"column":71},"end":{"line":30,"column":111}},"type":"cond-expr","locations":[{"start":{"line":30,"column":81},"end":{"line":30,"column":104}},{"start":{"line":30,"column":107},"end":{"line":30,"column":111}}]},"3":{"loc":{"start":{"line":49,"column":34},"end":{"line":49,"column":51}},"type":"binary-expr","locations":[{"start":{"line":49,"column":34},"end":{"line":49,"column":43}},{"start":{"line":49,"column":47},"end":{"line":49,"column":51}}]},"4":{"loc":{"start":{"line":49,"column":53},"end":{"line":49,"column":72}},"type":"binary-expr","locations":[{"start":{"line":49,"column":53},"end":{"line":49,"column":64}},{"start":{"line":49,"column":68},"end":{"line":49,"column":72}}]},"5":{"loc":{"start":{"line":49,"column":74},"end":{"line":49,"column":114}},"type":"cond-expr","locations":[{"start":{"line":49,"column":84},"end":{"line":49,"column":107}},{"start":{"line":49,"column":110},"end":{"line":49,"column":114}}]}},"s":{"0":0,"1":0,"2":0,"3":0,"4":0,"5":0,"6":0,"7":0,"8":0,"9":0,"10":0},"f":{"0":0,"1":0},"b":{"0":[0,0],"1":[0,0],"2":[0,0],"3":[0,0],"4":[0,0],"5":[0,0]}}
,"/Users/job/Documents/Infopro/bolt/JFD Famille/backend/src/utils/logger.ts": {"path":"/Users/job/Documents/Infopro/bolt/JFD Famille/backend/src/utils/logger.ts","statementMap":{"0":{"start":{"line":1,"column":0},"end":{"line":1,"column":30}},"1":{"start":{"line":2,"column":0},"end":{"line":2,"column":24}},"2":{"start":{"line":5,"column":18},"end":{"line":9,"column":null}},"3":{"start":{"line":8,"column":4},"end":{"line":8,"column":63}},"4":{"start":{"line":13,"column":13},"end":{"line":33,"column":3}}},"fnMap":{"0":{"name":"(anonymous_1)","decl":{"start":{"line":7,"column":24},"end":{"line":7,"column":25}},"loc":{"start":{"line":7,"column":58},"end":{"line":9,"column":3}}}},"branchMap":{"0":{"loc":{"start":{"line":14,"column":9},"end":{"line":14,"column":65}},"type":"cond-expr","locations":[{"start":{"line":14,"column":49},"end":{"line":14,"column":55}},{"start":{"line":14,"column":58},"end":{"line":14,"column":65}}]}},"s":{"0":0,"1":0,"2":0,"3":0,"4":0},"f":{"0":0},"b":{"0":[0,0]}}
,"/Users/job/Documents/Infopro/bolt/JFD Famille/backend/src/utils/routeWrappers.ts": {"path":"/Users/job/Documents/Infopro/bolt/JFD Famille/backend/src/utils/routeWrappers.ts","statementMap":{"0":{"start":{"line":2,"column":0},"end":{"line":2,"column":52}},"1":{"start":{"line":7,"column":30},"end":{"line":11,"column":1}},"2":{"start":{"line":8,"column":2},"end":{"line":10,"column":4}},"3":{"start":{"line":9,"column":4},"end":{"line":9,"column":60}},"4":{"start":{"line":7,"column":13},"end":{"line":7,"column":30}},"5":{"start":{"line":16,"column":30},"end":{"line":20,"column":1}},"6":{"start":{"line":17,"column":2},"end":{"line":19,"column":4}},"7":{"start":{"line":18,"column":4},"end":{"line":18,"column":54}},"8":{"start":{"line":16,"column":13},"end":{"line":16,"column":30}},"9":{"start":{"line":25,"column":29},"end":{"line":29,"column":1}},"10":{"start":{"line":26,"column":2},"end":{"line":28,"column":4}},"11":{"start":{"line":27,"column":4},"end":{"line":27,"column":66}},"12":{"start":{"line":25,"column":13},"end":{"line":25,"column":29}}},"fnMap":{"0":{"name":"(anonymous_0)","decl":{"start":{"line":7,"column":30},"end":{"line":7,"column":31}},"loc":{"start":{"line":7,"column":79},"end":{"line":11,"column":1}}},"1":{"name":"(anonymous_1)","decl":{"start":{"line":8,"column":9},"end":{"line":8,"column":10}},"loc":{"start":{"line":8,"column":61},"end":{"line":10,"column":3}}},"2":{"name":"(anonymous_2)","decl":{"start":{"line":16,"column":30},"end":{"line":16,"column":31}},"loc":{"start":{"line":16,"column":79},"end":{"line":20,"column":1}}},"3":{"name":"(anonymous_3)","decl":{"start":{"line":17,"column":9},"end":{"line":17,"column":10}},"loc":{"start":{"line":17,"column":61},"end":{"line":19,"column":3}}},"4":{"name":"(anonymous_4)","decl":{"start":{"line":25,"column":29},"end":{"line":25,"column":30}},"loc":{"start":{"line":25,"column":73},"end":{"line":29,"column":1}}},"5":{"name":"(anonymous_5)","decl":{"start":{"line":26,"column":9},"end":{"line":26,"column":10}},"loc":{"start":{"line":26,"column":61},"end":{"line":28,"column":3}}}},"branchMap":{},"s":{"0":0,"1":0,"2":0,"3":0,"4":0,"5":0,"6":0,"7":0,"8":0,"9":0,"10":0,"11":0,"12":0},"f":{"0":0,"1":0,"2":0,"3":0,"4":0,"5":0},"b":{}}
}
