TN:
SF:src/controllers/authController.ts
FN:13,(anonymous_8)
FN:66,(anonymous_10)
FN:101,(anonymous_12)
FN:115,(anonymous_14)
FNF:4
FNH:0
FNDA:0,(anonymous_8)
FNDA:0,(anonymous_10)
FNDA:0,(anonymous_12)
FNDA:0,(anonymous_14)
DA:2,0
DA:3,0
DA:6,0
DA:7,0
DA:14,0
DA:15,0
DA:18,0
DA:19,0
DA:23,0
DA:25,0
DA:26,0
DA:30,0
DA:31,0
DA:35,0
DA:46,0
DA:58,0
DA:59,0
DA:67,0
DA:69,0
DA:71,0
DA:73,0
DA:74,0
DA:78,0
DA:92,0
DA:93,0
DA:102,0
DA:103,0
DA:105,0
DA:107,0
DA:108,0
DA:116,0
DA:117,0
DA:118,0
DA:121,0
DA:122,0
DA:126,0
DA:128,0
DA:129,0
DA:133,0
DA:135,0
DA:136,0
DA:140,0
DA:144,0
DA:146,0
DA:147,0
DA:152,0
LF:46
LH:0
BRDA:6,0,0,0
BRDA:6,0,1,0
BRDA:7,1,0,0
BRDA:7,1,1,0
BRDA:18,2,0,0
BRDA:18,3,0,0
BRDA:18,3,1,0
BRDA:25,4,0,0
BRDA:30,5,0,0
BRDA:73,6,0,0
BRDA:121,7,0,0
BRDA:121,8,0,0
BRDA:121,8,1,0
BRDA:128,9,0,0
BRDA:135,10,0,0
BRF:15
BRH:0
end_of_record
TN:
SF:src/controllers/contributionController.ts
FN:12,(anonymous_8)
FN:25,(anonymous_10)
FN:44,(anonymous_12)
FN:58,(anonymous_14)
FN:77,(anonymous_16)
FN:156,(anonymous_18)
FN:241,(anonymous_20)
FN:286,(anonymous_22)
FN:323,(anonymous_24)
FN:338,(anonymous_25)
FN:351,(anonymous_27)
FN:365,(anonymous_29)
FN:379,(anonymous_31)
FN:392,(anonymous_33)
FN:405,(anonymous_35)
FNF:15
FNH:0
FNDA:0,(anonymous_8)
FNDA:0,(anonymous_10)
FNDA:0,(anonymous_12)
FNDA:0,(anonymous_14)
FNDA:0,(anonymous_16)
FNDA:0,(anonymous_18)
FNDA:0,(anonymous_20)
FNDA:0,(anonymous_22)
FNDA:0,(anonymous_24)
FNDA:0,(anonymous_25)
FNDA:0,(anonymous_27)
FNDA:0,(anonymous_29)
FNDA:0,(anonymous_31)
FNDA:0,(anonymous_33)
FNDA:0,(anonymous_35)
DA:2,0
DA:3,0
DA:4,0
DA:5,0
DA:6,0
DA:8,0
DA:13,0
DA:14,0
DA:15,0
DA:17,0
DA:18,0
DA:26,0
DA:27,0
DA:28,0
DA:30,0
DA:31,0
DA:34,0
DA:36,0
DA:37,0
DA:45,0
DA:46,0
DA:47,0
DA:48,0
DA:50,0
DA:51,0
DA:59,0
DA:60,0
DA:62,0
DA:63,0
DA:66,0
DA:67,0
DA:69,0
DA:70,0
DA:78,0
DA:79,0
DA:89,0
DA:92,0
DA:93,0
DA:97,0
DA:98,0
DA:101,0
DA:104,0
DA:105,0
DA:106,0
DA:109,0
DA:110,0
DA:114,0
DA:115,0
DA:116,0
DA:119,0
DA:121,0
DA:125,0
DA:138,0
DA:146,0
DA:148,0
DA:149,0
DA:157,0
DA:158,0
DA:159,0
DA:162,0
DA:163,0
DA:164,0
DA:173,0
DA:176,0
DA:178,0
DA:179,0
DA:180,0
DA:182,0
DA:185,0
DA:186,0
DA:187,0
DA:188,0
DA:191,0
DA:192,0
DA:193,0
DA:196,0
DA:197,0
DA:201,0
DA:202,0
DA:203,0
DA:204,0
DA:209,0
DA:210,0
DA:211,0
DA:214,0
DA:216,0
DA:220,0
DA:223,0
DA:231,0
DA:233,0
DA:234,0
DA:242,0
DA:243,0
DA:244,0
DA:247,0
DA:248,0
DA:249,0
DA:253,0
DA:254,0
DA:255,0
DA:256,0
DA:261,0
DA:263,0
DA:264,0
DA:268,0
DA:276,0
DA:278,0
DA:279,0
DA:287,0
DA:288,0
DA:289,0
DA:292,0
DA:293,0
DA:294,0
DA:295,0
DA:299,0
DA:300,0
DA:301,0
DA:305,0
DA:308,0
DA:309,0
DA:310,0
DA:314,0
DA:323,0
DA:324,0
DA:325,0
DA:326,0
DA:330,0
DA:331,0
DA:339,0
DA:340,0
DA:341,0
DA:343,0
DA:344,0
DA:352,0
DA:353,0
DA:354,0
DA:355,0
DA:357,0
DA:358,0
DA:366,0
DA:367,0
DA:368,0
DA:369,0
DA:371,0
DA:372,0
DA:380,0
DA:381,0
DA:382,0
DA:384,0
DA:385,0
DA:393,0
DA:394,0
DA:395,0
DA:397,0
DA:398,0
DA:406,0
DA:407,0
DA:408,0
DA:409,0
DA:411,0
DA:412,0
DA:417,0
LF:163
LH:0
BRDA:30,0,0,0
BRDA:62,1,0,0
BRDA:92,2,0,0
BRDA:92,3,0,0
BRDA:92,3,1,0
BRDA:92,3,2,0
BRDA:92,3,3,0
BRDA:92,3,4,0
BRDA:92,3,5,0
BRDA:97,4,0,0
BRDA:104,5,0,0
BRDA:105,6,0,0
BRDA:105,6,1,0
BRDA:109,7,0,0
BRDA:163,8,0,0
BRDA:178,9,0,0
BRDA:179,10,0,0
BRDA:185,11,0,0
BRDA:186,12,0,0
BRDA:187,13,0,0
BRDA:188,14,0,0
BRDA:191,15,0,0
BRDA:192,16,0,0
BRDA:192,16,1,0
BRDA:196,17,0,0
BRDA:201,18,0,0
BRDA:203,19,0,0
BRDA:248,20,0,0
BRDA:253,21,0,0
BRDA:255,22,0,0
BRDA:263,23,0,0
BRDA:293,24,0,0
BRDA:299,25,0,0
BRDA:308,26,0,0
BRDA:324,27,0,0
BRDA:367,28,0,0
BRDA:367,28,1,0
BRDA:407,29,0,0
BRDA:407,29,1,0
BRF:39
BRH:0
end_of_record
TN:
SF:src/controllers/documentController.ts
FN:12,(anonymous_8)
FN:19,(anonymous_9)
FN:29,(anonymous_11)
FN:45,(anonymous_13)
FN:56,(anonymous_15)
FN:67,(anonymous_17)
FN:114,(anonymous_19)
FN:173,(anonymous_21)
FN:213,(anonymous_23)
FN:244,(anonymous_25)
FN:258,(anonymous_26)
FN:268,(anonymous_28)
FN:284,(anonymous_30)
FN:315,(anonymous_32)
FN:351,(anonymous_34)
FNF:15
FNH:0
FNDA:0,(anonymous_8)
FNDA:0,(anonymous_9)
FNDA:0,(anonymous_11)
FNDA:0,(anonymous_13)
FNDA:0,(anonymous_15)
FNDA:0,(anonymous_17)
FNDA:0,(anonymous_19)
FNDA:0,(anonymous_21)
FNDA:0,(anonymous_23)
FNDA:0,(anonymous_25)
FNDA:0,(anonymous_26)
FNDA:0,(anonymous_28)
FNDA:0,(anonymous_30)
FNDA:0,(anonymous_32)
FNDA:0,(anonymous_34)
DA:2,0
DA:3,0
DA:4,0
DA:5,0
DA:6,0
DA:8,0
DA:13,0
DA:14,0
DA:20,0
DA:21,0
DA:22,0
DA:24,0
DA:25,0
DA:30,0
DA:31,0
DA:32,0
DA:34,0
DA:35,0
DA:38,0
DA:40,0
DA:41,0
DA:46,0
DA:47,0
DA:48,0
DA:49,0
DA:51,0
DA:52,0
DA:57,0
DA:58,0
DA:59,0
DA:60,0
DA:62,0
DA:63,0
DA:68,0
DA:70,0
DA:71,0
DA:74,0
DA:75,0
DA:78,0
DA:79,0
DA:82,0
DA:85,0
DA:88,0
DA:99,0
DA:107,0
DA:109,0
DA:110,0
DA:115,0
DA:116,0
DA:117,0
DA:118,0
DA:121,0
DA:122,0
DA:123,0
DA:127,0
DA:128,0
DA:129,0
DA:130,0
DA:133,0
DA:135,0
DA:136,0
DA:137,0
DA:141,0
DA:142,0
DA:143,0
DA:146,0
DA:149,0
DA:150,0
DA:151,0
DA:155,0
DA:158,0
DA:166,0
DA:168,0
DA:169,0
DA:174,0
DA:175,0
DA:176,0
DA:179,0
DA:180,0
DA:181,0
DA:185,0
DA:186,0
DA:187,0
DA:191,0
DA:193,0
DA:194,0
DA:198,0
DA:206,0
DA:208,0
DA:209,0
DA:214,0
DA:215,0
DA:216,0
DA:219,0
DA:220,0
DA:221,0
DA:222,0
DA:226,0
DA:229,0
DA:230,0
DA:231,0
DA:235,0
DA:244,0
DA:245,0
DA:246,0
DA:247,0
DA:251,0
DA:252,0
DA:259,0
DA:260,0
DA:261,0
DA:263,0
DA:264,0
DA:269,0
DA:270,0
DA:271,0
DA:273,0
DA:274,0
DA:277,0
DA:279,0
DA:280,0
DA:285,0
DA:286,0
DA:287,0
DA:289,0
DA:290,0
DA:293,0
DA:300,0
DA:308,0
DA:310,0
DA:311,0
DA:316,0
DA:317,0
DA:318,0
DA:319,0
DA:322,0
DA:323,0
DA:324,0
DA:328,0
DA:329,0
DA:330,0
DA:333,0
DA:336,0
DA:344,0
DA:346,0
DA:347,0
DA:352,0
DA:353,0
DA:354,0
DA:357,0
DA:358,0
DA:359,0
DA:363,0
DA:365,0
DA:366,0
DA:370,0
DA:378,0
DA:380,0
DA:381,0
LF:159
LH:0
BRDA:14,0,0,0
BRDA:14,0,1,0
BRDA:34,1,0,0
BRDA:70,2,0,0
BRDA:94,3,0,0
BRDA:94,3,1,0
BRDA:122,4,0,0
BRDA:128,5,0,0
BRDA:129,6,0,0
BRDA:130,7,0,0
BRDA:130,8,0,0
BRDA:130,8,1,0
BRDA:133,9,0,0
BRDA:136,10,0,0
BRDA:180,11,0,0
BRDA:186,12,0,0
BRDA:193,13,0,0
BRDA:220,14,0,0
BRDA:229,15,0,0
BRDA:245,16,0,0
BRDA:273,17,0,0
BRDA:289,18,0,0
BRDA:323,19,0,0
BRDA:329,20,0,0
BRDA:330,21,0,0
BRDA:358,22,0,0
BRDA:365,23,0,0
BRF:27
BRH:0
end_of_record
TN:
SF:src/controllers/eventController.ts
FN:12,(anonymous_8)
FN:29,(anonymous_10)
FN:55,(anonymous_12)
FN:118,(anonymous_14)
FN:183,(anonymous_16)
FN:225,(anonymous_18)
FN:255,(anonymous_20)
FN:315,(anonymous_22)
FN:367,(anonymous_24)
FN:409,(anonymous_26)
FN:439,(anonymous_28)
FN:511,(anonymous_30)
FN:572,(anonymous_32)
FN:614,(anonymous_34)
FN:644,(anonymous_36)
FN:705,(anonymous_38)
FN:766,(anonymous_40)
FNF:17
FNH:0
FNDA:0,(anonymous_8)
FNDA:0,(anonymous_10)
FNDA:0,(anonymous_12)
FNDA:0,(anonymous_14)
FNDA:0,(anonymous_16)
FNDA:0,(anonymous_18)
FNDA:0,(anonymous_20)
FNDA:0,(anonymous_22)
FNDA:0,(anonymous_24)
FNDA:0,(anonymous_26)
FNDA:0,(anonymous_28)
FNDA:0,(anonymous_30)
FNDA:0,(anonymous_32)
FNDA:0,(anonymous_34)
FNDA:0,(anonymous_36)
FNDA:0,(anonymous_38)
FNDA:0,(anonymous_40)
DA:2,0
DA:3,0
DA:13,0
DA:14,0
DA:15,0
DA:17,0
DA:18,0
DA:30,0
DA:31,0
DA:32,0
DA:34,0
DA:35,0
DA:41,0
DA:43,0
DA:44,0
DA:56,0
DA:65,0
DA:68,0
DA:69,0
DA:76,0
DA:78,0
DA:89,0
DA:92,0
DA:100,0
DA:106,0
DA:107,0
DA:119,0
DA:120,0
DA:121,0
DA:124,0
DA:125,0
DA:132,0
DA:133,0
DA:136,0
DA:137,0
DA:140,0
DA:141,0
DA:144,0
DA:146,0
DA:147,0
DA:154,0
DA:157,0
DA:165,0
DA:171,0
DA:172,0
DA:184,0
DA:185,0
DA:187,0
DA:189,0
DA:190,0
DA:197,0
DA:200,0
DA:208,0
DA:213,0
DA:214,0
DA:226,0
DA:227,0
DA:230,0
DA:232,0
DA:233,0
DA:239,0
DA:241,0
DA:243,0
DA:244,0
DA:256,0
DA:257,0
DA:260,0
DA:261,0
DA:268,0
DA:270,0
DA:271,0
DA:277,0
DA:283,0
DA:286,0
DA:289,0
DA:297,0
DA:303,0
DA:304,0
DA:316,0
DA:317,0
DA:318,0
DA:321,0
DA:322,0
DA:328,0
DA:330,0
DA:331,0
DA:338,0
DA:341,0
DA:349,0
DA:355,0
DA:356,0
DA:368,0
DA:369,0
DA:371,0
DA:373,0
DA:374,0
DA:381,0
DA:384,0
DA:392,0
DA:397,0
DA:398,0
DA:410,0
DA:411,0
DA:414,0
DA:416,0
DA:417,0
DA:423,0
DA:425,0
DA:427,0
DA:428,0
DA:440,0
DA:449,0
DA:452,0
DA:453,0
DA:460,0
DA:462,0
DA:463,0
DA:469,0
DA:479,0
DA:482,0
DA:485,0
DA:493,0
DA:499,0
DA:500,0
DA:512,0
DA:513,0
DA:514,0
DA:517,0
DA:518,0
DA:525,0
DA:526,0
DA:529,0
DA:530,0
DA:533,0
DA:535,0
DA:536,0
DA:543,0
DA:546,0
DA:554,0
DA:560,0
DA:561,0
DA:573,0
DA:574,0
DA:576,0
DA:578,0
DA:579,0
DA:586,0
DA:589,0
DA:597,0
DA:602,0
DA:603,0
DA:615,0
DA:616,0
DA:619,0
DA:621,0
DA:622,0
DA:628,0
DA:630,0
DA:632,0
DA:633,0
DA:645,0
DA:646,0
DA:649,0
DA:650,0
DA:657,0
DA:659,0
DA:660,0
DA:666,0
DA:673,0
DA:676,0
DA:679,0
DA:687,0
DA:693,0
DA:694,0
DA:706,0
DA:707,0
DA:708,0
DA:711,0
DA:712,0
DA:719,0
DA:720,0
DA:723,0
DA:724,0
DA:727,0
DA:729,0
DA:730,0
DA:737,0
DA:740,0
DA:748,0
DA:754,0
DA:755,0
DA:767,0
DA:768,0
DA:770,0
DA:772,0
DA:773,0
DA:780,0
DA:783,0
DA:791,0
DA:796,0
DA:797,0
DA:806,0
LF:202
LH:0
BRDA:21,0,0,0
BRDA:21,0,1,0
BRDA:34,1,0,0
BRDA:47,2,0,0
BRDA:47,2,1,0
BRDA:68,3,0,0
BRDA:68,4,0,0
BRDA:68,4,1,0
BRDA:68,4,2,0
BRDA:76,5,0,0
BRDA:76,5,1,0
BRDA:76,6,0,0
BRDA:76,6,1,0
BRDA:83,7,0,0
BRDA:83,7,1,0
BRDA:84,8,0,0
BRDA:84,8,1,0
BRDA:110,9,0,0
BRDA:110,9,1,0
BRDA:124,10,0,0
BRDA:132,11,0,0
BRDA:136,12,0,0
BRDA:140,13,0,0
BRDA:146,14,0,0
BRDA:154,15,0,0
BRDA:154,15,1,0
BRDA:154,16,0,0
BRDA:154,16,1,0
BRDA:175,17,0,0
BRDA:175,17,1,0
BRDA:189,18,0,0
BRDA:197,19,0,0
BRDA:197,19,1,0
BRDA:197,20,0,0
BRDA:197,20,1,0
BRDA:217,21,0,0
BRDA:217,21,1,0
BRDA:232,22,0,0
BRDA:247,23,0,0
BRDA:247,23,1,0
BRDA:260,24,0,0
BRDA:260,25,0,0
BRDA:260,25,1,0
BRDA:260,25,2,0
BRDA:270,26,0,0
BRDA:286,27,0,0
BRDA:286,27,1,0
BRDA:286,28,0,0
BRDA:286,28,1,0
BRDA:307,29,0,0
BRDA:307,29,1,0
BRDA:321,30,0,0
BRDA:330,31,0,0
BRDA:338,32,0,0
BRDA:338,32,1,0
BRDA:338,33,0,0
BRDA:338,33,1,0
BRDA:359,34,0,0
BRDA:359,34,1,0
BRDA:373,35,0,0
BRDA:381,36,0,0
BRDA:381,36,1,0
BRDA:381,37,0,0
BRDA:381,37,1,0
BRDA:401,38,0,0
BRDA:401,38,1,0
BRDA:416,39,0,0
BRDA:431,40,0,0
BRDA:431,40,1,0
BRDA:452,41,0,0
BRDA:452,42,0,0
BRDA:452,42,1,0
BRDA:452,42,2,0
BRDA:452,42,3,0
BRDA:452,42,4,0
BRDA:452,42,5,0
BRDA:462,43,0,0
BRDA:482,44,0,0
BRDA:482,44,1,0
BRDA:482,45,0,0
BRDA:482,45,1,0
BRDA:503,46,0,0
BRDA:503,46,1,0
BRDA:517,47,0,0
BRDA:525,48,0,0
BRDA:529,49,0,0
BRDA:535,50,0,0
BRDA:543,51,0,0
BRDA:543,51,1,0
BRDA:543,52,0,0
BRDA:543,52,1,0
BRDA:564,53,0,0
BRDA:564,53,1,0
BRDA:578,54,0,0
BRDA:586,55,0,0
BRDA:586,55,1,0
BRDA:586,56,0,0
BRDA:586,56,1,0
BRDA:606,57,0,0
BRDA:606,57,1,0
BRDA:621,58,0,0
BRDA:636,59,0,0
BRDA:636,59,1,0
BRDA:649,60,0,0
BRDA:649,61,0,0
BRDA:649,61,1,0
BRDA:649,61,2,0
BRDA:659,62,0,0
BRDA:670,63,0,0
BRDA:670,63,1,0
BRDA:676,64,0,0
BRDA:676,64,1,0
BRDA:676,65,0,0
BRDA:676,65,1,0
BRDA:697,66,0,0
BRDA:697,66,1,0
BRDA:711,67,0,0
BRDA:719,68,0,0
BRDA:723,69,0,0
BRDA:729,70,0,0
BRDA:737,71,0,0
BRDA:737,71,1,0
BRDA:737,72,0,0
BRDA:737,72,1,0
BRDA:758,73,0,0
BRDA:758,73,1,0
BRDA:772,74,0,0
BRDA:780,75,0,0
BRDA:780,75,1,0
BRDA:780,76,0,0
BRDA:780,76,1,0
BRDA:800,77,0,0
BRDA:800,77,1,0
BRF:133
BRH:0
end_of_record
TN:
SF:src/controllers/familyController.ts
FN:12,(anonymous_8)
FN:25,(anonymous_10)
FN:44,(anonymous_12)
FN:63,(anonymous_14)
FN:77,(anonymous_16)
FN:96,(anonymous_18)
FN:176,(anonymous_20)
FN:271,(anonymous_22)
FN:316,(anonymous_24)
FN:343,(anonymous_26)
FN:358,(anonymous_27)
FN:371,(anonymous_29)
FN:390,(anonymous_31)
FN:404,(anonymous_33)
FN:499,(anonymous_35)
FN:549,(anonymous_37)
FN:586,(anonymous_39)
FN:599,(anonymous_41)
FNF:18
FNH:0
FNDA:0,(anonymous_8)
FNDA:0,(anonymous_10)
FNDA:0,(anonymous_12)
FNDA:0,(anonymous_14)
FNDA:0,(anonymous_16)
FNDA:0,(anonymous_18)
FNDA:0,(anonymous_20)
FNDA:0,(anonymous_22)
FNDA:0,(anonymous_24)
FNDA:0,(anonymous_26)
FNDA:0,(anonymous_27)
FNDA:0,(anonymous_29)
FNDA:0,(anonymous_31)
FNDA:0,(anonymous_33)
FNDA:0,(anonymous_35)
FNDA:0,(anonymous_37)
FNDA:0,(anonymous_39)
FNDA:0,(anonymous_41)
DA:2,0
DA:3,0
DA:4,0
DA:5,0
DA:6,0
DA:8,0
DA:13,0
DA:14,0
DA:15,0
DA:17,0
DA:18,0
DA:26,0
DA:27,0
DA:28,0
DA:30,0
DA:31,0
DA:34,0
DA:36,0
DA:37,0
DA:45,0
DA:46,0
DA:47,0
DA:49,0
DA:50,0
DA:53,0
DA:55,0
DA:56,0
DA:64,0
DA:65,0
DA:66,0
DA:67,0
DA:69,0
DA:70,0
DA:78,0
DA:79,0
DA:81,0
DA:82,0
DA:85,0
DA:86,0
DA:88,0
DA:89,0
DA:97,0
DA:98,0
DA:111,0
DA:114,0
DA:115,0
DA:118,0
DA:121,0
DA:122,0
DA:123,0
DA:126,0
DA:127,0
DA:131,0
DA:132,0
DA:133,0
DA:136,0
DA:138,0
DA:142,0
DA:158,0
DA:166,0
DA:168,0
DA:169,0
DA:177,0
DA:178,0
DA:179,0
DA:182,0
DA:183,0
DA:184,0
DA:199,0
DA:202,0
DA:204,0
DA:205,0
DA:206,0
DA:207,0
DA:208,0
DA:209,0
DA:210,0
DA:211,0
DA:212,0
DA:213,0
DA:214,0
DA:217,0
DA:218,0
DA:219,0
DA:222,0
DA:223,0
DA:227,0
DA:228,0
DA:229,0
DA:230,0
DA:235,0
DA:236,0
DA:237,0
DA:240,0
DA:242,0
DA:246,0
DA:248,0
DA:249,0
DA:253,0
DA:261,0
DA:263,0
DA:264,0
DA:272,0
DA:273,0
DA:274,0
DA:277,0
DA:278,0
DA:279,0
DA:283,0
DA:284,0
DA:285,0
DA:286,0
DA:291,0
DA:293,0
DA:294,0
DA:298,0
DA:306,0
DA:308,0
DA:309,0
DA:317,0
DA:318,0
DA:321,0
DA:322,0
DA:323,0
DA:324,0
DA:328,0
DA:329,0
DA:330,0
DA:334,0
DA:337,0
DA:338,0
DA:339,0
DA:343,0
DA:344,0
DA:345,0
DA:346,0
DA:350,0
DA:351,0
DA:359,0
DA:360,0
DA:361,0
DA:363,0
DA:364,0
DA:372,0
DA:373,0
DA:374,0
DA:376,0
DA:377,0
DA:380,0
DA:382,0
DA:383,0
DA:391,0
DA:392,0
DA:393,0
DA:394,0
DA:396,0
DA:397,0
DA:405,0
DA:406,0
DA:414,0
DA:417,0
DA:418,0
DA:422,0
DA:423,0
DA:425,0
DA:426,0
DA:430,0
DA:431,0
DA:438,0
DA:439,0
DA:444,0
DA:445,0
DA:446,0
DA:451,0
DA:452,0
DA:453,0
DA:458,0
DA:459,0
DA:460,0
DA:467,0
DA:470,0
DA:481,0
DA:489,0
DA:491,0
DA:492,0
DA:500,0
DA:501,0
DA:502,0
DA:505,0
DA:506,0
DA:507,0
DA:514,0
DA:517,0
DA:519,0
DA:520,0
DA:521,0
DA:524,0
DA:526,0
DA:527,0
DA:531,0
DA:539,0
DA:541,0
DA:542,0
DA:550,0
DA:551,0
DA:552,0
DA:555,0
DA:556,0
DA:557,0
DA:561,0
DA:563,0
DA:564,0
DA:568,0
DA:576,0
DA:578,0
DA:579,0
DA:587,0
DA:588,0
DA:589,0
DA:591,0
DA:592,0
DA:600,0
DA:601,0
DA:602,0
DA:605,0
DA:606,0
DA:607,0
DA:610,0
DA:611,0
DA:613,0
DA:614,0
DA:619,0
LF:232
LH:0
BRDA:30,0,0,0
BRDA:49,1,0,0
BRDA:81,2,0,0
BRDA:81,3,0,0
BRDA:81,3,1,0
BRDA:114,4,0,0
BRDA:114,5,0,0
BRDA:114,5,1,0
BRDA:114,5,2,0
BRDA:121,6,0,0
BRDA:122,7,0,0
BRDA:122,7,1,0
BRDA:126,8,0,0
BRDA:148,9,0,0
BRDA:148,9,1,0
BRDA:150,10,0,0
BRDA:150,10,1,0
BRDA:154,11,0,0
BRDA:154,11,1,0
BRDA:183,12,0,0
BRDA:204,13,0,0
BRDA:205,14,0,0
BRDA:206,15,0,0
BRDA:207,16,0,0
BRDA:208,17,0,0
BRDA:209,18,0,0
BRDA:209,19,0,0
BRDA:209,19,1,0
BRDA:210,20,0,0
BRDA:211,21,0,0
BRDA:211,22,0,0
BRDA:211,22,1,0
BRDA:212,23,0,0
BRDA:213,24,0,0
BRDA:214,25,0,0
BRDA:217,26,0,0
BRDA:218,27,0,0
BRDA:218,27,1,0
BRDA:222,28,0,0
BRDA:227,29,0,0
BRDA:229,30,0,0
BRDA:248,31,0,0
BRDA:278,32,0,0
BRDA:283,33,0,0
BRDA:285,34,0,0
BRDA:293,35,0,0
BRDA:322,36,0,0
BRDA:328,37,0,0
BRDA:337,38,0,0
BRDA:344,39,0,0
BRDA:376,40,0,0
BRDA:417,41,0,0
BRDA:417,42,0,0
BRDA:417,42,1,0
BRDA:417,42,2,0
BRDA:425,43,0,0
BRDA:425,44,0,0
BRDA:425,44,1,0
BRDA:430,45,0,0
BRDA:438,46,0,0
BRDA:438,46,1,0
BRDA:445,47,0,0
BRDA:445,47,1,0
BRDA:452,48,0,0
BRDA:452,48,1,0
BRDA:459,49,0,0
BRDA:459,49,1,0
BRDA:463,50,0,0
BRDA:463,50,1,0
BRDA:464,51,0,0
BRDA:464,51,1,0
BRDA:475,52,0,0
BRDA:475,52,1,0
BRDA:476,53,0,0
BRDA:476,53,1,0
BRDA:506,54,0,0
BRDA:519,55,0,0
BRDA:520,56,0,0
BRDA:520,57,0,0
BRDA:520,57,1,0
BRDA:521,58,0,0
BRDA:521,59,0,0
BRDA:521,59,1,0
BRDA:526,60,0,0
BRDA:556,61,0,0
BRDA:563,62,0,0
BRDA:602,63,0,0
BRDA:602,63,1,0
BRDA:606,64,0,0
BRF:89
BRH:0
end_of_record
TN:
SF:src/controllers/messageController.ts
FN:12,(anonymous_8)
FN:25,(anonymous_10)
FN:37,(anonymous_12)
FN:59,(anonymous_13)
FN:73,(anonymous_15)
FN:87,(anonymous_17)
FN:101,(anonymous_19)
FN:113,(anonymous_21)
FN:131,(anonymous_22)
FN:204,(anonymous_24)
FN:216,(anonymous_26)
FN:238,(anonymous_27)
FN:250,(anonymous_29)
FN:281,(anonymous_30)
FN:293,(anonymous_32)
FN:324,(anonymous_33)
FN:373,(anonymous_35)
FN:386,(anonymous_37)
FN:395,(anonymous_38)
FN:421,(anonymous_39)
FN:436,(anonymous_40)
FN:450,(anonymous_42)
FNF:22
FNH:0
FNDA:0,(anonymous_8)
FNDA:0,(anonymous_10)
FNDA:0,(anonymous_12)
FNDA:0,(anonymous_13)
FNDA:0,(anonymous_15)
FNDA:0,(anonymous_17)
FNDA:0,(anonymous_19)
FNDA:0,(anonymous_21)
FNDA:0,(anonymous_22)
FNDA:0,(anonymous_24)
FNDA:0,(anonymous_26)
FNDA:0,(anonymous_27)
FNDA:0,(anonymous_29)
FNDA:0,(anonymous_30)
FNDA:0,(anonymous_32)
FNDA:0,(anonymous_33)
FNDA:0,(anonymous_35)
FNDA:0,(anonymous_37)
FNDA:0,(anonymous_38)
FNDA:0,(anonymous_39)
FNDA:0,(anonymous_40)
FNDA:0,(anonymous_42)
DA:2,0
DA:3,0
DA:4,0
DA:5,0
DA:6,0
DA:8,0
DA:13,0
DA:14,0
DA:15,0
DA:17,0
DA:18,0
DA:26,0
DA:27,0
DA:28,0
DA:30,0
DA:32,0
DA:33,0
DA:37,0
DA:38,0
DA:40,0
DA:41,0
DA:45,0
DA:46,0
DA:49,0
DA:51,0
DA:52,0
DA:60,0
DA:61,0
DA:62,0
DA:63,0
DA:65,0
DA:66,0
DA:74,0
DA:75,0
DA:76,0
DA:77,0
DA:79,0
DA:80,0
DA:88,0
DA:89,0
DA:90,0
DA:91,0
DA:93,0
DA:94,0
DA:102,0
DA:103,0
DA:104,0
DA:107,0
DA:109,0
DA:110,0
DA:113,0
DA:114,0
DA:116,0
DA:117,0
DA:120,0
DA:121,0
DA:123,0
DA:124,0
DA:132,0
DA:133,0
DA:134,0
DA:137,0
DA:138,0
DA:141,0
DA:144,0
DA:145,0
DA:146,0
DA:149,0
DA:150,0
DA:153,0
DA:155,0
DA:156,0
DA:157,0
DA:160,0
DA:162,0
DA:172,0
DA:186,0
DA:194,0
DA:196,0
DA:197,0
DA:205,0
DA:206,0
DA:207,0
DA:210,0
DA:212,0
DA:213,0
DA:216,0
DA:218,0
DA:219,0
DA:222,0
DA:224,0
DA:225,0
DA:228,0
DA:230,0
DA:231,0
DA:239,0
DA:240,0
DA:241,0
DA:244,0
DA:246,0
DA:247,0
DA:250,0
DA:252,0
DA:253,0
DA:256,0
DA:258,0
DA:259,0
DA:263,0
DA:271,0
DA:273,0
DA:274,0
DA:282,0
DA:283,0
DA:284,0
DA:287,0
DA:289,0
DA:290,0
DA:293,0
DA:295,0
DA:296,0
DA:299,0
DA:301,0
DA:302,0
DA:306,0
DA:314,0
DA:316,0
DA:317,0
DA:325,0
DA:326,0
DA:327,0
DA:330,0
DA:332,0
DA:333,0
DA:336,0
DA:337,0
DA:341,0
DA:342,0
DA:343,0
DA:344,0
DA:348,0
DA:350,0
DA:351,0
DA:355,0
DA:363,0
DA:365,0
DA:366,0
DA:374,0
DA:375,0
DA:376,0
DA:379,0
DA:381,0
DA:382,0
DA:383,0
DA:386,0
DA:387,0
DA:389,0
DA:390,0
DA:391,0
DA:395,0
DA:397,0
DA:398,0
DA:399,0
DA:403,0
DA:406,0
DA:407,0
DA:408,0
DA:412,0
DA:421,0
DA:422,0
DA:423,0
DA:424,0
DA:428,0
DA:429,0
DA:437,0
DA:438,0
DA:439,0
DA:440,0
DA:442,0
DA:443,0
DA:451,0
DA:452,0
DA:453,0
DA:455,0
DA:456,0
DA:459,0
DA:460,0
DA:462,0
DA:463,0
DA:468,0
LF:189
LH:0
BRDA:32,0,0,0
BRDA:40,1,0,0
BRDA:40,2,0,0
BRDA:40,2,1,0
BRDA:45,3,0,0
BRDA:109,4,0,0
BRDA:116,5,0,0
BRDA:116,6,0,0
BRDA:116,6,1,0
BRDA:137,7,0,0
BRDA:137,8,0,0
BRDA:137,8,1,0
BRDA:137,8,2,0
BRDA:137,8,3,0
BRDA:137,8,4,0
BRDA:144,9,0,0
BRDA:144,10,0,0
BRDA:144,10,1,0
BRDA:144,10,2,0
BRDA:145,11,0,0
BRDA:145,11,1,0
BRDA:149,12,0,0
BRDA:212,13,0,0
BRDA:218,14,0,0
BRDA:224,15,0,0
BRDA:246,16,0,0
BRDA:252,17,0,0
BRDA:258,18,0,0
BRDA:289,19,0,0
BRDA:295,20,0,0
BRDA:301,21,0,0
BRDA:332,22,0,0
BRDA:336,23,0,0
BRDA:343,24,0,0
BRDA:350,25,0,0
BRDA:381,26,0,0
BRDA:389,27,0,0
BRDA:389,28,0,0
BRDA:389,28,1,0
BRDA:397,29,0,0
BRDA:406,30,0,0
BRDA:422,31,0,0
BRDA:455,32,0,0
BRDA:455,33,0,0
BRDA:455,33,1,0
BRF:45
BRH:0
end_of_record
TN:
SF:src/controllers/monthlyContributionController.ts
FN:12,(anonymous_8)
FN:29,(anonymous_10)
FN:55,(anonymous_12)
FN:126,(anonymous_14)
FN:203,(anonymous_16)
FN:245,(anonymous_18)
FN:275,(anonymous_20)
FN:335,(anonymous_22)
FN:392,(anonymous_24)
FNF:9
FNH:0
FNDA:0,(anonymous_8)
FNDA:0,(anonymous_10)
FNDA:0,(anonymous_12)
FNDA:0,(anonymous_14)
FNDA:0,(anonymous_16)
FNDA:0,(anonymous_18)
FNDA:0,(anonymous_20)
FNDA:0,(anonymous_22)
FNDA:0,(anonymous_24)
DA:2,0
DA:3,0
DA:13,0
DA:14,0
DA:15,0
DA:17,0
DA:18,0
DA:30,0
DA:31,0
DA:32,0
DA:34,0
DA:35,0
DA:41,0
DA:43,0
DA:44,0
DA:56,0
DA:65,0
DA:68,0
DA:69,0
DA:76,0
DA:77,0
DA:84,0
DA:86,0
DA:97,0
DA:100,0
DA:108,0
DA:114,0
DA:115,0
DA:127,0
DA:128,0
DA:129,0
DA:132,0
DA:133,0
DA:140,0
DA:141,0
DA:148,0
DA:149,0
DA:152,0
DA:153,0
DA:156,0
DA:157,0
DA:160,0
DA:161,0
DA:164,0
DA:166,0
DA:167,0
DA:174,0
DA:177,0
DA:185,0
DA:191,0
DA:192,0
DA:204,0
DA:205,0
DA:207,0
DA:209,0
DA:210,0
DA:217,0
DA:220,0
DA:228,0
DA:233,0
DA:234,0
DA:246,0
DA:247,0
DA:250,0
DA:252,0
DA:253,0
DA:259,0
DA:261,0
DA:263,0
DA:264,0
DA:276,0
DA:277,0
DA:280,0
DA:281,0
DA:288,0
DA:290,0
DA:291,0
DA:297,0
DA:303,0
DA:306,0
DA:309,0
DA:317,0
DA:323,0
DA:324,0
DA:336,0
DA:337,0
DA:338,0
DA:341,0
DA:342,0
DA:349,0
DA:350,0
DA:353,0
DA:355,0
DA:356,0
DA:363,0
DA:366,0
DA:374,0
DA:380,0
DA:381,0
DA:393,0
DA:394,0
DA:396,0
DA:398,0
DA:399,0
DA:406,0
DA:409,0
DA:417,0
DA:422,0
DA:423,0
DA:432,0
LF:110
LH:0
BRDA:21,0,0,0
BRDA:21,0,1,0
BRDA:34,1,0,0
BRDA:47,2,0,0
BRDA:47,2,1,0
BRDA:68,3,0,0
BRDA:68,4,0,0
BRDA:68,4,1,0
BRDA:68,4,2,0
BRDA:68,4,3,0
BRDA:68,4,4,0
BRDA:68,4,5,0
BRDA:76,5,0,0
BRDA:76,6,0,0
BRDA:76,6,1,0
BRDA:84,7,0,0
BRDA:84,7,1,0
BRDA:84,8,0,0
BRDA:84,8,1,0
BRDA:118,9,0,0
BRDA:118,9,1,0
BRDA:132,10,0,0
BRDA:140,11,0,0
BRDA:140,12,0,0
BRDA:140,12,1,0
BRDA:140,12,2,0
BRDA:148,13,0,0
BRDA:152,14,0,0
BRDA:156,15,0,0
BRDA:160,16,0,0
BRDA:166,17,0,0
BRDA:174,18,0,0
BRDA:174,18,1,0
BRDA:174,19,0,0
BRDA:174,19,1,0
BRDA:195,20,0,0
BRDA:195,20,1,0
BRDA:209,21,0,0
BRDA:217,22,0,0
BRDA:217,22,1,0
BRDA:217,23,0,0
BRDA:217,23,1,0
BRDA:237,24,0,0
BRDA:237,24,1,0
BRDA:252,25,0,0
BRDA:267,26,0,0
BRDA:267,26,1,0
BRDA:280,27,0,0
BRDA:280,28,0,0
BRDA:280,28,1,0
BRDA:280,28,2,0
BRDA:290,29,0,0
BRDA:306,30,0,0
BRDA:306,30,1,0
BRDA:306,31,0,0
BRDA:306,31,1,0
BRDA:327,32,0,0
BRDA:327,32,1,0
BRDA:341,33,0,0
BRDA:349,34,0,0
BRDA:355,35,0,0
BRDA:363,36,0,0
BRDA:363,36,1,0
BRDA:363,37,0,0
BRDA:363,37,1,0
BRDA:384,38,0,0
BRDA:384,38,1,0
BRDA:398,39,0,0
BRDA:406,40,0,0
BRDA:406,40,1,0
BRDA:406,41,0,0
BRDA:406,41,1,0
BRDA:426,42,0,0
BRDA:426,42,1,0
BRF:74
BRH:0
end_of_record
TN:
SF:src/controllers/projectController.ts
FN:12,(anonymous_8)
FN:29,(anonymous_10)
FN:55,(anonymous_12)
FN:116,(anonymous_14)
FN:181,(anonymous_16)
FN:223,(anonymous_18)
FN:253,(anonymous_20)
FN:323,(anonymous_22)
FN:384,(anonymous_24)
FN:426,(anonymous_26)
FN:456,(anonymous_28)
FN:516,(anonymous_30)
FN:568,(anonymous_32)
FN:610,(anonymous_34)
FN:640,(anonymous_36)
FN:712,(anonymous_38)
FN:773,(anonymous_40)
FN:815,(anonymous_42)
FN:845,(anonymous_44)
FN:906,(anonymous_46)
FN:967,(anonymous_48)
FNF:21
FNH:0
FNDA:0,(anonymous_8)
FNDA:0,(anonymous_10)
FNDA:0,(anonymous_12)
FNDA:0,(anonymous_14)
FNDA:0,(anonymous_16)
FNDA:0,(anonymous_18)
FNDA:0,(anonymous_20)
FNDA:0,(anonymous_22)
FNDA:0,(anonymous_24)
FNDA:0,(anonymous_26)
FNDA:0,(anonymous_28)
FNDA:0,(anonymous_30)
FNDA:0,(anonymous_32)
FNDA:0,(anonymous_34)
FNDA:0,(anonymous_36)
FNDA:0,(anonymous_38)
FNDA:0,(anonymous_40)
FNDA:0,(anonymous_42)
FNDA:0,(anonymous_44)
FNDA:0,(anonymous_46)
FNDA:0,(anonymous_48)
DA:2,0
DA:3,0
DA:8,0
DA:13,0
DA:14,0
DA:15,0
DA:17,0
DA:18,0
DA:30,0
DA:31,0
DA:32,0
DA:34,0
DA:35,0
DA:41,0
DA:43,0
DA:44,0
DA:56,0
DA:64,0
DA:67,0
DA:68,0
DA:75,0
DA:77,0
DA:87,0
DA:90,0
DA:98,0
DA:104,0
DA:105,0
DA:117,0
DA:118,0
DA:119,0
DA:122,0
DA:123,0
DA:130,0
DA:131,0
DA:134,0
DA:135,0
DA:138,0
DA:139,0
DA:142,0
DA:144,0
DA:145,0
DA:152,0
DA:155,0
DA:163,0
DA:169,0
DA:170,0
DA:182,0
DA:183,0
DA:185,0
DA:187,0
DA:188,0
DA:195,0
DA:198,0
DA:206,0
DA:211,0
DA:212,0
DA:224,0
DA:225,0
DA:228,0
DA:230,0
DA:231,0
DA:237,0
DA:239,0
DA:241,0
DA:242,0
DA:254,0
DA:262,0
DA:265,0
DA:266,0
DA:273,0
DA:275,0
DA:276,0
DA:282,0
DA:291,0
DA:294,0
DA:297,0
DA:305,0
DA:311,0
DA:312,0
DA:324,0
DA:325,0
DA:326,0
DA:329,0
DA:330,0
DA:337,0
DA:338,0
DA:341,0
DA:342,0
DA:345,0
DA:347,0
DA:348,0
DA:355,0
DA:358,0
DA:366,0
DA:372,0
DA:373,0
DA:385,0
DA:386,0
DA:388,0
DA:390,0
DA:391,0
DA:398,0
DA:401,0
DA:409,0
DA:414,0
DA:415,0
DA:427,0
DA:428,0
DA:431,0
DA:433,0
DA:434,0
DA:440,0
DA:442,0
DA:444,0
DA:445,0
DA:457,0
DA:458,0
DA:461,0
DA:462,0
DA:469,0
DA:471,0
DA:472,0
DA:478,0
DA:484,0
DA:487,0
DA:490,0
DA:498,0
DA:504,0
DA:505,0
DA:517,0
DA:518,0
DA:519,0
DA:522,0
DA:523,0
DA:529,0
DA:531,0
DA:532,0
DA:539,0
DA:542,0
DA:550,0
DA:556,0
DA:557,0
DA:569,0
DA:570,0
DA:572,0
DA:574,0
DA:575,0
DA:582,0
DA:585,0
DA:593,0
DA:598,0
DA:599,0
DA:611,0
DA:612,0
DA:615,0
DA:617,0
DA:618,0
DA:624,0
DA:626,0
DA:628,0
DA:629,0
DA:641,0
DA:650,0
DA:653,0
DA:654,0
DA:661,0
DA:663,0
DA:664,0
DA:670,0
DA:680,0
DA:683,0
DA:686,0
DA:694,0
DA:700,0
DA:701,0
DA:713,0
DA:714,0
DA:715,0
DA:718,0
DA:719,0
DA:726,0
DA:727,0
DA:730,0
DA:731,0
DA:734,0
DA:736,0
DA:737,0
DA:744,0
DA:747,0
DA:755,0
DA:761,0
DA:762,0
DA:774,0
DA:775,0
DA:777,0
DA:779,0
DA:780,0
DA:787,0
DA:790,0
DA:798,0
DA:803,0
DA:804,0
DA:816,0
DA:817,0
DA:820,0
DA:822,0
DA:823,0
DA:829,0
DA:831,0
DA:833,0
DA:834,0
DA:846,0
DA:847,0
DA:850,0
DA:851,0
DA:858,0
DA:860,0
DA:861,0
DA:867,0
DA:874,0
DA:877,0
DA:880,0
DA:888,0
DA:894,0
DA:895,0
DA:907,0
DA:908,0
DA:909,0
DA:912,0
DA:913,0
DA:920,0
DA:921,0
DA:924,0
DA:925,0
DA:928,0
DA:930,0
DA:931,0
DA:938,0
DA:941,0
DA:949,0
DA:955,0
DA:956,0
DA:968,0
DA:969,0
DA:971,0
DA:973,0
DA:974,0
DA:981,0
DA:984,0
DA:992,0
DA:997,0
DA:998,0
LF:252
LH:0
BRDA:21,0,0,0
BRDA:21,0,1,0
BRDA:34,1,0,0
BRDA:47,2,0,0
BRDA:47,2,1,0
BRDA:67,3,0,0
BRDA:67,4,0,0
BRDA:67,4,1,0
BRDA:67,4,2,0
BRDA:75,5,0,0
BRDA:75,5,1,0
BRDA:75,6,0,0
BRDA:75,6,1,0
BRDA:81,7,0,0
BRDA:81,7,1,0
BRDA:82,8,0,0
BRDA:82,8,1,0
BRDA:108,9,0,0
BRDA:108,9,1,0
BRDA:122,10,0,0
BRDA:130,11,0,0
BRDA:134,12,0,0
BRDA:138,13,0,0
BRDA:144,14,0,0
BRDA:152,15,0,0
BRDA:152,15,1,0
BRDA:152,16,0,0
BRDA:152,16,1,0
BRDA:173,17,0,0
BRDA:173,17,1,0
BRDA:187,18,0,0
BRDA:195,19,0,0
BRDA:195,19,1,0
BRDA:195,20,0,0
BRDA:195,20,1,0
BRDA:215,21,0,0
BRDA:215,21,1,0
BRDA:230,22,0,0
BRDA:245,23,0,0
BRDA:245,23,1,0
BRDA:265,24,0,0
BRDA:265,25,0,0
BRDA:265,25,1,0
BRDA:265,25,2,0
BRDA:265,25,3,0
BRDA:275,26,0,0
BRDA:287,27,0,0
BRDA:287,27,1,0
BRDA:294,28,0,0
BRDA:294,28,1,0
BRDA:294,29,0,0
BRDA:294,29,1,0
BRDA:315,30,0,0
BRDA:315,30,1,0
BRDA:329,31,0,0
BRDA:337,32,0,0
BRDA:341,33,0,0
BRDA:347,34,0,0
BRDA:355,35,0,0
BRDA:355,35,1,0
BRDA:355,36,0,0
BRDA:355,36,1,0
BRDA:376,37,0,0
BRDA:376,37,1,0
BRDA:390,38,0,0
BRDA:398,39,0,0
BRDA:398,39,1,0
BRDA:398,40,0,0
BRDA:398,40,1,0
BRDA:418,41,0,0
BRDA:418,41,1,0
BRDA:433,42,0,0
BRDA:448,43,0,0
BRDA:448,43,1,0
BRDA:461,44,0,0
BRDA:461,45,0,0
BRDA:461,45,1,0
BRDA:461,45,2,0
BRDA:471,46,0,0
BRDA:487,47,0,0
BRDA:487,47,1,0
BRDA:487,48,0,0
BRDA:487,48,1,0
BRDA:508,49,0,0
BRDA:508,49,1,0
BRDA:522,50,0,0
BRDA:531,51,0,0
BRDA:539,52,0,0
BRDA:539,52,1,0
BRDA:539,53,0,0
BRDA:539,53,1,0
BRDA:560,54,0,0
BRDA:560,54,1,0
BRDA:574,55,0,0
BRDA:582,56,0,0
BRDA:582,56,1,0
BRDA:582,57,0,0
BRDA:582,57,1,0
BRDA:602,58,0,0
BRDA:602,58,1,0
BRDA:617,59,0,0
BRDA:632,60,0,0
BRDA:632,60,1,0
BRDA:653,61,0,0
BRDA:653,62,0,0
BRDA:653,62,1,0
BRDA:653,62,2,0
BRDA:653,62,3,0
BRDA:653,62,4,0
BRDA:653,62,5,0
BRDA:663,63,0,0
BRDA:683,64,0,0
BRDA:683,64,1,0
BRDA:683,65,0,0
BRDA:683,65,1,0
BRDA:704,66,0,0
BRDA:704,66,1,0
BRDA:718,67,0,0
BRDA:726,68,0,0
BRDA:730,69,0,0
BRDA:736,70,0,0
BRDA:744,71,0,0
BRDA:744,71,1,0
BRDA:744,72,0,0
BRDA:744,72,1,0
BRDA:765,73,0,0
BRDA:765,73,1,0
BRDA:779,74,0,0
BRDA:787,75,0,0
BRDA:787,75,1,0
BRDA:787,76,0,0
BRDA:787,76,1,0
BRDA:807,77,0,0
BRDA:807,77,1,0
BRDA:822,78,0,0
BRDA:837,79,0,0
BRDA:837,79,1,0
BRDA:850,80,0,0
BRDA:850,81,0,0
BRDA:850,81,1,0
BRDA:850,81,2,0
BRDA:860,82,0,0
BRDA:871,83,0,0
BRDA:871,83,1,0
BRDA:877,84,0,0
BRDA:877,84,1,0
BRDA:877,85,0,0
BRDA:877,85,1,0
BRDA:898,86,0,0
BRDA:898,86,1,0
BRDA:912,87,0,0
BRDA:920,88,0,0
BRDA:924,89,0,0
BRDA:930,90,0,0
BRDA:938,91,0,0
BRDA:938,91,1,0
BRDA:938,92,0,0
BRDA:938,92,1,0
BRDA:959,93,0,0
BRDA:959,93,1,0
BRDA:973,94,0,0
BRDA:981,95,0,0
BRDA:981,95,1,0
BRDA:981,96,0,0
BRDA:981,96,1,0
BRDA:1001,97,0,0
BRDA:1001,97,1,0
BRF:167
BRH:0
end_of_record
TN:
SF:src/controllers/userController.ts
FN:9,(anonymous_9)
FN:22,(anonymous_11)
FN:37,(anonymous_12)
FN:60,(anonymous_14)
FN:97,(anonymous_16)
FN:132,(anonymous_18)
FN:174,(anonymous_20)
FNF:7
FNH:0
FNDA:0,(anonymous_9)
FNDA:0,(anonymous_11)
FNDA:0,(anonymous_12)
FNDA:0,(anonymous_14)
FNDA:0,(anonymous_16)
FNDA:0,(anonymous_18)
FNDA:0,(anonymous_20)
DA:2,0
DA:3,0
DA:10,0
DA:11,0
DA:13,0
DA:19,0
DA:22,0
DA:23,0
DA:24,0
DA:27,0
DA:29,0
DA:30,0
DA:38,0
DA:39,0
DA:41,0
DA:43,0
DA:44,0
DA:48,0
DA:50,0
DA:52,0
DA:53,0
DA:61,0
DA:62,0
DA:65,0
DA:66,0
DA:70,0
DA:73,0
DA:74,0
DA:77,0
DA:79,0
DA:84,0
DA:86,0
DA:87,0
DA:90,0
DA:98,0
DA:99,0
DA:100,0
DA:103,0
DA:105,0
DA:106,0
DA:110,0
DA:113,0
DA:114,0
DA:117,0
DA:119,0
DA:124,0
DA:125,0
DA:133,0
DA:134,0
DA:135,0
DA:138,0
DA:139,0
DA:143,0
DA:145,0
DA:146,0
DA:150,0
DA:153,0
DA:154,0
DA:156,0
DA:166,0
DA:167,0
DA:175,0
DA:176,0
DA:179,0
DA:181,0
DA:182,0
DA:186,0
DA:189,0
DA:190,0
DA:192,0
DA:196,0
DA:197,0
DA:202,0
LF:73
LH:0
BRDA:43,0,0,0
BRDA:65,1,0,0
BRDA:65,2,0,0
BRDA:65,2,1,0
BRDA:65,2,2,0
BRDA:65,2,3,0
BRDA:86,3,0,0
BRDA:105,4,0,0
BRDA:138,5,0,0
BRDA:138,6,0,0
BRDA:138,6,1,0
BRDA:145,7,0,0
BRDA:181,8,0,0
BRF:13
BRH:0
end_of_record
TN:
SF:src/db/init-db.ts
FN:8,initDatabase
FNF:1
FNH:0
FNDA:0,initDatabase
DA:1,0
DA:2,0
DA:3,0
DA:9,0
DA:10,0
DA:13,0
DA:14,0
DA:17,0
DA:19,0
DA:22,0
DA:24,0
DA:25,0
DA:27,0
DA:28,0
DA:30,0
DA:35,0
DA:36,0
DA:37,0
DA:40,0
DA:42,0
DA:43,0
DA:48,0
LF:22
LH:0
BRDA:24,0,0,0
BRF:1
BRH:0
end_of_record
TN:
SF:src/db/migrate-data.ts
FN:24,migrateData
FN:96,migrateUsers
FN:177,migrateMonthlyContributionSessions
FN:182,migrateMonthlyContributionAssignments
FN:187,migrateEvents
FN:192,migrateEventParticipants
FN:197,migrateEventContributions
FN:202,migrateEventContributionAssignments
FN:207,migrateProjects
FN:212,migrateProjectPhases
FN:217,migrateProjectParticipants
FN:222,migrateProjectContributions
FN:227,migrateProjectContributionAssignments
FN:232,migrateDocumentCategories
FN:237,migrateDocuments
FN:242,migrateMessages
FN:247,migrateMessageRecipients
FN:252,migrateFamilyMembers
FN:257,migrateFamilyRelationships
FN:262,migrateContributions
FNF:20
FNH:0
FNDA:0,migrateData
FNDA:0,migrateUsers
FNDA:0,migrateMonthlyContributionSessions
FNDA:0,migrateMonthlyContributionAssignments
FNDA:0,migrateEvents
FNDA:0,migrateEventParticipants
FNDA:0,migrateEventContributions
FNDA:0,migrateEventContributionAssignments
FNDA:0,migrateProjects
FNDA:0,migrateProjectPhases
FNDA:0,migrateProjectParticipants
FNDA:0,migrateProjectContributions
FNDA:0,migrateProjectContributionAssignments
FNDA:0,migrateDocumentCategories
FNDA:0,migrateDocuments
FNDA:0,migrateMessages
FNDA:0,migrateMessageRecipients
FNDA:0,migrateFamilyMembers
FNDA:0,migrateFamilyRelationships
FNDA:0,migrateContributions
DA:1,0
DA:2,0
DA:3,0
DA:4,0
DA:7,0
DA:10,0
DA:11,0
DA:13,0
DA:14,0
DA:15,0
DA:19,0
DA:25,0
DA:26,0
DA:29,0
DA:32,0
DA:35,0
DA:38,0
DA:41,0
DA:44,0
DA:47,0
DA:50,0
DA:53,0
DA:56,0
DA:59,0
DA:62,0
DA:65,0
DA:68,0
DA:71,0
DA:74,0
DA:77,0
DA:80,0
DA:83,0
DA:85,0
DA:86,0
DA:88,0
DA:89,0
DA:97,0
DA:100,0
DA:104,0
DA:105,0
DA:108,0
DA:109,0
DA:110,0
DA:113,0
DA:116,0
DA:118,0
DA:120,0
DA:121,0
DA:124,0
DA:141,0
DA:144,0
DA:147,0
DA:169,0
DA:178,0
DA:183,0
DA:188,0
DA:193,0
DA:198,0
DA:203,0
DA:208,0
DA:213,0
DA:218,0
DA:223,0
DA:228,0
DA:233,0
DA:238,0
DA:243,0
DA:248,0
DA:253,0
DA:258,0
DA:263,0
DA:268,0
LF:72
LH:0
BRDA:13,0,0,0
BRDA:13,1,0,0
BRDA:13,1,1,0
BRDA:104,2,0,0
BRDA:108,3,0,0
BRDA:108,4,0,0
BRDA:108,4,1,0
BRDA:120,5,0,0
BRDA:120,5,1,0
BRDA:155,6,0,0
BRDA:155,6,1,0
BRDA:161,7,0,0
BRDA:161,7,1,0
BRDA:162,8,0,0
BRDA:162,8,1,0
BRDA:163,9,0,0
BRDA:163,9,1,0
BRF:17
BRH:0
end_of_record
TN:
SF:src/middleware/auth.ts
FN:10,(anonymous_1)
FN:32,(anonymous_2)
FNF:2
FNH:0
FNDA:0,(anonymous_1)
FNDA:0,(anonymous_2)
DA:2,0
DA:3,0
DA:6,0
DA:11,0
DA:32,0
DA:33,0
DA:35,0
DA:36,0
DA:37,0
DA:38,0
DA:41,0
DA:42,0
DA:45,0
DA:52,0
DA:54,0
DA:56,0
DA:57,0
LF:17
LH:0
BRDA:7,0,0,0
BRDA:7,0,1,0
BRDA:36,1,0,0
BRDA:36,2,0,0
BRDA:36,2,1,0
BRDA:42,3,0,0
BRDA:42,3,1,0
BRF:7
BRH:0
end_of_record
TN:
SF:src/middleware/authorize.ts
FN:10,(anonymous_1)
FN:28,(anonymous_2)
FN:29,(anonymous_3)
FNF:3
FNH:0
FNDA:0,(anonymous_1)
FNDA:0,(anonymous_2)
FNDA:0,(anonymous_3)
DA:3,0
DA:6,0
DA:11,0
DA:28,0
DA:29,0
DA:30,0
DA:31,0
DA:34,0
DA:35,0
DA:36,0
DA:40,0
DA:41,0
DA:42,0
DA:43,0
DA:46,0
DA:48,0
DA:49,0
LF:17
LH:0
BRDA:7,0,0,0
BRDA:7,0,1,0
BRDA:34,1,0,0
BRDA:40,2,0,0
BRDA:40,3,0,0
BRDA:40,3,1,0
BRF:6
BRH:0
end_of_record
TN:
SF:src/middlewares/authMiddleware.ts
FN:23,(anonymous_8)
FN:23,(anonymous_9)
FN:71,(anonymous_10)
FN:72,(anonymous_11)
FNF:4
FNH:0
FNDA:0,(anonymous_8)
FNDA:0,(anonymous_9)
FNDA:0,(anonymous_10)
FNDA:0,(anonymous_11)
DA:2,0
DA:3,0
DA:6,0
DA:23,0
DA:24,0
DA:26,0
DA:28,0
DA:29,0
DA:32,0
DA:35,0
DA:38,0
DA:40,0
DA:41,0
DA:44,0
DA:45,0
DA:49,0
DA:56,0
DA:58,0
DA:59,0
DA:62,0
DA:63,0
DA:71,0
DA:72,0
DA:73,0
DA:75,0
DA:76,0
DA:79,0
LF:27
LH:0
BRDA:6,0,0,0
BRDA:6,0,1,0
BRDA:28,1,0,0
BRDA:28,2,0,0
BRDA:28,2,1,0
BRDA:40,3,0,0
BRDA:44,4,0,0
BRDA:58,5,0,0
BRDA:73,6,0,0
BRDA:73,6,1,0
BRDA:73,7,0,0
BRDA:73,7,1,0
BRDA:75,8,0,0
BRDA:75,9,0,0
BRDA:75,9,1,0
BRF:15
BRH:0
end_of_record
TN:
SF:src/models/contributionModel.ts
FN:54,(anonymous_8)
FN:61,(anonymous_9)
FN:76,(anonymous_11)
FN:91,(anonymous_13)
FN:107,(anonymous_15)
FN:131,(anonymous_17)
FN:166,(anonymous_19)
FN:173,(anonymous_21)
FN:208,(anonymous_22)
FN:217,(anonymous_24)
FN:240,(anonymous_26)
FN:263,(anonymous_28)
FN:293,(anonymous_30)
FN:313,(anonymous_32)
FN:332,(anonymous_34)
FN:332,(anonymous_35)
FNF:16
FNH:0
FNDA:0,(anonymous_8)
FNDA:0,(anonymous_9)
FNDA:0,(anonymous_11)
FNDA:0,(anonymous_13)
FNDA:0,(anonymous_15)
FNDA:0,(anonymous_17)
FNDA:0,(anonymous_19)
FNDA:0,(anonymous_21)
FNDA:0,(anonymous_22)
FNDA:0,(anonymous_24)
FNDA:0,(anonymous_26)
FNDA:0,(anonymous_28)
FNDA:0,(anonymous_30)
FNDA:0,(anonymous_32)
FNDA:0,(anonymous_34)
FNDA:0,(anonymous_35)
DA:2,0
DA:3,0
DA:51,0
DA:55,0
DA:62,0
DA:69,0
DA:70,0
DA:77,0
DA:84,0
DA:85,0
DA:92,0
DA:100,0
DA:101,0
DA:108,0
DA:115,0
DA:117,0
DA:118,0
DA:119,0
DA:122,0
DA:124,0
DA:125,0
DA:132,0
DA:133,0
DA:135,0
DA:144,0
DA:159,0
DA:160,0
DA:168,0
DA:169,0
DA:170,0
DA:173,0
DA:174,0
DA:175,0
DA:176,0
DA:177,0
DA:182,0
DA:183,0
DA:184,0
DA:187,0
DA:190,0
DA:191,0
DA:194,0
DA:201,0
DA:202,0
DA:209,0
DA:210,0
DA:211,0
DA:218,0
DA:233,0
DA:234,0
DA:241,0
DA:256,0
DA:257,0
DA:264,0
DA:274,0
DA:276,0
DA:277,0
DA:278,0
DA:281,0
DA:286,0
DA:287,0
DA:294,0
DA:306,0
DA:307,0
DA:314,0
DA:325,0
DA:326,0
DA:332,0
DA:333,0
DA:347,0
DA:348,0
DA:352,0
LF:72
LH:0
BRDA:85,0,0,0
BRDA:85,0,1,0
BRDA:85,1,0,0
BRDA:85,1,1,0
BRDA:117,2,0,0
BRDA:152,3,0,0
BRDA:152,3,1,0
BRDA:153,4,0,0
BRDA:153,4,1,0
BRDA:154,5,0,0
BRDA:154,5,1,0
BRDA:174,6,0,0
BRDA:190,7,0,0
BRDA:202,8,0,0
BRDA:202,8,1,0
BRDA:211,9,0,0
BRDA:211,9,1,0
BRDA:276,10,0,0
BRDA:332,11,0,0
BRF:19
BRH:0
end_of_record
TN:
SF:src/models/documentModel.ts
FN:30,(anonymous_8)
FN:36,(anonymous_9)
FN:48,(anonymous_11)
FN:60,(anonymous_13)
FN:73,(anonymous_15)
FN:86,(anonymous_17)
FN:116,(anonymous_19)
FN:182,(anonymous_21)
FN:190,(anonymous_23)
FN:201,(anonymous_25)
FN:212,(anonymous_27)
FN:237,(anonymous_29)
FN:283,(anonymous_31)
FNF:13
FNH:0
FNDA:0,(anonymous_8)
FNDA:0,(anonymous_9)
FNDA:0,(anonymous_11)
FNDA:0,(anonymous_13)
FNDA:0,(anonymous_15)
FNDA:0,(anonymous_17)
FNDA:0,(anonymous_19)
FNDA:0,(anonymous_21)
FNDA:0,(anonymous_23)
FNDA:0,(anonymous_25)
FNDA:0,(anonymous_27)
FNDA:0,(anonymous_29)
FNDA:0,(anonymous_31)
DA:2,0
DA:3,0
DA:27,0
DA:31,0
DA:37,0
DA:44,0
DA:45,0
DA:49,0
DA:56,0
DA:57,0
DA:61,0
DA:69,0
DA:70,0
DA:74,0
DA:82,0
DA:83,0
DA:87,0
DA:88,0
DA:90,0
DA:99,0
DA:112,0
DA:113,0
DA:118,0
DA:119,0
DA:120,0
DA:124,0
DA:125,0
DA:126,0
DA:129,0
DA:130,0
DA:131,0
DA:134,0
DA:135,0
DA:136,0
DA:139,0
DA:140,0
DA:141,0
DA:144,0
DA:145,0
DA:146,0
DA:149,0
DA:150,0
DA:151,0
DA:154,0
DA:155,0
DA:156,0
DA:160,0
DA:161,0
DA:164,0
DA:167,0
DA:168,0
DA:171,0
DA:178,0
DA:179,0
DA:183,0
DA:184,0
DA:185,0
DA:191,0
DA:197,0
DA:198,0
DA:202,0
DA:208,0
DA:209,0
DA:213,0
DA:214,0
DA:216,0
DA:224,0
DA:233,0
DA:234,0
DA:239,0
DA:240,0
DA:241,0
DA:245,0
DA:246,0
DA:247,0
DA:250,0
DA:251,0
DA:252,0
DA:255,0
DA:256,0
DA:257,0
DA:261,0
DA:262,0
DA:265,0
DA:268,0
DA:269,0
DA:272,0
DA:279,0
DA:280,0
DA:285,0
DA:286,0
DA:288,0
DA:290,0
DA:294,0
DA:295,0
DA:296,0
LF:96
LH:0
BRDA:57,0,0,0
BRDA:57,0,1,0
BRDA:57,1,0,0
BRDA:57,1,1,0
BRDA:102,2,0,0
BRDA:102,2,1,0
BRDA:106,3,0,0
BRDA:106,3,1,0
BRDA:119,4,0,0
BRDA:129,5,0,0
BRDA:134,6,0,0
BRDA:139,7,0,0
BRDA:144,8,0,0
BRDA:149,9,0,0
BRDA:154,10,0,0
BRDA:167,11,0,0
BRDA:185,12,0,0
BRDA:185,12,1,0
BRDA:209,13,0,0
BRDA:209,13,1,0
BRDA:209,14,0,0
BRDA:209,14,1,0
BRDA:227,15,0,0
BRDA:227,15,1,0
BRDA:240,16,0,0
BRDA:250,17,0,0
BRDA:255,18,0,0
BRDA:268,19,0,0
BRDA:288,20,0,0
BRDA:296,21,0,0
BRDA:296,21,1,0
BRF:31
BRH:0
end_of_record
TN:
SF:src/models/eventModel.ts
FN:54,(anonymous_8)
FN:69,(anonymous_10)
FN:90,(anonymous_12)
FN:122,(anonymous_14)
FN:135,(anonymous_16)
FN:167,(anonymous_17)
FN:184,(anonymous_19)
FN:201,(anonymous_21)
FN:224,(anonymous_23)
FN:248,(anonymous_25)
FN:265,(anonymous_27)
FN:282,(anonymous_29)
FN:313,(anonymous_31)
FN:320,(anonymous_33)
FN:360,(anonymous_34)
FN:377,(anonymous_36)
FN:394,(anonymous_38)
FN:417,(anonymous_40)
FN:424,(anonymous_42)
FN:464,(anonymous_43)
FNF:20
FNH:0
FNDA:0,(anonymous_8)
FNDA:0,(anonymous_10)
FNDA:0,(anonymous_12)
FNDA:0,(anonymous_14)
FNDA:0,(anonymous_16)
FNDA:0,(anonymous_17)
FNDA:0,(anonymous_19)
FNDA:0,(anonymous_21)
FNDA:0,(anonymous_23)
FNDA:0,(anonymous_25)
FNDA:0,(anonymous_27)
FNDA:0,(anonymous_29)
FNDA:0,(anonymous_31)
FNDA:0,(anonymous_33)
FNDA:0,(anonymous_34)
FNDA:0,(anonymous_36)
FNDA:0,(anonymous_38)
FNDA:0,(anonymous_40)
FNDA:0,(anonymous_42)
FNDA:0,(anonymous_43)
DA:1,0
DA:2,0
DA:55,0
DA:56,0
DA:59,0
DA:61,0
DA:62,0
DA:70,0
DA:71,0
DA:76,0
DA:77,0
DA:80,0
DA:82,0
DA:83,0
DA:91,0
DA:92,0
DA:102,0
DA:104,0
DA:112,0
DA:114,0
DA:115,0
DA:123,0
DA:125,0
DA:126,0
DA:127,0
DA:131,0
DA:132,0
DA:133,0
DA:135,0
DA:136,0
DA:137,0
DA:138,0
DA:139,0
DA:143,0
DA:144,0
DA:147,0
DA:149,0
DA:157,0
DA:159,0
DA:160,0
DA:168,0
DA:169,0
DA:174,0
DA:176,0
DA:177,0
DA:185,0
DA:186,0
DA:191,0
DA:193,0
DA:194,0
DA:202,0
DA:203,0
DA:204,0
DA:206,0
DA:214,0
DA:216,0
DA:217,0
DA:225,0
DA:226,0
DA:234,0
DA:235,0
DA:238,0
DA:240,0
DA:241,0
DA:249,0
DA:250,0
DA:255,0
DA:257,0
DA:258,0
DA:266,0
DA:267,0
DA:272,0
DA:274,0
DA:275,0
DA:283,0
DA:284,0
DA:293,0
DA:295,0
DA:303,0
DA:305,0
DA:306,0
DA:314,0
DA:316,0
DA:317,0
DA:318,0
DA:320,0
DA:321,0
DA:322,0
DA:323,0
DA:324,0
DA:328,0
DA:329,0
DA:333,0
DA:336,0
DA:338,0
DA:346,0
DA:347,0
DA:350,0
DA:352,0
DA:353,0
DA:361,0
DA:362,0
DA:367,0
DA:369,0
DA:370,0
DA:378,0
DA:379,0
DA:384,0
DA:386,0
DA:387,0
DA:395,0
DA:396,0
DA:397,0
DA:399,0
DA:407,0
DA:409,0
DA:410,0
DA:418,0
DA:420,0
DA:421,0
DA:422,0
DA:424,0
DA:425,0
DA:426,0
DA:427,0
DA:428,0
DA:432,0
DA:433,0
DA:437,0
DA:440,0
DA:442,0
DA:450,0
DA:451,0
DA:454,0
DA:456,0
DA:457,0
DA:465,0
DA:466,0
DA:471,0
DA:473,0
DA:474,0
DA:479,0
LF:142
LH:0
BRDA:76,0,0,0
BRDA:126,1,0,0
BRDA:136,2,0,0
BRDA:143,3,0,0
BRDA:174,4,0,0
BRDA:174,4,1,0
BRDA:234,5,0,0
BRDA:255,6,0,0
BRDA:255,6,1,0
BRDA:321,7,0,0
BRDA:328,8,0,0
BRDA:333,9,0,0
BRDA:333,9,1,0
BRDA:346,10,0,0
BRDA:367,11,0,0
BRDA:367,11,1,0
BRDA:425,12,0,0
BRDA:432,13,0,0
BRDA:437,14,0,0
BRDA:437,14,1,0
BRDA:450,15,0,0
BRDA:471,16,0,0
BRDA:471,16,1,0
BRF:23
BRH:0
end_of_record
TN:
SF:src/models/familyModel.ts
FN:55,(anonymous_8)
FN:62,(anonymous_9)
FN:74,(anonymous_11)
FN:91,(anonymous_13)
FN:163,(anonymous_15)
FN:191,(anonymous_16)
FN:204,(anonymous_18)
FN:223,(anonymous_20)
FN:257,(anonymous_22)
FN:304,(anonymous_24)
FN:338,(anonymous_26)
FN:350,(anonymous_28)
FN:367,(anonymous_30)
FN:380,(anonymous_32)
FN:409,(anonymous_34)
FN:459,(anonymous_36)
FN:472,(anonymous_38)
FN:493,(anonymous_40)
FN:493,(anonymous_41)
FN:540,(anonymous_42)
FN:557,(anonymous_43)
FN:618,(anonymous_45)
FN:679,(anonymous_47)
FNF:23
FNH:0
FNDA:0,(anonymous_8)
FNDA:0,(anonymous_9)
FNDA:0,(anonymous_11)
FNDA:0,(anonymous_13)
FNDA:0,(anonymous_15)
FNDA:0,(anonymous_16)
FNDA:0,(anonymous_18)
FNDA:0,(anonymous_20)
FNDA:0,(anonymous_22)
FNDA:0,(anonymous_24)
FNDA:0,(anonymous_26)
FNDA:0,(anonymous_28)
FNDA:0,(anonymous_30)
FNDA:0,(anonymous_32)
FNDA:0,(anonymous_34)
FNDA:0,(anonymous_36)
FNDA:0,(anonymous_38)
FNDA:0,(anonymous_40)
FNDA:0,(anonymous_41)
FNDA:0,(anonymous_42)
FNDA:0,(anonymous_43)
FNDA:0,(anonymous_45)
FNDA:0,(anonymous_47)
DA:2,0
DA:3,0
DA:56,0
DA:63,0
DA:67,0
DA:68,0
DA:75,0
DA:79,0
DA:81,0
DA:82,0
DA:85,0
DA:93,0
DA:95,0
DA:96,0
DA:99,0
DA:109,0
DA:114,0
DA:115,0
DA:118,0
DA:123,0
DA:124,0
DA:127,0
DA:136,0
DA:137,0
DA:140,0
DA:149,0
DA:150,0
DA:153,0
DA:162,0
DA:163,0
DA:185,0
DA:192,0
DA:197,0
DA:198,0
DA:205,0
DA:216,0
DA:217,0
DA:224,0
DA:225,0
DA:235,0
DA:251,0
DA:259,0
DA:261,0
DA:262,0
DA:266,0
DA:267,0
DA:268,0
DA:271,0
DA:272,0
DA:273,0
DA:274,0
DA:275,0
DA:280,0
DA:283,0
DA:285,0
DA:292,0
DA:294,0
DA:295,0
DA:298,0
DA:305,0
DA:307,0
DA:308,0
DA:311,0
DA:315,0
DA:318,0
DA:323,0
DA:325,0
DA:326,0
DA:328,0
DA:329,0
DA:331,0
DA:339,0
DA:343,0
DA:344,0
DA:351,0
DA:355,0
DA:357,0
DA:358,0
DA:361,0
DA:368,0
DA:373,0
DA:374,0
DA:383,0
DA:384,0
DA:393,0
DA:403,0
DA:414,0
DA:416,0
DA:417,0
DA:421,0
DA:422,0
DA:423,0
DA:426,0
DA:427,0
DA:428,0
DA:429,0
DA:430,0
DA:435,0
DA:438,0
DA:440,0
DA:447,0
DA:449,0
DA:450,0
DA:453,0
DA:460,0
DA:465,0
DA:466,0
DA:473,0
DA:477,0
DA:479,0
DA:482,0
DA:484,0
DA:493,0
DA:495,0
DA:537,0
DA:540,0
DA:542,0
DA:546,0
DA:548,0
DA:562,0
DA:564,0
DA:565,0
DA:568,0
DA:569,0
DA:577,0
DA:585,0
DA:586,0
DA:594,0
DA:601,0
DA:603,0
DA:608,0
DA:609,0
DA:611,0
DA:623,0
DA:625,0
DA:626,0
DA:629,0
DA:630,0
DA:638,0
DA:646,0
DA:647,0
DA:655,0
DA:662,0
DA:664,0
DA:669,0
DA:670,0
DA:672,0
DA:686,0
DA:688,0
DA:689,0
DA:692,0
DA:693,0
DA:701,0
DA:711,0
DA:712,0
DA:720,0
DA:729,0
DA:731,0
DA:736,0
DA:737,0
DA:739,0
DA:744,0
LF:162
LH:0
BRDA:81,0,0,0
BRDA:95,1,0,0
BRDA:237,2,0,0
BRDA:237,2,1,0
BRDA:240,3,0,0
BRDA:240,3,1,0
BRDA:242,4,0,0
BRDA:242,4,1,0
BRDA:243,5,0,0
BRDA:243,5,1,0
BRDA:244,6,0,0
BRDA:244,6,1,0
BRDA:245,7,0,0
BRDA:245,7,1,0
BRDA:246,8,0,0
BRDA:246,8,1,0
BRDA:247,9,0,0
BRDA:247,9,1,0
BRDA:261,10,0,0
BRDA:272,11,0,0
BRDA:272,12,0,0
BRDA:272,12,1,0
BRDA:272,12,2,0
BRDA:274,13,0,0
BRDA:274,13,1,0
BRDA:294,14,0,0
BRDA:326,15,0,0
BRDA:326,15,1,0
BRDA:357,16,0,0
BRDA:398,17,0,0
BRDA:398,17,1,0
BRDA:399,18,0,0
BRDA:399,18,1,0
BRDA:400,19,0,0
BRDA:400,19,1,0
BRDA:416,20,0,0
BRDA:427,21,0,0
BRDA:427,22,0,0
BRDA:427,22,1,0
BRDA:427,22,2,0
BRDA:429,23,0,0
BRDA:429,23,1,0
BRDA:449,24,0,0
BRDA:466,25,0,0
BRDA:466,25,1,0
BRDA:493,26,0,0
BRDA:506,27,0,0
BRDA:506,27,1,0
BRDA:581,28,0,0
BRDA:581,28,1,0
BRDA:598,29,0,0
BRDA:598,29,1,0
BRDA:642,30,0,0
BRDA:642,30,1,0
BRDA:659,31,0,0
BRDA:659,31,1,0
BRDA:705,32,0,0
BRDA:705,32,1,0
BRDA:706,33,0,0
BRDA:706,33,1,0
BRDA:707,34,0,0
BRDA:707,34,1,0
BRDA:724,35,0,0
BRDA:724,35,1,0
BRDA:725,36,0,0
BRDA:725,36,1,0
BRDA:726,37,0,0
BRDA:726,37,1,0
BRF:68
BRH:0
end_of_record
TN:
SF:src/models/messageModel.ts
FN:70,(anonymous_8)
FN:77,(anonymous_9)
FN:89,(anonymous_11)
FN:114,(anonymous_13)
FN:136,(anonymous_14)
FN:162,(anonymous_16)
FN:188,(anonymous_18)
FN:214,(anonymous_20)
FN:255,(anonymous_22)
FN:279,(anonymous_23)
FN:357,(anonymous_25)
FN:371,(anonymous_27)
FN:385,(anonymous_29)
FN:399,(anonymous_31)
FN:440,(anonymous_33)
FN:453,(anonymous_35)
FNF:16
FNH:0
FNDA:0,(anonymous_8)
FNDA:0,(anonymous_9)
FNDA:0,(anonymous_11)
FNDA:0,(anonymous_13)
FNDA:0,(anonymous_14)
FNDA:0,(anonymous_16)
FNDA:0,(anonymous_18)
FNDA:0,(anonymous_20)
FNDA:0,(anonymous_22)
FNDA:0,(anonymous_23)
FNDA:0,(anonymous_25)
FNDA:0,(anonymous_27)
FNDA:0,(anonymous_29)
FNDA:0,(anonymous_31)
FNDA:0,(anonymous_33)
FNDA:0,(anonymous_35)
DA:2,0
DA:3,0
DA:71,0
DA:78,0
DA:82,0
DA:83,0
DA:91,0
DA:97,0
DA:99,0
DA:100,0
DA:103,0
DA:106,0
DA:112,0
DA:114,0
DA:122,0
DA:126,0
DA:128,0
DA:130,0
DA:137,0
DA:155,0
DA:156,0
DA:163,0
DA:181,0
DA:182,0
DA:189,0
DA:207,0
DA:208,0
DA:216,0
DA:220,0
DA:222,0
DA:223,0
DA:226,0
DA:229,0
DA:232,0
DA:233,0
DA:237,0
DA:239,0
DA:240,0
DA:245,0
DA:250,0
DA:252,0
DA:255,0
DA:256,0
DA:260,0
DA:263,0
DA:267,0
DA:269,0
DA:284,0
DA:286,0
DA:287,0
DA:290,0
DA:291,0
DA:299,0
DA:301,0
DA:311,0
DA:314,0
DA:315,0
DA:321,0
DA:325,0
DA:326,0
DA:327,0
DA:333,0
DA:344,0
DA:345,0
DA:347,0
DA:348,0
DA:350,0
DA:358,0
DA:364,0
DA:365,0
DA:372,0
DA:378,0
DA:379,0
DA:386,0
DA:392,0
DA:393,0
DA:400,0
DA:402,0
DA:403,0
DA:406,0
DA:410,0
DA:413,0
DA:417,0
DA:420,0
DA:425,0
DA:427,0
DA:428,0
DA:430,0
DA:431,0
DA:433,0
DA:441,0
DA:446,0
DA:447,0
DA:454,0
DA:476,0
DA:477,0
DA:481,0
LF:97
LH:0
BRDA:99,0,0,0
BRDA:222,1,0,0
BRDA:232,2,0,0
BRDA:239,3,0,0
BRDA:299,4,0,0
BRDA:299,4,1,0
BRDA:307,5,0,0
BRDA:307,5,1,0
BRDA:325,6,0,0
BRDA:325,7,0,0
BRDA:325,7,1,0
BRDA:365,8,0,0
BRDA:365,8,1,0
BRDA:379,9,0,0
BRDA:379,9,1,0
BRDA:393,10,0,0
BRDA:393,10,1,0
BRDA:428,11,0,0
BRDA:428,11,1,0
BRF:19
BRH:0
end_of_record
TN:
SF:src/models/monthlyContributionModel.ts
FN:31,(anonymous_8)
FN:46,(anonymous_10)
FN:67,(anonymous_12)
FN:90,(anonymous_14)
FN:103,(anonymous_16)
FN:135,(anonymous_17)
FN:152,(anonymous_19)
FN:169,(anonymous_21)
FN:192,(anonymous_23)
FN:199,(anonymous_25)
FN:239,(anonymous_26)
FNF:11
FNH:0
FNDA:0,(anonymous_8)
FNDA:0,(anonymous_10)
FNDA:0,(anonymous_12)
FNDA:0,(anonymous_14)
FNDA:0,(anonymous_16)
FNDA:0,(anonymous_17)
FNDA:0,(anonymous_19)
FNDA:0,(anonymous_21)
FNDA:0,(anonymous_23)
FNDA:0,(anonymous_25)
FNDA:0,(anonymous_26)
DA:1,0
DA:2,0
DA:32,0
DA:33,0
DA:36,0
DA:38,0
DA:39,0
DA:47,0
DA:48,0
DA:53,0
DA:54,0
DA:57,0
DA:59,0
DA:60,0
DA:68,0
DA:69,0
DA:70,0
DA:72,0
DA:80,0
DA:82,0
DA:83,0
DA:91,0
DA:93,0
DA:94,0
DA:95,0
DA:99,0
DA:100,0
DA:101,0
DA:103,0
DA:104,0
DA:105,0
DA:106,0
DA:107,0
DA:111,0
DA:112,0
DA:115,0
DA:117,0
DA:125,0
DA:127,0
DA:128,0
DA:136,0
DA:137,0
DA:142,0
DA:144,0
DA:145,0
DA:153,0
DA:154,0
DA:159,0
DA:161,0
DA:162,0
DA:170,0
DA:171,0
DA:172,0
DA:174,0
DA:182,0
DA:184,0
DA:185,0
DA:193,0
DA:195,0
DA:196,0
DA:197,0
DA:199,0
DA:200,0
DA:201,0
DA:202,0
DA:203,0
DA:207,0
DA:208,0
DA:212,0
DA:215,0
DA:217,0
DA:225,0
DA:226,0
DA:229,0
DA:231,0
DA:232,0
DA:240,0
DA:241,0
DA:246,0
DA:248,0
DA:249,0
DA:254,0
LF:82
LH:0
BRDA:53,0,0,0
BRDA:94,1,0,0
BRDA:104,2,0,0
BRDA:111,3,0,0
BRDA:142,4,0,0
BRDA:142,4,1,0
BRDA:200,5,0,0
BRDA:207,6,0,0
BRDA:212,7,0,0
BRDA:212,7,1,0
BRDA:225,8,0,0
BRDA:246,9,0,0
BRDA:246,9,1,0
BRF:13
BRH:0
end_of_record
TN:
SF:src/models/projectModel.ts
FN:83,(anonymous_8)
FN:90,(anonymous_9)
FN:103,(anonymous_11)
FN:116,(anonymous_13)
FN:149,(anonymous_15)
FN:156,(anonymous_17)
FN:191,(anonymous_18)
FN:208,(anonymous_20)
FN:222,(anonymous_22)
FN:254,(anonymous_24)
FN:261,(anonymous_26)
FN:296,(anonymous_27)
FN:306,(anonymous_29)
FN:322,(anonymous_31)
FN:350,(anonymous_33)
FN:367,(anonymous_35)
FN:377,(anonymous_37)
FN:393,(anonymous_39)
FN:426,(anonymous_41)
FN:433,(anonymous_43)
FN:468,(anonymous_44)
FN:478,(anonymous_46)
FN:494,(anonymous_48)
FN:523,(anonymous_50)
FN:530,(anonymous_52)
FN:565,(anonymous_53)
FNF:26
FNH:0
FNDA:0,(anonymous_8)
FNDA:0,(anonymous_9)
FNDA:0,(anonymous_11)
FNDA:0,(anonymous_13)
FNDA:0,(anonymous_15)
FNDA:0,(anonymous_17)
FNDA:0,(anonymous_18)
FNDA:0,(anonymous_20)
FNDA:0,(anonymous_22)
FNDA:0,(anonymous_24)
FNDA:0,(anonymous_26)
FNDA:0,(anonymous_27)
FNDA:0,(anonymous_29)
FNDA:0,(anonymous_31)
FNDA:0,(anonymous_33)
FNDA:0,(anonymous_35)
FNDA:0,(anonymous_37)
FNDA:0,(anonymous_39)
FNDA:0,(anonymous_41)
FNDA:0,(anonymous_43)
FNDA:0,(anonymous_44)
FNDA:0,(anonymous_46)
FNDA:0,(anonymous_48)
FNDA:0,(anonymous_50)
FNDA:0,(anonymous_52)
FNDA:0,(anonymous_53)
DA:2,0
DA:3,0
DA:84,0
DA:91,0
DA:96,0
DA:97,0
DA:104,0
DA:109,0
DA:110,0
DA:117,0
DA:118,0
DA:120,0
DA:129,0
DA:142,0
DA:143,0
DA:151,0
DA:152,0
DA:153,0
DA:156,0
DA:157,0
DA:158,0
DA:159,0
DA:160,0
DA:165,0
DA:166,0
DA:167,0
DA:170,0
DA:173,0
DA:174,0
DA:177,0
DA:184,0
DA:185,0
DA:193,0
DA:194,0
DA:195,0
DA:196,0
DA:199,0
DA:200,0
DA:202,0
DA:209,0
DA:215,0
DA:216,0
DA:223,0
DA:224,0
DA:226,0
DA:235,0
DA:247,0
DA:248,0
DA:256,0
DA:257,0
DA:258,0
DA:261,0
DA:262,0
DA:263,0
DA:264,0
DA:265,0
DA:270,0
DA:271,0
DA:272,0
DA:275,0
DA:278,0
DA:279,0
DA:282,0
DA:289,0
DA:290,0
DA:297,0
DA:298,0
DA:300,0
DA:307,0
DA:315,0
DA:316,0
DA:323,0
DA:324,0
DA:326,0
DA:334,0
DA:343,0
DA:344,0
DA:351,0
DA:353,0
DA:360,0
DA:361,0
DA:368,0
DA:369,0
DA:371,0
DA:378,0
DA:386,0
DA:387,0
DA:394,0
DA:395,0
DA:397,0
DA:406,0
DA:419,0
DA:420,0
DA:428,0
DA:429,0
DA:430,0
DA:433,0
DA:434,0
DA:435,0
DA:436,0
DA:437,0
DA:442,0
DA:443,0
DA:444,0
DA:447,0
DA:450,0
DA:451,0
DA:454,0
DA:461,0
DA:462,0
DA:469,0
DA:470,0
DA:472,0
DA:479,0
DA:487,0
DA:488,0
DA:495,0
DA:496,0
DA:498,0
DA:506,0
DA:516,0
DA:517,0
DA:525,0
DA:526,0
DA:527,0
DA:530,0
DA:531,0
DA:532,0
DA:533,0
DA:534,0
DA:539,0
DA:540,0
DA:541,0
DA:544,0
DA:547,0
DA:548,0
DA:551,0
DA:558,0
DA:559,0
DA:566,0
DA:567,0
DA:569,0
DA:573,0
LF:143
LH:0
BRDA:110,0,0,0
BRDA:110,0,1,0
BRDA:132,1,0,0
BRDA:132,1,1,0
BRDA:134,2,0,0
BRDA:134,2,1,0
BRDA:135,3,0,0
BRDA:135,3,1,0
BRDA:157,4,0,0
BRDA:173,5,0,0
BRDA:185,6,0,0
BRDA:185,6,1,0
BRDA:202,7,0,0
BRDA:202,7,1,0
BRDA:239,8,0,0
BRDA:239,8,1,0
BRDA:241,9,0,0
BRDA:241,9,1,0
BRDA:262,10,0,0
BRDA:278,11,0,0
BRDA:290,12,0,0
BRDA:290,12,1,0
BRDA:300,13,0,0
BRDA:300,13,1,0
BRDA:361,14,0,0
BRDA:361,14,1,0
BRDA:371,15,0,0
BRDA:371,15,1,0
BRDA:414,16,0,0
BRDA:414,16,1,0
BRDA:434,17,0,0
BRDA:450,18,0,0
BRDA:462,19,0,0
BRDA:462,19,1,0
BRDA:472,20,0,0
BRDA:472,20,1,0
BRDA:511,21,0,0
BRDA:511,21,1,0
BRDA:531,22,0,0
BRDA:547,23,0,0
BRDA:559,24,0,0
BRDA:559,24,1,0
BRDA:569,25,0,0
BRDA:569,25,1,0
BRF:44
BRH:0
end_of_record
TN:
SF:src/models/userModel.ts
FN:37,(anonymous_8)
FN:54,(anonymous_10)
FN:71,(anonymous_12)
FN:110,(anonymous_14)
FN:151,(anonymous_16)
FN:246,(anonymous_18)
FN:267,(anonymous_20)
FN:286,(anonymous_22)
FNF:8
FNH:0
FNDA:0,(anonymous_8)
FNDA:0,(anonymous_10)
FNDA:0,(anonymous_12)
FNDA:0,(anonymous_14)
FNDA:0,(anonymous_16)
FNDA:0,(anonymous_18)
FNDA:0,(anonymous_20)
FNDA:0,(anonymous_22)
DA:1,0
DA:2,0
DA:3,0
DA:38,0
DA:39,0
DA:44,0
DA:46,0
DA:47,0
DA:55,0
DA:56,0
DA:61,0
DA:63,0
DA:64,0
DA:72,0
DA:73,0
DA:74,0
DA:75,0
DA:77,0
DA:78,0
DA:79,0
DA:82,0
DA:83,0
DA:84,0
DA:87,0
DA:88,0
DA:89,0
DA:90,0
DA:93,0
DA:94,0
DA:97,0
DA:99,0
DA:100,0
DA:102,0
DA:103,0
DA:111,0
DA:113,0
DA:114,0
DA:115,0
DA:119,0
DA:121,0
DA:141,0
DA:143,0
DA:144,0
DA:152,0
DA:154,0
DA:155,0
DA:156,0
DA:160,0
DA:161,0
DA:162,0
DA:165,0
DA:166,0
DA:167,0
DA:168,0
DA:171,0
DA:172,0
DA:173,0
DA:174,0
DA:175,0
DA:178,0
DA:179,0
DA:180,0
DA:181,0
DA:184,0
DA:185,0
DA:186,0
DA:187,0
DA:190,0
DA:191,0
DA:192,0
DA:193,0
DA:196,0
DA:197,0
DA:198,0
DA:199,0
DA:202,0
DA:203,0
DA:204,0
DA:205,0
DA:208,0
DA:209,0
DA:210,0
DA:211,0
DA:214,0
DA:215,0
DA:216,0
DA:217,0
DA:221,0
DA:222,0
DA:226,0
DA:228,0
DA:235,0
DA:236,0
DA:238,0
DA:239,0
DA:247,0
DA:248,0
DA:253,0
DA:254,0
DA:257,0
DA:259,0
DA:260,0
DA:268,0
DA:269,0
DA:274,0
DA:275,0
DA:278,0
DA:279,0
DA:287,0
DA:288,0
DA:290,0
DA:291,0
DA:295,0
DA:300,0
DA:301,0
DA:303,0
DA:304,0
DA:307,0
DA:309,0
DA:310,0
DA:315,0
LF:121
LH:0
BRDA:44,0,0,0
BRDA:44,0,1,0
BRDA:61,1,0,0
BRDA:61,1,1,0
BRDA:77,2,0,0
BRDA:77,3,0,0
BRDA:77,3,1,0
BRDA:77,4,0,0
BRDA:77,4,1,0
BRDA:77,5,0,0
BRDA:77,5,1,0
BRDA:82,6,0,0
BRDA:82,7,0,0
BRDA:82,7,1,0
BRDA:82,8,0,0
BRDA:82,8,1,0
BRDA:82,9,0,0
BRDA:82,9,1,0
BRDA:87,10,0,0
BRDA:87,11,0,0
BRDA:87,11,1,0
BRDA:87,12,0,0
BRDA:87,12,1,0
BRDA:93,13,0,0
BRDA:114,14,0,0
BRDA:132,15,0,0
BRDA:132,15,1,0
BRDA:133,16,0,0
BRDA:133,16,1,0
BRDA:134,17,0,0
BRDA:134,17,1,0
BRDA:135,18,0,0
BRDA:135,18,1,0
BRDA:136,19,0,0
BRDA:136,19,1,0
BRDA:155,20,0,0
BRDA:165,21,0,0
BRDA:171,22,0,0
BRDA:178,23,0,0
BRDA:184,24,0,0
BRDA:190,25,0,0
BRDA:192,26,0,0
BRDA:192,26,1,0
BRDA:196,27,0,0
BRDA:198,28,0,0
BRDA:198,28,1,0
BRDA:202,29,0,0
BRDA:204,30,0,0
BRDA:204,30,1,0
BRDA:208,31,0,0
BRDA:210,32,0,0
BRDA:210,32,1,0
BRDA:214,33,0,0
BRDA:216,34,0,0
BRDA:216,34,1,0
BRDA:221,35,0,0
BRDA:253,36,0,0
BRDA:274,37,0,0
BRDA:290,38,0,0
BRDA:303,39,0,0
BRF:60
BRH:0
end_of_record
TN:
SF:src/routes/authRoutes.ts
FN:11,(anonymous_8)
FN:11,(anonymous_9)
FN:62,(anonymous_10)
FN:62,(anonymous_11)
FN:93,(anonymous_12)
FN:102,(anonymous_13)
FN:102,(anonymous_14)
FNF:7
FNH:0
FNDA:0,(anonymous_8)
FNDA:0,(anonymous_9)
FNDA:0,(anonymous_10)
FNDA:0,(anonymous_11)
FNDA:0,(anonymous_12)
FNDA:0,(anonymous_13)
FNDA:0,(anonymous_14)
DA:1,0
DA:3,0
DA:4,0
DA:5,0
DA:7,0
DA:8,0
DA:11,0
DA:12,0
DA:13,0
DA:16,0
DA:17,0
DA:21,0
DA:23,0
DA:24,0
DA:28,0
DA:29,0
DA:33,0
DA:44,0
DA:56,0
DA:57,0
DA:62,0
DA:63,0
DA:65,0
DA:67,0
DA:69,0
DA:70,0
DA:74,0
DA:88,0
DA:89,0
DA:93,0
DA:94,0
DA:95,0
DA:97,0
DA:98,0
DA:102,0
DA:103,0
DA:104,0
DA:105,0
DA:108,0
DA:109,0
DA:113,0
DA:115,0
DA:116,0
DA:120,0
DA:122,0
DA:123,0
DA:127,0
DA:129,0
DA:131,0
DA:132,0
DA:136,0
LF:51
LH:0
BRDA:8,0,0,0
BRDA:8,0,1,0
BRDA:16,1,0,0
BRDA:16,2,0,0
BRDA:16,2,1,0
BRDA:23,3,0,0
BRDA:28,4,0,0
BRDA:69,5,0,0
BRDA:108,6,0,0
BRDA:108,7,0,0
BRDA:108,7,1,0
BRDA:115,8,0,0
BRDA:122,9,0,0
BRF:13
BRH:0
end_of_record
TN:
SF:src/routes/contributionRoutes.ts
FN:11,(anonymous_1)
FN:15,(anonymous_2)
FN:26,(anonymous_3)
FN:44,(anonymous_4)
FN:45,(anonymous_5)
FN:51,(anonymous_6)
FN:52,(anonymous_7)
FN:58,(anonymous_8)
FN:59,(anonymous_9)
FNF:9
FNH:0
FNDA:0,(anonymous_1)
FNDA:0,(anonymous_2)
FNDA:0,(anonymous_3)
FNDA:0,(anonymous_4)
FNDA:0,(anonymous_5)
FNDA:0,(anonymous_6)
FNDA:0,(anonymous_7)
FNDA:0,(anonymous_8)
FNDA:0,(anonymous_9)
DA:1,0
DA:2,0
DA:3,0
DA:4,0
DA:5,0
DA:7,0
DA:10,0
DA:12,0
DA:13,0
DA:17,0
DA:21,0
DA:28,0
DA:35,0
DA:36,0
DA:38,0
DA:44,0
DA:45,0
DA:46,0
DA:51,0
DA:52,0
DA:53,0
DA:58,0
DA:59,0
DA:60,0
DA:65,0
DA:68,0
DA:69,0
DA:70,0
DA:71,0
DA:72,0
DA:73,0
DA:74,0
DA:75,0
DA:76,0
DA:77,0
DA:78,0
DA:81,0
DA:82,0
DA:83,0
DA:85,0
LF:40
LH:0
BRDA:12,0,0,0
BRDA:12,0,1,0
BRDA:35,1,0,0
BRDA:35,1,1,0
BRF:4
BRH:0
end_of_record
TN:
SF:src/routes/documentRoutes.ts
FN:12,(anonymous_1)
FN:16,(anonymous_2)
FN:27,(anonymous_3)
FN:49,(anonymous_4)
FN:50,(anonymous_5)
FN:56,(anonymous_6)
FN:57,(anonymous_7)
FN:63,(anonymous_8)
FN:64,(anonymous_9)
FNF:9
FNH:0
FNDA:0,(anonymous_1)
FNDA:0,(anonymous_2)
FNDA:0,(anonymous_3)
FNDA:0,(anonymous_4)
FNDA:0,(anonymous_5)
FNDA:0,(anonymous_6)
FNDA:0,(anonymous_7)
FNDA:0,(anonymous_8)
FNDA:0,(anonymous_9)
DA:1,0
DA:2,0
DA:3,0
DA:4,0
DA:5,0
DA:7,0
DA:8,0
DA:11,0
DA:13,0
DA:14,0
DA:18,0
DA:22,0
DA:29,0
DA:40,0
DA:41,0
DA:43,0
DA:49,0
DA:50,0
DA:51,0
DA:56,0
DA:57,0
DA:58,0
DA:63,0
DA:64,0
DA:65,0
DA:70,0
DA:73,0
DA:74,0
DA:75,0
DA:76,0
DA:77,0
DA:78,0
DA:79,0
DA:80,0
DA:83,0
DA:84,0
DA:85,0
DA:86,0
DA:87,0
DA:89,0
LF:40
LH:0
BRDA:13,0,0,0
BRDA:13,0,1,0
BRDA:40,1,0,0
BRDA:40,1,1,0
BRF:4
BRH:0
end_of_record
TN:
SF:src/routes/eventRoutes.ts
FN:15,(anonymous_1)
FN:29,(anonymous_2)
FN:44,(anonymous_3)
FN:59,(anonymous_4)
FN:74,(anonymous_5)
FN:88,(anonymous_6)
FN:103,(anonymous_7)
FN:117,(anonymous_8)
FN:132,(anonymous_9)
FN:146,(anonymous_10)
FN:161,(anonymous_11)
FN:176,(anonymous_12)
FN:191,(anonymous_13)
FN:205,(anonymous_14)
FN:220,(anonymous_15)
FN:235,(anonymous_16)
FN:250,(anonymous_17)
FNF:17
FNH:0
FNDA:0,(anonymous_1)
FNDA:0,(anonymous_2)
FNDA:0,(anonymous_3)
FNDA:0,(anonymous_4)
FNDA:0,(anonymous_5)
FNDA:0,(anonymous_6)
FNDA:0,(anonymous_7)
FNDA:0,(anonymous_8)
FNDA:0,(anonymous_9)
FNDA:0,(anonymous_10)
FNDA:0,(anonymous_11)
FNDA:0,(anonymous_12)
FNDA:0,(anonymous_13)
FNDA:0,(anonymous_14)
FNDA:0,(anonymous_15)
FNDA:0,(anonymous_16)
FNDA:0,(anonymous_17)
DA:1,0
DA:2,0
DA:3,0
DA:5,0
DA:12,0
DA:16,0
DA:26,0
DA:30,0
DA:40,0
DA:45,0
DA:55,0
DA:60,0
DA:70,0
DA:75,0
DA:85,0
DA:89,0
DA:99,0
DA:104,0
DA:114,0
DA:118,0
DA:128,0
DA:133,0
DA:143,0
DA:147,0
DA:157,0
DA:162,0
DA:172,0
DA:177,0
DA:187,0
DA:192,0
DA:202,0
DA:206,0
DA:216,0
DA:221,0
DA:231,0
DA:236,0
DA:246,0
DA:251,0
DA:256,0
LF:39
LH:0
BRF:0
BRH:0
end_of_record
TN:
SF:src/routes/familyRoutes.ts
FN:13,(anonymous_1)
FN:17,(anonymous_2)
FN:25,(anonymous_3)
FNF:3
FNH:0
FNDA:0,(anonymous_1)
FNDA:0,(anonymous_2)
FNDA:0,(anonymous_3)
DA:1,0
DA:2,0
DA:3,0
DA:4,0
DA:6,0
DA:7,0
DA:9,0
DA:12,0
DA:15,0
DA:19,0
DA:20,0
DA:25,0
DA:27,0
DA:28,0
DA:30,0
DA:34,0
DA:43,0
DA:46,0
DA:47,0
DA:48,0
DA:49,0
DA:50,0
DA:51,0
DA:52,0
DA:53,0
DA:54,0
DA:57,0
DA:58,0
DA:59,0
DA:60,0
DA:61,0
DA:62,0
DA:65,0
DA:66,0
DA:68,0
LF:35
LH:0
BRDA:27,0,0,0
BRDA:27,0,1,0
BRF:2
BRH:0
end_of_record
TN:
SF:src/routes/messageRoutes.ts
FN:11,(anonymous_1)
FN:15,(anonymous_2)
FN:26,(anonymous_3)
FN:49,(anonymous_4)
FN:50,(anonymous_5)
FN:56,(anonymous_6)
FN:57,(anonymous_7)
FN:63,(anonymous_8)
FN:64,(anonymous_9)
FNF:9
FNH:0
FNDA:0,(anonymous_1)
FNDA:0,(anonymous_2)
FNDA:0,(anonymous_3)
FNDA:0,(anonymous_4)
FNDA:0,(anonymous_5)
FNDA:0,(anonymous_6)
FNDA:0,(anonymous_7)
FNDA:0,(anonymous_8)
FNDA:0,(anonymous_9)
DA:1,0
DA:2,0
DA:3,0
DA:4,0
DA:5,0
DA:7,0
DA:10,0
DA:12,0
DA:13,0
DA:17,0
DA:21,0
DA:28,0
DA:40,0
DA:41,0
DA:43,0
DA:49,0
DA:50,0
DA:51,0
DA:56,0
DA:57,0
DA:58,0
DA:63,0
DA:64,0
DA:65,0
DA:70,0
DA:73,0
DA:74,0
DA:75,0
DA:76,0
DA:77,0
DA:78,0
DA:79,0
DA:80,0
DA:82,0
DA:83,0
DA:84,0
DA:85,0
DA:88,0
DA:91,0
DA:93,0
LF:40
LH:0
BRDA:12,0,0,0
BRDA:12,0,1,0
BRDA:40,1,0,0
BRDA:40,1,1,0
BRF:4
BRH:0
end_of_record
TN:
SF:src/routes/monthlyContributionRoutes.ts
FN:15,(anonymous_1)
FN:29,(anonymous_2)
FN:44,(anonymous_3)
FN:59,(anonymous_4)
FN:74,(anonymous_5)
FN:88,(anonymous_6)
FN:103,(anonymous_7)
FN:118,(anonymous_8)
FN:133,(anonymous_9)
FNF:9
FNH:0
FNDA:0,(anonymous_1)
FNDA:0,(anonymous_2)
FNDA:0,(anonymous_3)
FNDA:0,(anonymous_4)
FNDA:0,(anonymous_5)
FNDA:0,(anonymous_6)
FNDA:0,(anonymous_7)
FNDA:0,(anonymous_8)
FNDA:0,(anonymous_9)
DA:1,0
DA:2,0
DA:3,0
DA:5,0
DA:12,0
DA:16,0
DA:26,0
DA:30,0
DA:40,0
DA:45,0
DA:55,0
DA:60,0
DA:70,0
DA:75,0
DA:85,0
DA:89,0
DA:99,0
DA:104,0
DA:114,0
DA:119,0
DA:129,0
DA:134,0
DA:139,0
LF:23
LH:0
BRF:0
BRH:0
end_of_record
TN:
SF:src/routes/projectRoutes.ts
FN:9,(anonymous_1)
FN:10,(anonymous_2)
FN:16,(anonymous_3)
FN:17,(anonymous_4)
FN:23,(anonymous_5)
FN:24,(anonymous_6)
FNF:6
FNH:0
FNDA:0,(anonymous_1)
FNDA:0,(anonymous_2)
FNDA:0,(anonymous_3)
FNDA:0,(anonymous_4)
FNDA:0,(anonymous_5)
FNDA:0,(anonymous_6)
DA:1,0
DA:2,0
DA:3,0
DA:5,0
DA:6,0
DA:9,0
DA:10,0
DA:11,0
DA:16,0
DA:17,0
DA:18,0
DA:23,0
DA:24,0
DA:25,0
DA:30,0
DA:33,0
DA:34,0
DA:35,0
DA:36,0
DA:37,0
DA:40,0
DA:41,0
DA:42,0
DA:43,0
DA:46,0
DA:47,0
DA:48,0
DA:49,0
DA:52,0
DA:53,0
DA:54,0
DA:55,0
DA:58,0
DA:59,0
DA:60,0
DA:61,0
DA:63,0
LF:37
LH:0
BRF:0
BRH:0
end_of_record
TN:
SF:src/routes/userRoutes.ts
FN:12,(anonymous_8)
FN:12,(anonymous_9)
FN:22,(anonymous_10)
FN:22,(anonymous_11)
FN:56,(anonymous_12)
FN:56,(anonymous_13)
FN:94,(anonymous_14)
FN:94,(anonymous_15)
FN:128,(anonymous_16)
FN:128,(anonymous_17)
FN:158,(anonymous_18)
FN:158,(anonymous_19)
FNF:12
FNH:0
FNDA:0,(anonymous_8)
FNDA:0,(anonymous_9)
FNDA:0,(anonymous_10)
FNDA:0,(anonymous_11)
FNDA:0,(anonymous_12)
FNDA:0,(anonymous_13)
FNDA:0,(anonymous_14)
FNDA:0,(anonymous_15)
FNDA:0,(anonymous_16)
FNDA:0,(anonymous_17)
FNDA:0,(anonymous_18)
FNDA:0,(anonymous_19)
DA:1,0
DA:3,0
DA:4,0
DA:6,0
DA:9,0
DA:12,0
DA:13,0
DA:14,0
DA:15,0
DA:17,0
DA:18,0
DA:22,0
DA:23,0
DA:24,0
DA:27,0
DA:28,0
DA:32,0
DA:33,0
DA:34,0
DA:38,0
DA:41,0
DA:50,0
DA:51,0
DA:56,0
DA:57,0
DA:58,0
DA:59,0
DA:60,0
DA:63,0
DA:64,0
DA:67,0
DA:69,0
DA:70,0
DA:74,0
DA:88,0
DA:89,0
DA:94,0
DA:95,0
DA:96,0
DA:97,0
DA:100,0
DA:101,0
DA:102,0
DA:106,0
DA:109,0
DA:123,0
DA:124,0
DA:128,0
DA:129,0
DA:130,0
DA:131,0
DA:134,0
DA:135,0
DA:139,0
DA:140,0
DA:141,0
DA:145,0
DA:147,0
DA:153,0
DA:154,0
DA:158,0
DA:159,0
DA:160,0
DA:161,0
DA:164,0
DA:165,0
DA:169,0
DA:170,0
DA:171,0
DA:175,0
DA:177,0
DA:179,0
DA:180,0
DA:184,0
LF:74
LH:0
BRDA:27,0,0,0
BRDA:27,1,0,0
BRDA:27,1,1,0
BRDA:27,1,2,0
BRDA:27,1,3,0
BRDA:33,2,0,0
BRDA:63,3,0,0
BRDA:63,4,0,0
BRDA:63,4,1,0
BRDA:69,5,0,0
BRDA:101,6,0,0
BRDA:134,7,0,0
BRDA:134,8,0,0
BRDA:134,8,1,0
BRDA:140,9,0,0
BRDA:164,10,0,0
BRDA:170,11,0,0
BRF:17
BRH:0
end_of_record
TN:
SF:src/utils/audit.ts
FN:19,logAuditEvent
FN:42,createAuditLog
FNF:2
FNH:0
FNDA:0,logAuditEvent
FNDA:0,createAuditLog
DA:1,0
DA:2,0
DA:19,0
DA:26,0
DA:27,0
DA:33,0
DA:42,0
DA:43,0
DA:44,0
DA:46,0
DA:52,0
LF:11
LH:0
BRDA:30,0,0,0
BRDA:30,0,1,0
BRDA:30,1,0,0
BRDA:30,1,1,0
BRDA:30,2,0,0
BRDA:30,2,1,0
BRDA:49,3,0,0
BRDA:49,3,1,0
BRDA:49,4,0,0
BRDA:49,4,1,0
BRDA:49,5,0,0
BRDA:49,5,1,0
BRF:12
BRH:0
end_of_record
TN:
SF:src/utils/logger.ts
FN:7,(anonymous_1)
FNF:1
FNH:0
FNDA:0,(anonymous_1)
DA:1,0
DA:2,0
DA:5,0
DA:8,0
DA:13,0
LF:5
LH:0
BRDA:14,0,0,0
BRDA:14,0,1,0
BRF:2
BRH:0
end_of_record
TN:
SF:src/utils/routeWrappers.ts
FN:7,(anonymous_0)
FN:8,(anonymous_1)
FN:16,(anonymous_2)
FN:17,(anonymous_3)
FN:25,(anonymous_4)
FN:26,(anonymous_5)
FNF:6
FNH:0
FNDA:0,(anonymous_0)
FNDA:0,(anonymous_1)
FNDA:0,(anonymous_2)
FNDA:0,(anonymous_3)
FNDA:0,(anonymous_4)
FNDA:0,(anonymous_5)
DA:2,0
DA:7,0
DA:8,0
DA:9,0
DA:16,0
DA:17,0
DA:18,0
DA:25,0
DA:26,0
DA:27,0
LF:10
LH:0
BRF:0
BRH:0
end_of_record
